#
# A fatal error has been detected by the Java Runtime Environment:
#
#  EXCEPTION_ACCESS_VIOLATION (0xc0000005) at pc=0x00007ffc9af95018, pid=20896, tid=5616
#
# JRE version: OpenJDK Runtime Environment Temurin-17.0.2+8 (17.0.2+8) (build 17.0.2+8)
# Java VM: OpenJDK 64-Bit Server VM Temurin-17.0.2+8 (17.0.2+8, mixed mode, emulated-client, tiered, compressed oops, compressed class ptrs, g1 gc, windows-amd64)
# Problematic frame:
# C  0x00007ffc9af95018
#
# No core dump will be written. Minidumps are not enabled by default on client versions of Windows
#
# If you would like to submit a bug report, please visit:
#   https://github.com/adoptium/adoptium-support/issues
# The crash happened outside the Java Virtual Machine in native code.
# See problematic frame for where to report the bug.
#

---------------  S U M M A R Y ------------

Command Line: -XX:+ShowCodeDetailsInExceptionMessages -agentlib:jdwp=transport=dt_socket,suspend=y,address=localhost:62891 -Dcom.sun.management.jmxremote -Dcom.sun.management.jmxremote.port=62889 -Dcom.sun.management.jmxremote.authenticate=false -Dcom.sun.management.jmxremote.ssl=false -Djava.rmi.server.hostname=localhost -Dspring.jmx.enabled=true -Dspring.application.admin.enabled=true -XX:TieredStopAtLevel=1 -Dspring.boot.project.name=PrimeProduct -javaagent:C:\Users\LPT128\Downloads\sts-4.14.1.RELEASE\configuration\org.eclipse.osgi\265\0\.cp\lib\javaagent-shaded.jar -Dfile.encoding=UTF-8 com.mdsl.PrimeProductApplication --spring.output.ansi.enabled=always

Host: AMD Ryzen 5 5500U with Radeon Graphics         , 12 cores, 15G,  Windows 11 , 64 bit Build 22000 (10.0.22000.282)
Time: Tue Aug  9 00:10:06 2022 India Standard Time elapsed time: 348.744184 seconds (0d 0h 5m 48s)

---------------  T H R E A D  ---------------

Current thread (0x000001ec8efcbc60):  JavaThread "Thread-7" [_thread_in_native, id=5616, stack(0x000000d349000000,0x000000d349100000)]

Stack: [0x000000d349000000,0x000000d349100000],  sp=0x000000d3490fe5f0,  free space=1017k
Native frames: (J=compiled Java code, j=interpreted, Vv=VM code, C=native code)
C  0x00007ffc9af95018

Java frames: (J=compiled Java code, j=interpreted, Vv=VM code)
j  sun.nio.ch.Net.shutdown(Ljava/io/FileDescriptor;I)V+0 java.base@17.0.2
j  sun.nio.ch.NioSocketImpl.close()V+63 java.base@17.0.2
j  java.net.SocksSocketImpl.close()V+23 java.base@17.0.2
j  java.net.Socket.close()V+28 java.base@17.0.2
j  org.apache.tomcat.util.net.AbstractEndpoint.unlockAccept()V+307
j  org.apache.tomcat.util.net.NioEndpoint.unlockAccept()V+8
j  org.apache.tomcat.util.net.AbstractEndpoint.closeServerSocketGraceful()V+23
j  org.apache.coyote.AbstractProtocol.closeServerSocketGraceful()V+4
j  org.apache.catalina.core.StandardService.stopInternal()V+35
j  org.apache.catalina.util.LifecycleBase.stop()V+214
j  org.apache.catalina.core.StandardServer.stopInternal()V+82
j  org.apache.catalina.util.LifecycleBase.stop()V+214
j  org.apache.catalina.startup.Tomcat.stop()V+9
j  org.springframework.boot.web.embedded.tomcat.TomcatWebServer.stopTomcat()V+29
j  org.springframework.boot.web.embedded.tomcat.TomcatWebServer.stop()V+32
j  org.springframework.boot.web.servlet.context.WebServerStartStopLifecycle.stop()V+4
j  org.springframework.context.SmartLifecycle.stop(Ljava/lang/Runnable;)V+1
j  org.springframework.context.support.DefaultLifecycleProcessor.doStop(Ljava/util/Map;Ljava/lang/String;Ljava/util/concurrent/CountDownLatch;Ljava/util/Set;)V+174
j  org.springframework.context.support.DefaultLifecycleProcessor.access$300(Lorg/springframework/context/support/DefaultLifecycleProcessor;Ljava/util/Map;Ljava/lang/String;Ljava/util/concurrent/CountDownLatch;Ljava/util/Set;)V+6
j  org.springframework.context.support.DefaultLifecycleProcessor$LifecycleGroup.stop()V+176
j  org.springframework.context.support.DefaultLifecycleProcessor.stopBeans()V+100
j  org.springframework.context.support.DefaultLifecycleProcessor.onClose()V+1
j  org.springframework.context.support.AbstractApplicationContext.doClose()V+111
j  org.springframework.boot.web.servlet.context.ServletWebServerApplicationContext.doClose()V+15
j  org.springframework.context.support.AbstractApplicationContext.close()V+8
j  org.springframework.boot.devtools.restart.Restarter.stop()V+50
j  org.springframework.boot.devtools.restart.Restarter.lambda$restart$1(Lorg/springframework/boot/devtools/restart/FailureHandler;)Ljava/lang/Object;+1
j  org.springframework.boot.devtools.restart.Restarter$$Lambda$1149+0x000000080085b358.call()Ljava/lang/Object;+8
j  org.springframework.boot.devtools.restart.Restarter$LeakSafeThread.run()V+28
v  ~StubRoutines::call_stub

siginfo: EXCEPTION_ACCESS_VIOLATION (0xc0000005), data execution prevention violation at address 0x00007ffc9af95018


Register to memory mapping:

RIP=0x00007ffc9af95018 is an unknown value
RAX=0x000001ec917c78e0 points into unknown readable memory: 0x000001ec8efd55e0 | e0 55 fd 8e ec 01 00 00
RBX=0x000001ec8efd55e0 points into unknown readable memory: 0x0000000000000003 | 03 00 00 00 00 00 00 00
RCX=0x000001ec8efd55e0 points into unknown readable memory: 0x0000000000000003 | 03 00 00 00 00 00 00 00
RDX=0x0000000000000009 is an unknown value
RSP=0x000000d3490fe5f0 is pointing into the stack for thread: 0x000001ec8efcbc60
RBP=0x000000d3490fe6d0 is pointing into the stack for thread: 0x000001ec8efcbc60
RSI=0x0000000000000001 is an unknown value
RDI=0x000001ec90c976d0 points into unknown readable memory: 0x000001ec90aabf40 | 40 bf aa 90 ec 01 00 00
R8 =0x0 is NULL
R9 =0x0000000000000b3c is an unknown value
R10=0x000000000000003d is an unknown value
R11=0x000001ec8cdf97a8 points into unknown readable memory: 0x00000000000007d0 | d0 07 00 00 00 00 00 00
R12=0x000001ec8efd56c0 points into unknown readable memory: 0x000001ec8f6d2160 | 60 21 6d 8f ec 01 00 00
R13=0x000000d3490fe760 is pointing into the stack for thread: 0x000001ec8efcbc60
R14=0x0000000000000b3c is an unknown value
R15=0x000001ec8efcbc60 is a thread


Registers:
RAX=0x000001ec917c78e0, RBX=0x000001ec8efd55e0, RCX=0x000001ec8efd55e0, RDX=0x0000000000000009
RSP=0x000000d3490fe5f0, RBP=0x000000d3490fe6d0, RSI=0x0000000000000001, RDI=0x000001ec90c976d0
R8 =0x0000000000000000, R9 =0x0000000000000b3c, R10=0x000000000000003d, R11=0x000001ec8cdf97a8
R12=0x000001ec8efd56c0, R13=0x000000d3490fe760, R14=0x0000000000000b3c, R15=0x000001ec8efcbc60
RIP=0x00007ffc9af95018, EFLAGS=0x0000000000010202

Top of Stack: (sp=0x000000d3490fe5f0)
0x000000d3490fe5f0:   000001ec8efcbc60 00007ffc1ed1919c
0x000000d3490fe600:   000000d3490fe6c0 000000070f36eb40
0x000000d3490fe610:   000001ec90f02b70 00007ffc98f87f6a
0x000000d3490fe620:   000000d3490fe6c0 00007ffc1f23e086
0x000000d3490fe630:   000001ec90c976d0 0000000000000001
0x000000d3490fe640:   000001ec8efd55e0 00007ffc98f843f4
0x000000d3490fe650:   0000000000000000 0000000000000001
0x000000d3490fe660:   00000000000000f8 000001ec0000001d
0x000000d3490fe670:   000000d3490fe6f8 000000070b8b8768
0x000000d3490fe680:   000001ec8e3deaf0 000001ec8efcbc60
0x000000d3490fe690:   000000d3490fe730 000001ecfca335ea
0x000000d3490fe6a0:   000001ec90c976d0 0000000700000000
0x000000d3490fe6b0:   000000d3490fe780 000000d3490fe730
0x000000d3490fe6c0:   000000d3490fe730 0000a52df5631d0b
0x000000d3490fe6d0:   000001ec8efcbc60 000000d3490fe828
0x000000d3490fe6e0:   000001ec8e3e2d00 0000000000000000 

Instructions: (pc=0x00007ffc9af95018)
0x00007ffc9af94f18:   ?? ?? ?? ?? ?? ?? ?? ?? ?? ?? ?? ?? ?? ?? ?? ??
0x00007ffc9af94f28:   ?? ?? ?? ?? ?? ?? ?? ?? ?? ?? ?? ?? ?? ?? ?? ??
0x00007ffc9af94f38:   ?? ?? ?? ?? ?? ?? ?? ?? ?? ?? ?? ?? ?? ?? ?? ??
0x00007ffc9af94f48:   ?? ?? ?? ?? ?? ?? ?? ?? ?? ?? ?? ?? ?? ?? ?? ??
0x00007ffc9af94f58:   ?? ?? ?? ?? ?? ?? ?? ?? ?? ?? ?? ?? ?? ?? ?? ??
0x00007ffc9af94f68:   ?? ?? ?? ?? ?? ?? ?? ?? ?? ?? ?? ?? ?? ?? ?? ??
0x00007ffc9af94f78:   ?? ?? ?? ?? ?? ?? ?? ?? ?? ?? ?? ?? ?? ?? ?? ??
0x00007ffc9af94f88:   ?? ?? ?? ?? ?? ?? ?? ?? ?? ?? ?? ?? ?? ?? ?? ??
0x00007ffc9af94f98:   ?? ?? ?? ?? ?? ?? ?? ?? ?? ?? ?? ?? ?? ?? ?? ??
0x00007ffc9af94fa8:   ?? ?? ?? ?? ?? ?? ?? ?? ?? ?? ?? ?? ?? ?? ?? ??
0x00007ffc9af94fb8:   ?? ?? ?? ?? ?? ?? ?? ?? ?? ?? ?? ?? ?? ?? ?? ??
0x00007ffc9af94fc8:   ?? ?? ?? ?? ?? ?? ?? ?? ?? ?? ?? ?? ?? ?? ?? ??
0x00007ffc9af94fd8:   ?? ?? ?? ?? ?? ?? ?? ?? ?? ?? ?? ?? ?? ?? ?? ??
0x00007ffc9af94fe8:   ?? ?? ?? ?? ?? ?? ?? ?? ?? ?? ?? ?? ?? ?? ?? ??
0x00007ffc9af94ff8:   ?? ?? ?? ?? ?? ?? ?? ?? ?? ?? ?? ?? ?? ?? ?? ??
0x00007ffc9af95008:   ?? ?? ?? ?? ?? ?? ?? ?? ?? ?? ?? ?? ?? ?? ?? ??
0x00007ffc9af95018:   ?? ?? ?? ?? ?? ?? ?? ?? ?? ?? ?? ?? ?? ?? ?? ??
0x00007ffc9af95028:   ?? ?? ?? ?? ?? ?? ?? ?? ?? ?? ?? ?? ?? ?? ?? ??
0x00007ffc9af95038:   ?? ?? ?? ?? ?? ?? ?? ?? ?? ?? ?? ?? ?? ?? ?? ??
0x00007ffc9af95048:   ?? ?? ?? ?? ?? ?? ?? ?? ?? ?? ?? ?? ?? ?? ?? ??
0x00007ffc9af95058:   ?? ?? ?? ?? ?? ?? ?? ?? ?? ?? ?? ?? ?? ?? ?? ??
0x00007ffc9af95068:   ?? ?? ?? ?? ?? ?? ?? ?? ?? ?? ?? ?? ?? ?? ?? ??
0x00007ffc9af95078:   ?? ?? ?? ?? ?? ?? ?? ?? ?? ?? ?? ?? ?? ?? ?? ??
0x00007ffc9af95088:   ?? ?? ?? ?? ?? ?? ?? ?? ?? ?? ?? ?? ?? ?? ?? ??
0x00007ffc9af95098:   ?? ?? ?? ?? ?? ?? ?? ?? ?? ?? ?? ?? ?? ?? ?? ??
0x00007ffc9af950a8:   ?? ?? ?? ?? ?? ?? ?? ?? ?? ?? ?? ?? ?? ?? ?? ??
0x00007ffc9af950b8:   ?? ?? ?? ?? ?? ?? ?? ?? ?? ?? ?? ?? ?? ?? ?? ??
0x00007ffc9af950c8:   ?? ?? ?? ?? ?? ?? ?? ?? ?? ?? ?? ?? ?? ?? ?? ??
0x00007ffc9af950d8:   ?? ?? ?? ?? ?? ?? ?? ?? ?? ?? ?? ?? ?? ?? ?? ??
0x00007ffc9af950e8:   ?? ?? ?? ?? ?? ?? ?? ?? ?? ?? ?? ?? ?? ?? ?? ??
0x00007ffc9af950f8:   ?? ?? ?? ?? ?? ?? ?? ?? ?? ?? ?? ?? ?? ?? ?? ??
0x00007ffc9af95108:   ?? ?? ?? ?? ?? ?? ?? ?? ?? ?? ?? ?? ?? ?? ?? ?? 


Stack slot to memory mapping:
stack at sp + 0 slots: 0x000001ec8efcbc60 is a thread
stack at sp + 1 slots: 0x00007ffc1ed1919c jvm.dll
stack at sp + 2 slots: 0x000000d3490fe6c0 is pointing into the stack for thread: 0x000001ec8efcbc60
stack at sp + 3 slots: 0x000000070f36eb40 is an oop: sun.nio.ch.SocketOptionRegistry$RegistryKey 
{0x000000070f36eb40} - klass: 'sun/nio/ch/SocketOptionRegistry$RegistryKey'
 - ---- fields (total size 3 words):
 - private final 'name' 'Ljava/net/SocketOption;' @12  a 'java/net/StandardSocketOptions$StdSocketOption'{0x000000070b8b8750} (e17170ea)
 - private final 'family' 'Ljava/net/ProtocolFamily;' @16  a 'sun/nio/ch/Net$1'{0x000000070b43f118} (e1687e23)
stack at sp + 4 slots: 0x000001ec90f02b70 points into unknown readable memory: 0x0000000000000002 | 02 00 00 00 00 00 00 00
stack at sp + 5 slots: 0x00007ffc98f87f6a mswsock.dll
stack at sp + 6 slots: 0x000000d3490fe6c0 is pointing into the stack for thread: 0x000001ec8efcbc60
stack at sp + 7 slots: 0x00007ffc1f23e086 jvm.dll


---------------  P R O C E S S  ---------------

Threads class SMR info:
_java_thread_list=0x000001ec9171a1f0, length=40, elements={
0x000001ec8cc3f010, 0x000001ec8cc40160, 0x000001ec8cc8d560, 0x000001ec8cc8de20,
0x000001ec8cc8f100, 0x000001ec8cc6e1d0, 0x000001ec8cc95b60, 0x000001ec8cc96550,
0x000001ec8cc6a810, 0x000001ec8ce72730, 0x000001ec8ce89c10, 0x000001ec8ce8b120,
0x000001ec8cc6ace0, 0x000001ec8cc6c4f0, 0x000001ec8cc6b680, 0x000001ec8cc6bb50,
0x000001ec8cc6d360, 0x000001ec8cc6c020, 0x000001ec8cc6dd00, 0x000001ec8ede0c20,
0x000001ec8efccad0, 0x000001ec8efcf620, 0x000001ec8efcc600, 0x000001ec8efce2e0,
0x000001ec8efcfaf0, 0x000001ec8efcffc0, 0x000001ec8efd2170, 0x000001ec8efd2640,
0x000001ec8efcde10, 0x000001ec8efcb2c0, 0x000001ec8efd0960, 0x000001ec8efce7b0,
0x000001ec8efcec80, 0x000001ec8efcf150, 0x000001ec8efd0e30, 0x000001ec8efd1300,
0x000001ec8efd1ca0, 0x000001ec8efcadf0, 0x000001ec8efcb790, 0x000001ec8efcbc60
}

Java Threads: ( => current thread )
  0x000001ec8cc3f010 JavaThread "Reference Handler" daemon [_thread_blocked, id=17420, stack(0x000000d349700000,0x000000d349800000)]
  0x000001ec8cc40160 JavaThread "Finalizer" daemon [_thread_blocked, id=5780, stack(0x000000d349800000,0x000000d349900000)]
  0x000001ec8cc8d560 JavaThread "Signal Dispatcher" daemon [_thread_blocked, id=22044, stack(0x000000d349900000,0x000000d349a00000)]
  0x000001ec8cc8de20 JavaThread "Attach Listener" daemon [_thread_blocked, id=2044, stack(0x000000d349a00000,0x000000d349b00000)]
  0x000001ec8cc8f100 JavaThread "Service Thread" daemon [_thread_blocked, id=22040, stack(0x000000d349b00000,0x000000d349c00000)]
  0x000001ec8cc6e1d0 JavaThread "Monitor Deflation Thread" daemon [_thread_blocked, id=18840, stack(0x000000d349c00000,0x000000d349d00000)]
  0x000001ec8cc95b60 JavaThread "C1 CompilerThread0" daemon [_thread_blocked, id=8792, stack(0x000000d349d00000,0x000000d349e00000)]
  0x000001ec8cc96550 JavaThread "Sweeper thread" daemon [_thread_blocked, id=20904, stack(0x000000d349e00000,0x000000d349f00000)]
  0x000001ec8cc6a810 JavaThread "Common-Cleaner" daemon [_thread_blocked, id=5576, stack(0x000000d349f00000,0x000000d34a000000)]
  0x000001ec8ce72730 JavaThread "JDWP Transport Listener: dt_socket" daemon [_thread_blocked, id=21404, stack(0x000000d34a100000,0x000000d34a200000)]
  0x000001ec8ce89c10 JavaThread "JDWP Event Helper Thread" daemon [_thread_blocked, id=20292, stack(0x000000d34a200000,0x000000d34a300000)]
  0x000001ec8ce8b120 JavaThread "JDWP Command Reader" daemon [_thread_in_native, id=20864, stack(0x000000d34a300000,0x000000d34a400000)]
  0x000001ec8cc6ace0 JavaThread "Notification Thread" daemon [_thread_blocked, id=9472, stack(0x000000d34a400000,0x000000d34a500000)]
  0x000001ec8cc6c4f0 JavaThread "RMI TCP Accept-0" daemon [_thread_in_native, id=12904, stack(0x000000d34a500000,0x000000d34a600000)]
  0x000001ec8cc6b680 JavaThread "RMI TCP Accept-62889" daemon [_thread_in_native, id=15572, stack(0x000000d34a600000,0x000000d34a700000)]
  0x000001ec8cc6bb50 JavaThread "RMI TCP Accept-0" daemon [_thread_in_native, id=20540, stack(0x000000d34a700000,0x000000d34a800000)]
  0x000001ec8cc6d360 JavaThread "RMI Scheduler(0)" daemon [_thread_blocked, id=18468, stack(0x000000d34b400000,0x000000d34b500000)]
  0x000001ec8cc6c020 JavaThread "RMI TCP Connection(idle)" daemon [_thread_blocked, id=6788, stack(0x000000d34b500000,0x000000d34b600000)]
  0x000001ec8cc6dd00 JavaThread "JMX server connection timeout 25" daemon [_thread_blocked, id=21128, stack(0x000000d34b600000,0x000000d34b700000)]
  0x000001ec8ede0c20 JavaThread "Live Reload Server" daemon [_thread_in_native, id=19644, stack(0x000000d34c500000,0x000000d34c600000)]
  0x000001ec8efccad0 JavaThread "DestroyJavaVM" [_thread_blocked, id=20628, stack(0x000000d348f00000,0x000000d349000000)]
  0x000001ec8efcf620 JavaThread "Catalina-utility-1" [_thread_blocked, id=19788, stack(0x000000d34a000000,0x000000d34a100000)]
  0x000001ec8efcc600 JavaThread "Catalina-utility-2" [_thread_blocked, id=2764, stack(0x000000d34b300000,0x000000d34b400000)]
  0x000001ec8efce2e0 JavaThread "container-0" [_thread_blocked, id=22320, stack(0x000000d34b700000,0x000000d34b800000)]
  0x000001ec8efcfaf0 JavaThread "HikariPool-2 housekeeper" daemon [_thread_blocked, id=11904, stack(0x000000d34b800000,0x000000d34b900000)]
  0x000001ec8efcffc0 JavaThread "http-nio-9002-exec-1" daemon [_thread_blocked, id=18544, stack(0x000000d34be00000,0x000000d34bf00000)]
  0x000001ec8efd2170 JavaThread "http-nio-9002-exec-2" daemon [_thread_blocked, id=18176, stack(0x000000d34bf00000,0x000000d34c000000)]
  0x000001ec8efd2640 JavaThread "http-nio-9002-exec-3" daemon [_thread_blocked, id=18276, stack(0x000000d34c100000,0x000000d34c200000)]
  0x000001ec8efcde10 JavaThread "http-nio-9002-exec-4" daemon [_thread_blocked, id=19468, stack(0x000000d34c200000,0x000000d34c300000)]
  0x000001ec8efcb2c0 JavaThread "http-nio-9002-exec-5" daemon [_thread_blocked, id=8056, stack(0x000000d34c300000,0x000000d34c400000)]
  0x000001ec8efd0960 JavaThread "http-nio-9002-exec-6" daemon [_thread_blocked, id=20736, stack(0x000000d34c400000,0x000000d34c500000)]
  0x000001ec8efce7b0 JavaThread "http-nio-9002-exec-7" daemon [_thread_blocked, id=7832, stack(0x000000d34c600000,0x000000d34c700000)]
  0x000001ec8efcec80 JavaThread "http-nio-9002-exec-8" daemon [_thread_blocked, id=304, stack(0x000000d34c700000,0x000000d34c800000)]
  0x000001ec8efcf150 JavaThread "http-nio-9002-exec-9" daemon [_thread_blocked, id=20880, stack(0x000000d34c800000,0x000000d34c900000)]
  0x000001ec8efd0e30 JavaThread "http-nio-9002-exec-10" daemon [_thread_blocked, id=20912, stack(0x000000d34c900000,0x000000d34ca00000)]
  0x000001ec8efd1300 JavaThread "http-nio-9002-Poller" daemon [_thread_in_native, id=18600, stack(0x000000d34ca00000,0x000000d34cb00000)]
  0x000001ec8efd1ca0 JavaThread "RMI TCP Connection(idle)" daemon [_thread_blocked, id=19804, stack(0x000000d34cc00000,0x000000d34cd00000)]
  0x000001ec8efcadf0 JavaThread "RMI TCP Connection(idle)" daemon [_thread_blocked, id=21988, stack(0x000000d34cd00000,0x000000d34ce00000)]
  0x000001ec8efcb790 JavaThread "RMI TCP Connection(17)-127.0.0.1" daemon [_thread_in_native, id=20464, stack(0x000000d34ce00000,0x000000d34cf00000)]
=>0x000001ec8efcbc60 JavaThread "Thread-7" [_thread_in_native, id=5616, stack(0x000000d349000000,0x000000d349100000)]

Other Threads:
  0x000001ec8cc29bf0 VMThread "VM Thread" [stack: 0x000000d349600000,0x000000d349700000] [id=6352]
  0x000001ecf7b772b0 WatcherThread [stack: 0x000000d34b200000,0x000000d34b300000] [id=3400]
  0x000001ecf7bc7a60 GCTaskThread "GC Thread#0" [stack: 0x000000d349100000,0x000000d349200000] [id=17208]
  0x000001ec8dae0bc0 GCTaskThread "GC Thread#1" [stack: 0x000000d34a800000,0x000000d34a900000] [id=17628]
  0x000001ec8daa6090 GCTaskThread "GC Thread#2" [stack: 0x000000d34a900000,0x000000d34aa00000] [id=16764]
  0x000001ec8da8e340 GCTaskThread "GC Thread#3" [stack: 0x000000d34aa00000,0x000000d34ab00000] [id=18844]
  0x000001ec8da8e5f0 GCTaskThread "GC Thread#4" [stack: 0x000000d34ab00000,0x000000d34ac00000] [id=4540]
  0x000001ec8db8fac0 GCTaskThread "GC Thread#5" [stack: 0x000000d34ac00000,0x000000d34ad00000] [id=20568]
  0x000001ec8db8fd70 GCTaskThread "GC Thread#6" [stack: 0x000000d34ad00000,0x000000d34ae00000] [id=20064]
  0x000001ec8db90020 GCTaskThread "GC Thread#7" [stack: 0x000000d34ae00000,0x000000d34af00000] [id=21364]
  0x000001ec8db902d0 GCTaskThread "GC Thread#8" [stack: 0x000000d34af00000,0x000000d34b000000] [id=7836]
  0x000001ec8db94590 GCTaskThread "GC Thread#9" [stack: 0x000000d34b000000,0x000000d34b100000] [id=21904]
  0x000001ecf7bd7d40 ConcurrentGCThread "G1 Main Marker" [stack: 0x000000d349200000,0x000000d349300000] [id=2640]
  0x000001ecf7bd8d90 ConcurrentGCThread "G1 Conc#0" [stack: 0x000000d349300000,0x000000d349400000] [id=13248]
  0x000001ec8e988f00 ConcurrentGCThread "G1 Conc#1" [stack: 0x000000d34bb00000,0x000000d34bc00000] [id=11644]
  0x000001ec8e98ec50 ConcurrentGCThread "G1 Conc#2" [stack: 0x000000d34bc00000,0x000000d34bd00000] [id=2300]
  0x000001ecf7c30170 ConcurrentGCThread "G1 Refine#0" [stack: 0x000000d349400000,0x000000d349500000] [id=340]
  0x000001ec8da8e8a0 ConcurrentGCThread "G1 Refine#1" [stack: 0x000000d34b100000,0x000000d34b200000] [id=3856]
  0x000001ecf7c32f50 ConcurrentGCThread "G1 Service" [stack: 0x000000d349500000,0x000000d349600000] [id=18948]

Threads with active compile tasks:

VM state: not at safepoint (normal execution)

VM Mutex/Monitor currently owned by a thread: None

Heap address: 0x000000070b000000, size: 3920 MB, Compressed Oops mode: Zero based, Oop shift amount: 3

CDS archive(s) not mapped
Compressed class space mapped at: 0x0000000800000000-0x0000000840000000, reserved size: 1073741824
Narrow klass base: 0x0000000800000000, Narrow klass shift: 0, Narrow klass range: 0x40000000

GC Precious Log:
 CPUs: 12 total, 12 available
 Memory: 15679M
 Large Page Support: Disabled
 NUMA Support: Disabled
 Compressed Oops: Enabled (Zero based)
 Heap Region Size: 2M
 Heap Min Capacity: 8M
 Heap Initial Capacity: 246M
 Heap Max Capacity: 3920M
 Pre-touch: Disabled
 Parallel Workers: 10
 Concurrent Workers: 3
 Concurrent Refinement Workers: 10
 Periodic GC: Disabled

Heap:
 garbage-first heap   total 83968K, used 41385K [0x000000070b000000, 0x0000000800000000)
  region size 2048K, 11 young (22528K), 3 survivors (6144K)
 Metaspace       used 63425K, committed 63936K, reserved 1105920K
  class space    used 8500K, committed 8768K, reserved 1048576K

Heap Regions: E=young(eden), S=young(survivor), O=old, HS=humongous(starts), HC=humongous(continues), CS=collection set, F=free, OA=open archive, CA=closed archive, TAMS=top-at-mark-start (previous, next)
|   0|0x000000070b000000, 0x000000070b200000, 0x000000070b200000|100%| O|  |TAMS 0x000000070b200000, 0x000000070b000000| Untracked 
|   1|0x000000070b200000, 0x000000070b400000, 0x000000070b400000|100%| O|  |TAMS 0x000000070b400000, 0x000000070b200000| Untracked 
|   2|0x000000070b400000, 0x000000070b5a9d08, 0x000000070b600000| 83%| O|  |TAMS 0x000000070b400000, 0x000000070b400000| Untracked 
|   3|0x000000070b600000, 0x000000070b7ffff8, 0x000000070b800000| 99%| O|  |TAMS 0x000000070b600000, 0x000000070b600000| Untracked 
|   4|0x000000070b800000, 0x000000070b9fffc8, 0x000000070ba00000| 99%| O|  |TAMS 0x000000070b800000, 0x000000070b800000| Untracked 
|   5|0x000000070ba00000, 0x000000070bc00000, 0x000000070bc00000|100%| O|  |TAMS 0x000000070ba00000, 0x000000070ba00000| Untracked 
|   6|0x000000070bc00000, 0x000000070bdfffc8, 0x000000070be00000| 99%| O|  |TAMS 0x000000070bc00000, 0x000000070bc00000| Untracked 
|   7|0x000000070be00000, 0x000000070bffffe8, 0x000000070c000000| 99%| O|  |TAMS 0x000000070be00000, 0x000000070be00000| Untracked 
|   8|0x000000070c000000, 0x000000070c1ffff0, 0x000000070c200000| 99%| O|  |TAMS 0x000000070c000000, 0x000000070c000000| Untracked 
|   9|0x000000070c200000, 0x000000070c3fffd8, 0x000000070c400000| 99%| O|  |TAMS 0x000000070c200000, 0x000000070c200000| Untracked 
|  10|0x000000070c400000, 0x000000070c418058, 0x000000070c600000|  4%| O|  |TAMS 0x000000070c400000, 0x000000070c400000| Untracked 
|  11|0x000000070c600000, 0x000000070c6c3540, 0x000000070c800000| 38%| O|  |TAMS 0x000000070c600000, 0x000000070c600000| Untracked 
|  12|0x000000070c800000, 0x000000070c9c69f8, 0x000000070ca00000| 88%| O|  |TAMS 0x000000070c800000, 0x000000070c800000| Untracked 
|  13|0x000000070ca00000, 0x000000070ca00000, 0x000000070cc00000|  0%| F|  |TAMS 0x000000070ca00000, 0x000000070ca00000| Untracked 
|  14|0x000000070cc00000, 0x000000070cc00000, 0x000000070ce00000|  0%| F|  |TAMS 0x000000070cc00000, 0x000000070cc00000| Untracked 
|  15|0x000000070ce00000, 0x000000070ce00000, 0x000000070d000000|  0%| F|  |TAMS 0x000000070ce00000, 0x000000070ce00000| Untracked 
|  16|0x000000070d000000, 0x000000070d000000, 0x000000070d200000|  0%| F|  |TAMS 0x000000070d000000, 0x000000070d000000| Untracked 
|  17|0x000000070d200000, 0x000000070d200000, 0x000000070d400000|  0%| F|  |TAMS 0x000000070d200000, 0x000000070d200000| Untracked 
|  18|0x000000070d400000, 0x000000070d560658, 0x000000070d600000| 68%| O|  |TAMS 0x000000070d400000, 0x000000070d400000| Untracked 
|  19|0x000000070d600000, 0x000000070d6be338, 0x000000070d800000| 37%| S|CS|TAMS 0x000000070d600000, 0x000000070d600000| Complete 
|  20|0x000000070d800000, 0x000000070d800000, 0x000000070da00000|  0%| F|  |TAMS 0x000000070d800000, 0x000000070d800000| Untracked 
|  21|0x000000070da00000, 0x000000070da00000, 0x000000070dc00000|  0%| F|  |TAMS 0x000000070da00000, 0x000000070da00000| Untracked 
|  22|0x000000070dc00000, 0x000000070de00000, 0x000000070de00000|100%| S|CS|TAMS 0x000000070dc00000, 0x000000070dc00000| Complete 
|  23|0x000000070de00000, 0x000000070e000000, 0x000000070e000000|100%| S|CS|TAMS 0x000000070de00000, 0x000000070de00000| Complete 
|  24|0x000000070e000000, 0x000000070e000000, 0x000000070e200000|  0%| F|  |TAMS 0x000000070e000000, 0x000000070e000000| Untracked 
|  25|0x000000070e200000, 0x000000070e200000, 0x000000070e400000|  0%| F|  |TAMS 0x000000070e200000, 0x000000070e200000| Untracked 
|  26|0x000000070e400000, 0x000000070e400000, 0x000000070e600000|  0%| F|  |TAMS 0x000000070e400000, 0x000000070e400000| Untracked 
|  27|0x000000070e600000, 0x000000070e600000, 0x000000070e800000|  0%| F|  |TAMS 0x000000070e600000, 0x000000070e600000| Untracked 
|  28|0x000000070e800000, 0x000000070e800000, 0x000000070ea00000|  0%| F|  |TAMS 0x000000070e800000, 0x000000070e800000| Untracked 
|  29|0x000000070ea00000, 0x000000070ea00000, 0x000000070ec00000|  0%| F|  |TAMS 0x000000070ea00000, 0x000000070ea00000| Untracked 
|  30|0x000000070ec00000, 0x000000070ec00000, 0x000000070ee00000|  0%| F|  |TAMS 0x000000070ec00000, 0x000000070ec00000| Untracked 
|  31|0x000000070ee00000, 0x000000070ee00000, 0x000000070f000000|  0%| F|  |TAMS 0x000000070ee00000, 0x000000070ee00000| Untracked 
|  32|0x000000070f000000, 0x000000070f000000, 0x000000070f200000|  0%| F|  |TAMS 0x000000070f000000, 0x000000070f000000| Untracked 
|  33|0x000000070f200000, 0x000000070f374208, 0x000000070f400000| 72%| E|  |TAMS 0x000000070f200000, 0x000000070f200000| Complete 
|  34|0x000000070f400000, 0x000000070f600000, 0x000000070f600000|100%| E|CS|TAMS 0x000000070f400000, 0x000000070f400000| Complete 
|  35|0x000000070f600000, 0x000000070f800000, 0x000000070f800000|100%| E|CS|TAMS 0x000000070f600000, 0x000000070f600000| Complete 
|  36|0x000000070f800000, 0x000000070fa00000, 0x000000070fa00000|100%| E|  |TAMS 0x000000070f800000, 0x000000070f800000| Complete 
|  50|0x0000000711400000, 0x0000000711600000, 0x0000000711600000|100%| E|CS|TAMS 0x0000000711400000, 0x0000000711400000| Complete 
|  51|0x0000000711600000, 0x0000000711800000, 0x0000000711800000|100%| E|CS|TAMS 0x0000000711600000, 0x0000000711600000| Complete 
|  52|0x0000000711800000, 0x0000000711a00000, 0x0000000711a00000|100%| E|CS|TAMS 0x0000000711800000, 0x0000000711800000| Complete 
| 122|0x000000071a400000, 0x000000071a600000, 0x000000071a600000|100%| E|CS|TAMS 0x000000071a400000, 0x000000071a400000| Complete 

Card table byte_map: [0x000001ec80d00000,0x000001ec814b0000] _byte_map_base: 0x000001ec7d4a8000

Marking Bits (Prev, Next): (CMBitMap*) 0x000001ecf7bc7f10, (CMBitMap*) 0x000001ecf7bc7f50
 Prev Bits: [0x000001ec81c60000, 0x000001ec859a0000)
 Next Bits: [0x000001ec859a0000, 0x000001ec896e0000)

Polling page: 0x000001ecf7c40000

Metaspace:

Usage:
  Non-class:     53.64 MB used.
      Class:      8.30 MB used.
       Both:     61.94 MB used.

Virtual space:
  Non-class space:       56.00 MB reserved,      53.88 MB ( 96%) committed,  7 nodes.
      Class space:        1.00 GB reserved,       8.56 MB ( <1%) committed,  1 nodes.
             Both:        1.05 GB reserved,      62.44 MB (  6%) committed. 

Chunk freelists:
   Non-Class:  1.59 MB
       Class:  3.47 MB
        Both:  5.06 MB

MaxMetaspaceSize: unlimited
CompressedClassSpaceSize: 1.00 GB
Initial GC threshold: 21.00 MB
Current GC threshold: 102.12 MB
CDS: off
MetaspaceReclaimPolicy: balanced
 - commit_granule_bytes: 65536.
 - commit_granule_words: 8192.
 - virtual_space_node_default_size: 1048576.
 - enlarge_chunks_in_place: 1.
 - new_chunks_are_fully_committed: 0.
 - uncommit_free_chunks: 1.
 - use_allocation_guard: 0.
 - handle_deallocations: 1.


Internal statistics:

num_allocs_failed_limit: 9.
num_arena_births: 584.
num_arena_deaths: 2.
num_vsnodes_births: 8.
num_vsnodes_deaths: 0.
num_space_committed: 999.
num_space_uncommitted: 0.
num_chunks_returned_to_freelist: 12.
num_chunks_taken_from_freelist: 2593.
num_chunk_merges: 9.
num_chunk_splits: 1802.
num_chunks_enlarged: 1358.
num_purges: 2.
num_inconsistent_stats: 0.

CodeCache: size=49152Kb used=12277Kb max_used=13388Kb free=36874Kb
 bounds [0x000001ecfca20000, 0x000001ecfd740000, 0x000001ecffa20000]
 total_blobs=6836 nmethods=6260 adapters=503
 compilation: enabled
              stopped_count=0, restarted_count=0
 full_count=0

Compilation events (20 events):
Event: 313.117 Thread 0x000001ec8cc95b60 6252       1       java.util.logging.LogManager$LoggerWeakRef::setParentRef (6 bytes)
Event: 313.117 Thread 0x000001ec8cc95b60 nmethod 6252 0x000001ecfcee4490 code [0x000001ecfcee4620, 0x000001ecfcee4738]
Event: 313.149 Thread 0x000001ec8cc95b60 6253       1       sun.util.calendar.CalendarDate::getDayOfMonth (5 bytes)
Event: 313.149 Thread 0x000001ec8cc95b60 nmethod 6253 0x000001ecfcee4190 code [0x000001ecfcee4320, 0x000001ecfcee43f8]
Event: 313.149 Thread 0x000001ec8cc95b60 6254       1       sun.util.calendar.BaseCalendar$Date::getCachedJan1 (5 bytes)
Event: 313.149 Thread 0x000001ec8cc95b60 nmethod 6254 0x000001ecfcee3e90 code [0x000001ecfcee4020, 0x000001ecfcee40f8]
Event: 313.149 Thread 0x000001ec8cc95b60 6255       1       java.util.Calendar::getZone (5 bytes)
Event: 313.149 Thread 0x000001ec8cc95b60 nmethod 6255 0x000001ecfcee3b90 code [0x000001ecfcee3d20, 0x000001ecfcee3df8]
Event: 313.174 Thread 0x000001ec8cc95b60 6256   !   1       java.nio.CharBuffer::wrap (21 bytes)
Event: 313.174 Thread 0x000001ec8cc95b60 nmethod 6256 0x000001ecfcee3510 code [0x000001ecfcee36c0, 0x000001ecfcee39b8]
Event: 313.174 Thread 0x000001ec8cc95b60 6257       1       java.nio.HeapCharBuffer::<init> (23 bytes)
Event: 313.175 Thread 0x000001ec8cc95b60 nmethod 6257 0x000001ecfcee3090 code [0x000001ecfcee3220, 0x000001ecfcee33e8]
Event: 313.177 Thread 0x000001ec8cc95b60 6258       1       java.nio.HeapByteBuffer::put (16 bytes)
Event: 313.178 Thread 0x000001ec8cc95b60 nmethod 6258 0x000001ecfcee2b90 code [0x000001ecfcee2d40, 0x000001ecfcee2f08]
Event: 313.178 Thread 0x000001ec8cc95b60 6259       1       java.nio.Buffer::nextPutIndex (30 bytes)
Event: 313.178 Thread 0x000001ec8cc95b60 nmethod 6259 0x000001ecfcee2790 code [0x000001ecfcee2940, 0x000001ecfcee2ac8]
Event: 340.954 Thread 0x000001ec8cc95b60 6260       1       sun.rmi.runtime.Log$LoggerLog::log (45 bytes)
Event: 340.955 Thread 0x000001ec8cc95b60 nmethod 6260 0x000001ecfcee1e10 code [0x000001ecfcee2020, 0x000001ecfcee2418]
Event: 348.698 Thread 0x000001ec8cc95b60 6261       1       org.springframework.boot.devtools.filewatch.FileSnapshot::getFile (5 bytes)
Event: 348.698 Thread 0x000001ec8cc95b60 nmethod 6261 0x000001ecfcee1b10 code [0x000001ecfcee1ca0, 0x000001ecfcee1d78]

GC Heap History (20 events):
Event: 4.310 GC heap before
{Heap before GC invocations=12 (full 0):
 garbage-first heap   total 69632K, used 49070K [0x000000070b000000, 0x0000000800000000)
  region size 2048K, 17 young (34816K), 3 survivors (6144K)
 Metaspace       used 41573K, committed 41856K, reserved 1089536K
  class space    used 5245K, committed 5376K, reserved 1048576K
}
Event: 4.316 GC heap after
{Heap after GC invocations=13 (full 0):
 garbage-first heap   total 83968K, used 21855K [0x000000070b000000, 0x0000000800000000)
  region size 2048K, 3 young (6144K), 3 survivors (6144K)
 Metaspace       used 41573K, committed 41856K, reserved 1089536K
  class space    used 5245K, committed 5376K, reserved 1048576K
}
Event: 4.687 GC heap before
{Heap before GC invocations=13 (full 0):
 garbage-first heap   total 83968K, used 58719K [0x000000070b000000, 0x0000000800000000)
  region size 2048K, 22 young (45056K), 3 survivors (6144K)
 Metaspace       used 45435K, committed 45824K, reserved 1089536K
  class space    used 5925K, committed 6080K, reserved 1048576K
}
Event: 4.691 GC heap after
{Heap after GC invocations=14 (full 0):
 garbage-first heap   total 83968K, used 21598K [0x000000070b000000, 0x0000000800000000)
  region size 2048K, 1 young (2048K), 1 survivors (2048K)
 Metaspace       used 45435K, committed 45824K, reserved 1089536K
  class space    used 5925K, committed 6080K, reserved 1048576K
}
Event: 5.150 GC heap before
{Heap before GC invocations=14 (full 0):
 garbage-first heap   total 83968K, used 64606K [0x000000070b000000, 0x0000000800000000)
  region size 2048K, 22 young (45056K), 1 survivors (2048K)
 Metaspace       used 50106K, committed 50432K, reserved 1097728K
  class space    used 6524K, committed 6656K, reserved 1048576K
}
Event: 5.154 GC heap after
{Heap after GC invocations=15 (full 0):
 garbage-first heap   total 83968K, used 22595K [0x000000070b000000, 0x0000000800000000)
  region size 2048K, 2 young (4096K), 2 survivors (4096K)
 Metaspace       used 50106K, committed 50432K, reserved 1097728K
  class space    used 6524K, committed 6656K, reserved 1048576K
}
Event: 5.529 GC heap before
{Heap before GC invocations=15 (full 0):
 garbage-first heap   total 83968K, used 63555K [0x000000070b000000, 0x0000000800000000)
  region size 2048K, 22 young (45056K), 2 survivors (4096K)
 Metaspace       used 54047K, committed 54464K, reserved 1097728K
  class space    used 7111K, committed 7296K, reserved 1048576K
}
Event: 5.534 GC heap after
{Heap after GC invocations=16 (full 0):
 garbage-first heap   total 83968K, used 23441K [0x000000070b000000, 0x0000000800000000)
  region size 2048K, 2 young (4096K), 2 survivors (4096K)
 Metaspace       used 54047K, committed 54464K, reserved 1097728K
  class space    used 7111K, committed 7296K, reserved 1048576K
}
Event: 6.024 GC heap before
{Heap before GC invocations=16 (full 0):
 garbage-first heap   total 83968K, used 64401K [0x000000070b000000, 0x0000000800000000)
  region size 2048K, 22 young (45056K), 2 survivors (4096K)
 Metaspace       used 57395K, committed 57792K, reserved 1105920K
  class space    used 7619K, committed 7808K, reserved 1048576K
}
Event: 6.028 GC heap after
{Heap after GC invocations=17 (full 0):
 garbage-first heap   total 83968K, used 25134K [0x000000070b000000, 0x0000000800000000)
  region size 2048K, 3 young (6144K), 3 survivors (6144K)
 Metaspace       used 57395K, committed 57792K, reserved 1105920K
  class space    used 7619K, committed 7808K, reserved 1048576K
}
Event: 6.337 GC heap before
{Heap before GC invocations=17 (full 0):
 garbage-first heap   total 83968K, used 53806K [0x000000070b000000, 0x0000000800000000)
  region size 2048K, 18 young (36864K), 3 survivors (6144K)
 Metaspace       used 59693K, committed 60096K, reserved 1105920K
  class space    used 7958K, committed 8192K, reserved 1048576K
}
Event: 6.343 GC heap after
{Heap after GC invocations=18 (full 0):
 garbage-first heap   total 83968K, used 26564K [0x000000070b000000, 0x0000000800000000)
  region size 2048K, 2 young (4096K), 2 survivors (4096K)
 Metaspace       used 59693K, committed 60096K, reserved 1105920K
  class space    used 7958K, committed 8192K, reserved 1048576K
}
Event: 6.830 GC heap before
{Heap before GC invocations=19 (full 0):
 garbage-first heap   total 83968K, used 65476K [0x000000070b000000, 0x0000000800000000)
  region size 2048K, 21 young (43008K), 2 survivors (4096K)
 Metaspace       used 61703K, committed 62144K, reserved 1105920K
  class space    used 8285K, committed 8512K, reserved 1048576K
}
Event: 6.836 GC heap after
{Heap after GC invocations=20 (full 0):
 garbage-first heap   total 83968K, used 28732K [0x000000070b000000, 0x0000000800000000)
  region size 2048K, 3 young (6144K), 3 survivors (6144K)
 Metaspace       used 61703K, committed 62144K, reserved 1105920K
  class space    used 8285K, committed 8512K, reserved 1048576K
}
Event: 276.842 GC heap before
{Heap before GC invocations=20 (full 0):
 garbage-first heap   total 83968K, used 55356K [0x000000070b000000, 0x0000000800000000)
  region size 2048K, 17 young (34816K), 3 survivors (6144K)
 Metaspace       used 62231K, committed 62720K, reserved 1105920K
  class space    used 8362K, committed 8640K, reserved 1048576K
}
Event: 276.898 GC heap after
{Heap after GC invocations=21 (full 1):
 garbage-first heap   total 83968K, used 24240K [0x000000070b000000, 0x0000000800000000)
  region size 2048K, 0 young (0K), 0 survivors (0K)
 Metaspace       used 62228K, committed 62720K, reserved 1105920K
  class space    used 8362K, committed 8640K, reserved 1048576K
}
Event: 277.562 GC heap before
{Heap before GC invocations=21 (full 1):
 garbage-first heap   total 83968K, used 63152K [0x000000070b000000, 0x0000000800000000)
  region size 2048K, 19 young (38912K), 0 survivors (0K)
 Metaspace       used 62348K, committed 62848K, reserved 1105920K
  class space    used 8387K, committed 8640K, reserved 1048576K
}
Event: 277.565 GC heap after
{Heap after GC invocations=22 (full 1):
 garbage-first heap   total 83968K, used 27184K [0x000000070b000000, 0x0000000800000000)
  region size 2048K, 2 young (4096K), 2 survivors (4096K)
 Metaspace       used 62348K, committed 62848K, reserved 1105920K
  class space    used 8387K, committed 8640K, reserved 1048576K
}
Event: 278.239 GC heap before
{Heap before GC invocations=22 (full 1):
 garbage-first heap   total 83968K, used 62000K [0x000000070b000000, 0x0000000800000000)
  region size 2048K, 19 young (38912K), 2 survivors (4096K)
 Metaspace       used 62578K, committed 63104K, reserved 1105920K
  class space    used 8409K, committed 8704K, reserved 1048576K
}
Event: 278.242 GC heap after
{Heap after GC invocations=23 (full 1):
 garbage-first heap   total 83968K, used 29097K [0x000000070b000000, 0x0000000800000000)
  region size 2048K, 3 young (6144K), 3 survivors (6144K)
 Metaspace       used 62578K, committed 63104K, reserved 1105920K
  class space    used 8409K, committed 8704K, reserved 1048576K
}

Deoptimization events (20 events):
Event: 348.704 Thread 0x000001ec8efcd940 DEOPT PACKING pc=0x000001ecfcf1d1e4 sp=0x000000d34bdfe6c0
Event: 348.704 Thread 0x000001ec8efcd940 DEOPT UNPACKING pc=0x000001ecfca72b43 sp=0x000000d34bdfdb58 mode 1
Event: 348.704 Thread 0x000001ec8efcd940 DEOPT PACKING pc=0x000001ecfcf0a07c sp=0x000000d34bdfe790
Event: 348.704 Thread 0x000001ec8efcd940 DEOPT UNPACKING pc=0x000001ecfca72b43 sp=0x000000d34bdfdc48 mode 1
Event: 348.704 Thread 0x000001ec8efcd940 DEOPT PACKING pc=0x000001ecfcda3bdc sp=0x000000d34bdff180
Event: 348.704 Thread 0x000001ec8efcd940 DEOPT UNPACKING pc=0x000001ecfca72b43 sp=0x000000d34bdfe670 mode 1
Event: 348.704 Thread 0x000001ec8efcd940 DEOPT PACKING pc=0x000001ecfcf1d1e4 sp=0x000000d34bdfe610
Event: 348.704 Thread 0x000001ec8efcd940 DEOPT UNPACKING pc=0x000001ecfca72b43 sp=0x000000d34bdfdaa8 mode 1
Event: 348.704 Thread 0x000001ec8efcd940 DEOPT PACKING pc=0x000001ecfcf0a07c sp=0x000000d34bdfe6e0
Event: 348.704 Thread 0x000001ec8efcd940 DEOPT UNPACKING pc=0x000001ecfca72b43 sp=0x000000d34bdfdb98 mode 1
Event: 348.704 Thread 0x000001ec8efcd940 DEOPT PACKING pc=0x000001ecfcda3bdc sp=0x000000d34bdff0d0
Event: 348.704 Thread 0x000001ec8efcd940 DEOPT UNPACKING pc=0x000001ecfca72b43 sp=0x000000d34bdfe5a8 mode 1
Event: 348.704 Thread 0x000001ec8efcd940 DEOPT PACKING pc=0x000001ecfd18fa3c sp=0x000000d34bdff170
Event: 348.704 Thread 0x000001ec8efcd940 DEOPT UNPACKING pc=0x000001ecfca72b43 sp=0x000000d34bdfe708 mode 1
Event: 348.704 Thread 0x000001ec8efcd940 DEOPT PACKING pc=0x000001ecfcf1d1e4 sp=0x000000d34bdfe6c0
Event: 348.704 Thread 0x000001ec8efcd940 DEOPT UNPACKING pc=0x000001ecfca72b43 sp=0x000000d34bdfdb58 mode 1
Event: 348.704 Thread 0x000001ec8efcd940 DEOPT PACKING pc=0x000001ecfcf0a07c sp=0x000000d34bdfe790
Event: 348.704 Thread 0x000001ec8efcd940 DEOPT UNPACKING pc=0x000001ecfca72b43 sp=0x000000d34bdfdc48 mode 1
Event: 348.704 Thread 0x000001ec8efcd940 DEOPT PACKING pc=0x000001ecfcda3bdc sp=0x000000d34bdff180
Event: 348.704 Thread 0x000001ec8efcd940 DEOPT UNPACKING pc=0x000001ecfca72b43 sp=0x000000d34bdfe670 mode 1

Classes unloaded (1 events):
Event: 276.861 Thread 0x000001ec8cc29bf0 Unloading class 0x00000008007f8000 'jdk/internal/reflect/GeneratedSerializationConstructorAccessor18'

Classes redefined (3 events):
Event: 275.112 Thread 0x000001ec8cc29bf0 redefined class name=com.mdsl.model.entity.TerminalTypes, count=1
Event: 347.487 Thread 0x000001ec8cc29bf0 redefined class name=com.mdsl.controller.TerminalTypesController, count=1
Event: 347.487 Thread 0x000001ec8cc29bf0 redefined class name=com.mdsl.controller.TerminalTypesController, count=1

Internal exceptions (20 events):
Event: 6.819 Thread 0x000001ec8cc6d830 Exception <a 'java/lang/NoSuchMethodError'{0x000000070d8a12f0}: 'java.lang.Object java.lang.invoke.DirectMethodHandle$Holder.newInvokeSpecial(java.lang.Object, java.lang.Object, int, java.lang.Object, int)'> (0x000000070d8a12f0) 
thrown [e:\jenkins\tmp\workspace\build\src\src\hotspot\share\interpreter\linkResolver.cpp, line 766]
Event: 6.819 Thread 0x000001ec8cc6d830 Exception <a 'java/lang/NoSuchMethodError'{0x000000070d8a53f0}: 'java.lang.Object java.lang.invoke.DirectMethodHandle$Holder.invokeSpecial(java.lang.Object, java.lang.Object, java.lang.Object, int, java.lang.Object, int)'> (0x000000070d8a53f0) 
thrown [e:\jenkins\tmp\workspace\build\src\src\hotspot\share\interpreter\linkResolver.cpp, line 766]
Event: 6.820 Thread 0x000001ec8cc6d830 Exception <a 'java/lang/NoSuchMethodError'{0x000000070d8b45f8}: 'void java.lang.invoke.DirectMethodHandle$Holder.invokeVirtual(java.lang.Object, java.lang.Object)'> (0x000000070d8b45f8) 
thrown [e:\jenkins\tmp\workspace\build\src\src\hotspot\share\interpreter\linkResolver.cpp, line 766]
Event: 276.825 Thread 0x000001ec8ede4110 Exception <a 'java/lang/InterruptedException'{0x000000070e9b9330}: sleep interrupted> (0x000000070e9b9330) 
thrown [e:\jenkins\tmp\workspace\build\src\src\hotspot\share\prims\jvm.cpp, line 3067]
Event: 276.922 Thread 0x000001ec8efccfa0 Exception <a 'sun/nio/fs/WindowsException'{0x000000071a499e90}> (0x000000071a499e90) 
thrown [e:\jenkins\tmp\workspace\build\src\src\hotspot\share\prims\jni.cpp, line 516]
Event: 277.415 Thread 0x000001ec8efccfa0 Exception <a 'java/lang/NoClassDefFoundError'{0x000000070e9816b8}: org/flywaydb/core/Flyway> (0x000000070e9816b8) 
thrown [e:\jenkins\tmp\workspace\build\src\src\hotspot\share\oops\constantPool.cpp, line 835]
Event: 277.417 Thread 0x000001ec8efccfa0 Exception <a 'java/lang/NoClassDefFoundError'{0x000000070e981d08}: liquibase/integration/spring/SpringLiquibase> (0x000000070e981d08) 
thrown [e:\jenkins\tmp\workspace\build\src\src\hotspot\share\oops\constantPool.cpp, line 835]
Event: 277.428 Thread 0x000001ec8efccfa0 Exception <a 'java/lang/NoClassDefFoundError'{0x000000070e9ed038}: org/jooq/DSLContext> (0x000000070e9ed038) 
thrown [e:\jenkins\tmp\workspace\build\src\src\hotspot\share\oops\constantPool.cpp, line 835]
Event: 277.430 Thread 0x000001ec8efccfa0 Exception <a 'java/lang/NoClassDefFoundError'{0x000000070e9f8110}: org/springframework/batch/core/repository/JobRepository> (0x000000070e9f8110) 
thrown [e:\jenkins\tmp\workspace\build\src\src\hotspot\share\oops\constantPool.cpp, line 835]
Event: 277.431 Thread 0x000001ec8efccfa0 Exception <a 'java/lang/NoClassDefFoundError'{0x000000070e9f8758}: org/quartz/Scheduler> (0x000000070e9f8758) 
thrown [e:\jenkins\tmp\workspace\build\src\src\hotspot\share\oops\constantPool.cpp, line 835]
Event: 277.432 Thread 0x000001ec8efccfa0 Exception <a 'java/lang/NoClassDefFoundError'{0x000000070e9f8dc8}: org/springframework/session/jdbc/JdbcIndexedSessionRepository> (0x000000070e9f8dc8) 
thrown [e:\jenkins\tmp\workspace\build\src\src\hotspot\share\oops\constantPool.cpp, line 835]
Event: 277.526 Thread 0x000001ec8efccfa0 Exception <a 'sun/nio/fs/WindowsException'{0x000000070df576b0}> (0x000000070df576b0) 
thrown [e:\jenkins\tmp\workspace\build\src\src\hotspot\share\prims\jni.cpp, line 516]
Event: 277.527 Thread 0x000001ec8efccfa0 Exception <a 'sun/nio/fs/WindowsException'{0x000000070df57db0}> (0x000000070df57db0) 
thrown [e:\jenkins\tmp\workspace\build\src\src\hotspot\share\prims\jni.cpp, line 516]
Event: 277.527 Thread 0x000001ec8efccfa0 Exception <a 'sun/nio/fs/WindowsException'{0x000000070df58490}> (0x000000070df58490) 
thrown [e:\jenkins\tmp\workspace\build\src\src\hotspot\share\prims\jni.cpp, line 516]
Event: 277.541 Thread 0x000001ec8efccfa0 Exception <a 'java/io/FileNotFoundException'{0x000000070df9ecf8}> (0x000000070df9ecf8) 
thrown [e:\jenkins\tmp\workspace\build\src\src\hotspot\share\prims\jni.cpp, line 516]
Event: 277.578 Thread 0x000001ec8efccfa0 Exception <a 'java/io/FileNotFoundException'{0x000000071a46e658}> (0x000000071a46e658) 
thrown [e:\jenkins\tmp\workspace\build\src\src\hotspot\share\prims\jni.cpp, line 516]
Event: 277.946 Thread 0x000001ec8efccfa0 Exception <a 'java/lang/ClassNotFoundException'{0x000000070f723850}: java/lang/ObjectCustomizer> (0x000000070f723850) 
thrown [e:\jenkins\tmp\workspace\build\src\src\hotspot\share\classfile\systemDictionary.cpp, line 256]
Event: 277.948 Thread 0x000001ec8efccfa0 Exception <a 'java/lang/ClassNotFoundException'{0x000000070f72f288}: com/mdsl/model/entity/TerminalTypesCustomizer> (0x000000070f72f288) 
thrown [e:\jenkins\tmp\workspace\build\src\src\hotspot\share\classfile\systemDictionary.cpp, line 256]
Event: 278.168 Thread 0x000001ec8efccfa0 Exception <a 'java/lang/ClassNotFoundException'{0x000000070e971640}: java/lang/ObjectCustomizer> (0x000000070e971640) 
thrown [e:\jenkins\tmp\workspace\build\src\src\hotspot\share\classfile\systemDictionary.cpp, line 256]
Event: 278.169 Thread 0x000001ec8efccfa0 Exception <a 'java/lang/ClassNotFoundException'{0x000000070e97b530}: com/mdsl/model/entity/AccountCustomizer> (0x000000070e97b530) 
thrown [e:\jenkins\tmp\workspace\build\src\src\hotspot\share\classfile\systemDictionary.cpp, line 256]

VM Operations (20 events):
Event: 279.249 Executing VM operation: Cleanup
Event: 279.249 Executing VM operation: Cleanup done
Event: 313.157 Executing VM operation: HandshakeAllThreads
Event: 313.157 Executing VM operation: HandshakeAllThreads done
Event: 313.157 Executing VM operation: Cleanup
Event: 313.157 Executing VM operation: Cleanup done
Event: 314.169 Executing VM operation: Cleanup
Event: 314.169 Executing VM operation: Cleanup done
Event: 315.172 Executing VM operation: Cleanup
Event: 315.172 Executing VM operation: Cleanup done
Event: 336.161 Executing VM operation: ChangeBreakpoints
Event: 336.163 Executing VM operation: ChangeBreakpoints done
Event: 336.165 Executing VM operation: ChangeBreakpoints
Event: 336.168 Executing VM operation: ChangeBreakpoints done
Event: 347.472 Executing VM operation: RedefineClasses
Event: 347.525 Executing VM operation: RedefineClasses done
Event: 347.549 Executing VM operation: ChangeBreakpoints
Event: 347.552 Executing VM operation: ChangeBreakpoints done
Event: 347.556 Executing VM operation: ChangeBreakpoints
Event: 347.559 Executing VM operation: ChangeBreakpoints done

Events (20 events):
Event: 313.093 loading class java/util/concurrent/Semaphore$Sync
Event: 313.093 loading class java/util/concurrent/Semaphore$Sync done
Event: 313.093 loading class java/util/concurrent/Semaphore$NonfairSync done
Event: 313.093 loading class sun/nio/ch/SocketAdaptor
Event: 313.093 loading class sun/nio/ch/SocketAdaptor done
Event: 313.094 loading class sun/nio/ch/SocketChannelImpl$DefaultOptionsHolder
Event: 313.094 loading class sun/nio/ch/SocketChannelImpl$DefaultOptionsHolder done
Event: 313.095 loading class sun/nio/ch/SelectionKeyImpl
Event: 313.095 loading class java/nio/channels/spi/AbstractSelectionKey
Event: 313.096 loading class java/nio/channels/SelectionKey
Event: 313.096 loading class java/nio/channels/SelectionKey done
Event: 313.096 loading class java/nio/channels/spi/AbstractSelectionKey done
Event: 313.096 loading class sun/nio/ch/SelectionKeyImpl done
Event: 313.096 loading class java/lang/invoke/ConstantBootstraps
Event: 313.097 loading class java/lang/invoke/ConstantBootstraps done
Event: 313.177 loading class java/nio/StringCharBuffer
Event: 313.177 loading class java/nio/StringCharBuffer done
Event: 348.705 Thread 0x000001ec8efcbc60 Thread added: 0x000001ec8efcbc60
Event: 348.705 Thread 0x000001ec8efcd940 Thread exited: 0x000001ec8efcd940
Event: 348.728 Thread 0x000001ec8efd17d0 Thread exited: 0x000001ec8efd17d0


Dynamic libraries:
0x00007ff622470000 - 0x00007ff62247e000 	C:\Users\LPT128\Downloads\sts-4.14.1.RELEASE\plugins\org.eclipse.justj.openjdk.hotspot.jre.full.win32.x86_64_17.0.2.v20220201-1208\jre\bin\javaw.exe
0x00007ffc9c500000 - 0x00007ffc9c707000 	C:\windows\SYSTEM32\ntdll.dll
0x00007ffc9afa0000 - 0x00007ffc9b05d000 	C:\windows\System32\KERNEL32.DLL
0x00007ffc99bb0000 - 0x00007ffc99f24000 	C:\windows\System32\KERNELBASE.dll
0x00007ffc9a1b0000 - 0x00007ffc9a2c1000 	C:\windows\System32\ucrtbase.dll
0x00007ffc859e0000 - 0x00007ffc859f8000 	C:\Users\LPT128\Downloads\sts-4.14.1.RELEASE\plugins\org.eclipse.justj.openjdk.hotspot.jre.full.win32.x86_64_17.0.2.v20220201-1208\jre\bin\jli.dll
0x00007ffc9bf20000 - 0x00007ffc9c0cc000 	C:\windows\System32\USER32.dll
0x00007ffc99b80000 - 0x00007ffc99ba6000 	C:\windows\System32\win32u.dll
0x00007ffc9a6e0000 - 0x00007ffc9a709000 	C:\windows\System32\GDI32.dll
0x00007ffc99a60000 - 0x00007ffc99b72000 	C:\windows\System32\gdi32full.dll
0x00007ffc99f30000 - 0x00007ffc99fcd000 	C:\windows\System32\msvcp_win.dll
0x00007ffc85a00000 - 0x00007ffc85a19000 	C:\Users\LPT128\Downloads\sts-4.14.1.RELEASE\plugins\org.eclipse.justj.openjdk.hotspot.jre.full.win32.x86_64_17.0.2.v20220201-1208\jre\bin\VCRUNTIME140.dll
0x00007ffc7e9c0000 - 0x00007ffc7ec65000 	C:\windows\WinSxS\amd64_microsoft.windows.common-controls_6595b64144ccf1df_6.0.22000.120_none_9d947278b86cc467\COMCTL32.dll
0x00007ffc9b060000 - 0x00007ffc9b103000 	C:\windows\System32\msvcrt.dll
0x00007ffc9c470000 - 0x00007ffc9c4a1000 	C:\windows\System32\IMM32.DLL
0x00007ffc96d30000 - 0x00007ffc96d3c000 	C:\Users\LPT128\Downloads\sts-4.14.1.RELEASE\plugins\org.eclipse.justj.openjdk.hotspot.jre.full.win32.x86_64_17.0.2.v20220201-1208\jre\bin\vcruntime140_1.dll
0x00007ffc2ec60000 - 0x00007ffc2ecf1000 	C:\Users\LPT128\Downloads\sts-4.14.1.RELEASE\plugins\org.eclipse.justj.openjdk.hotspot.jre.full.win32.x86_64_17.0.2.v20220201-1208\jre\bin\msvcp140.dll
0x00007ffc1ea50000 - 0x00007ffc1f697000 	C:\Users\LPT128\Downloads\sts-4.14.1.RELEASE\plugins\org.eclipse.justj.openjdk.hotspot.jre.full.win32.x86_64_17.0.2.v20220201-1208\jre\bin\server\jvm.dll
0x00007ffc9b110000 - 0x00007ffc9b1bc000 	C:\windows\System32\ADVAPI32.dll
0x00007ffc9b2c0000 - 0x00007ffc9b35d000 	C:\windows\System32\sechost.dll
0x00007ffc9bdf0000 - 0x00007ffc9bf11000 	C:\windows\System32\RPCRT4.dll
0x00007ffc9c4b0000 - 0x00007ffc9c4b8000 	C:\windows\System32\PSAPI.DLL
0x00007ffc74ec0000 - 0x00007ffc74ec9000 	C:\windows\SYSTEM32\WSOCK32.dll
0x00007ffc9a710000 - 0x00007ffc9a77f000 	C:\windows\System32\WS2_32.dll
0x00007ffc93ee0000 - 0x00007ffc93f13000 	C:\windows\SYSTEM32\WINMM.dll
0x00007ffc919f0000 - 0x00007ffc919fa000 	C:\windows\SYSTEM32\VERSION.dll
0x00007ffc98b00000 - 0x00007ffc98b18000 	C:\windows\SYSTEM32\kernel.appcore.dll
0x00007ffc96100000 - 0x00007ffc9610a000 	C:\Users\LPT128\Downloads\sts-4.14.1.RELEASE\plugins\org.eclipse.justj.openjdk.hotspot.jre.full.win32.x86_64_17.0.2.v20220201-1208\jre\bin\jimage.dll
0x00007ffc87730000 - 0x00007ffc87951000 	C:\windows\SYSTEM32\DBGHELP.DLL
0x00007ffc7e260000 - 0x00007ffc7e291000 	C:\windows\SYSTEM32\dbgcore.DLL
0x00007ffc999e0000 - 0x00007ffc99a60000 	C:\windows\System32\bcryptPrimitives.dll
0x00007ffc243f0000 - 0x00007ffc2442b000 	C:\Users\LPT128\Downloads\sts-4.14.1.RELEASE\plugins\org.eclipse.justj.openjdk.hotspot.jre.full.win32.x86_64_17.0.2.v20220201-1208\jre\bin\jdwp.dll
0x00007ffc42de0000 - 0x00007ffc42dee000 	C:\Users\LPT128\Downloads\sts-4.14.1.RELEASE\plugins\org.eclipse.justj.openjdk.hotspot.jre.full.win32.x86_64_17.0.2.v20220201-1208\jre\bin\instrument.dll
0x00007ffc7f3a0000 - 0x00007ffc7f3c5000 	C:\Users\LPT128\Downloads\sts-4.14.1.RELEASE\plugins\org.eclipse.justj.openjdk.hotspot.jre.full.win32.x86_64_17.0.2.v20220201-1208\jre\bin\java.dll
0x00007ffc96090000 - 0x00007ffc960a8000 	C:\Users\LPT128\Downloads\sts-4.14.1.RELEASE\plugins\org.eclipse.justj.openjdk.hotspot.jre.full.win32.x86_64_17.0.2.v20220201-1208\jre\bin\zip.dll
0x00007ffc9b3e0000 - 0x00007ffc9bb8a000 	C:\windows\System32\SHELL32.dll
0x00007ffc97b80000 - 0x00007ffc983e2000 	C:\windows\SYSTEM32\windows.storage.dll
0x00007ffc9c0f0000 - 0x00007ffc9c468000 	C:\windows\System32\combase.dll
0x00007ffc97a10000 - 0x00007ffc97b76000 	C:\windows\SYSTEM32\wintypes.dll
0x00007ffc9bc00000 - 0x00007ffc9bcea000 	C:\windows\System32\SHCORE.dll
0x00007ffc9aad0000 - 0x00007ffc9ab2d000 	C:\windows\System32\shlwapi.dll
0x00007ffc99910000 - 0x00007ffc99931000 	C:\windows\SYSTEM32\profapi.dll
0x00007ffc42a00000 - 0x00007ffc42a0c000 	C:\Users\LPT128\Downloads\sts-4.14.1.RELEASE\plugins\org.eclipse.justj.openjdk.hotspot.jre.full.win32.x86_64_17.0.2.v20220201-1208\jre\bin\dt_socket.dll
0x00007ffc98640000 - 0x00007ffc9866d000 	C:\windows\SYSTEM32\IPHLPAPI.DLL
0x00007ffc98f80000 - 0x00007ffc98fe7000 	C:\windows\system32\mswsock.dll
0x00007ffc98670000 - 0x00007ffc98757000 	C:\windows\SYSTEM32\DNSAPI.dll
0x00007ffc9b1c0000 - 0x00007ffc9b1c9000 	C:\windows\System32\NSI.dll
0x00007ffc83510000 - 0x00007ffc8351a000 	C:\Windows\System32\rasadhlp.dll
0x00007ffc91920000 - 0x00007ffc919a1000 	C:\windows\System32\fwpuclnt.dll
0x00007ffc7f490000 - 0x00007ffc7f4a9000 	C:\Users\LPT128\Downloads\sts-4.14.1.RELEASE\plugins\org.eclipse.justj.openjdk.hotspot.jre.full.win32.x86_64_17.0.2.v20220201-1208\jre\bin\net.dll
0x00007ffc943a0000 - 0x00007ffc944ac000 	C:\windows\SYSTEM32\WINHTTP.dll
0x00007ffc7f380000 - 0x00007ffc7f395000 	C:\Users\LPT128\Downloads\sts-4.14.1.RELEASE\plugins\org.eclipse.justj.openjdk.hotspot.jre.full.win32.x86_64_17.0.2.v20220201-1208\jre\bin\nio.dll
0x00007ffc96110000 - 0x00007ffc96119000 	C:\Users\LPT128\Downloads\sts-4.14.1.RELEASE\plugins\org.eclipse.justj.openjdk.hotspot.jre.full.win32.x86_64_17.0.2.v20220201-1208\jre\bin\management.dll
0x00007ffc859d0000 - 0x00007ffc859db000 	C:\Users\LPT128\Downloads\sts-4.14.1.RELEASE\plugins\org.eclipse.justj.openjdk.hotspot.jre.full.win32.x86_64_17.0.2.v20220201-1208\jre\bin\management_ext.dll
0x00007ffc74620000 - 0x00007ffc74637000 	C:\windows\system32\napinsp.dll
0x00007ffc74e20000 - 0x00007ffc74e3b000 	C:\windows\system32\pnrpnsp.dll
0x00007ffc75000000 - 0x00007ffc75012000 	C:\windows\System32\winrnr.dll
0x00007ffc74fe0000 - 0x00007ffc74ff5000 	C:\windows\system32\wshbth.dll
0x00007ffc74fc0000 - 0x00007ffc74fdf000 	C:\windows\system32\nlansp_c.dll
0x00007ffc991d0000 - 0x00007ffc991e8000 	C:\windows\SYSTEM32\CRYPTSP.dll
0x00007ffc98a60000 - 0x00007ffc98a95000 	C:\windows\system32\rsaenh.dll
0x00007ffc99070000 - 0x00007ffc99099000 	C:\windows\SYSTEM32\USERENV.dll
0x00007ffc99340000 - 0x00007ffc99367000 	C:\windows\SYSTEM32\bcrypt.dll
0x00007ffc991c0000 - 0x00007ffc991cc000 	C:\windows\SYSTEM32\CRYPTBASE.dll
0x00007ffc94550000 - 0x00007ffc94569000 	C:\windows\SYSTEM32\dhcpcsvc6.DLL
0x00007ffc94ac0000 - 0x00007ffc94ade000 	C:\windows\SYSTEM32\dhcpcsvc.DLL
0x00007ffc953d0000 - 0x00007ffc953e0000 	C:\Users\LPT128\Downloads\sts-4.14.1.RELEASE\plugins\org.eclipse.justj.openjdk.hotspot.jre.full.win32.x86_64_17.0.2.v20220201-1208\jre\bin\verify.dll
0x00007ffc92e10000 - 0x00007ffc92e1e000 	C:\Users\LPT128\Downloads\sts-4.14.1.RELEASE\plugins\org.eclipse.justj.openjdk.hotspot.jre.full.win32.x86_64_17.0.2.v20220201-1208\jre\bin\sunmscapi.dll
0x00007ffc99fd0000 - 0x00007ffc9a132000 	C:\windows\System32\CRYPT32.dll
0x00007ffc99310000 - 0x00007ffc99338000 	C:\windows\SYSTEM32\ncrypt.dll
0x00007ffc992d0000 - 0x00007ffc99307000 	C:\windows\SYSTEM32\NTASN1.dll
0x00007ffc429f0000 - 0x00007ffc429f8000 	C:\windows\system32\wshunix.dll

dbghelp: loaded successfully - version: 4.0.5 - missing functions: none
symbol engine: initialized successfully - sym options: 0x614 - pdb path: .;C:\Users\LPT128\Downloads\sts-4.14.1.RELEASE\plugins\org.eclipse.justj.openjdk.hotspot.jre.full.win32.x86_64_17.0.2.v20220201-1208\jre\bin;C:\windows\SYSTEM32;C:\windows\WinSxS\amd64_microsoft.windows.common-controls_6595b64144ccf1df_6.0.22000.120_none_9d947278b86cc467;C:\Users\LPT128\Downloads\sts-4.14.1.RELEASE\plugins\org.eclipse.justj.openjdk.hotspot.jre.full.win32.x86_64_17.0.2.v20220201-1208\jre\bin\server

VM Arguments:
jvm_args: -XX:+ShowCodeDetailsInExceptionMessages -agentlib:jdwp=transport=dt_socket,suspend=y,address=localhost:62891 -Dcom.sun.management.jmxremote -Dcom.sun.management.jmxremote.port=62889 -Dcom.sun.management.jmxremote.authenticate=false -Dcom.sun.management.jmxremote.ssl=false -Djava.rmi.server.hostname=localhost -Dspring.jmx.enabled=true -Dspring.application.admin.enabled=true -XX:TieredStopAtLevel=1 -Dspring.boot.project.name=PrimeProduct -javaagent:C:\Users\LPT128\Downloads\sts-4.14.1.RELEASE\configuration\org.eclipse.osgi\265\0\.cp\lib\javaagent-shaded.jar -Dfile.encoding=UTF-8 
java_command: com.mdsl.PrimeProductApplication --spring.output.ansi.enabled=always
java_class_path (initial): C:\Users\LPT128\Downloads\PrimeProduct\PrimeProduct\target\classes;C:\Users\LPT128\.m2\repository\org\springframework\boot\spring-boot-starter-data-jpa\2.7.2\spring-boot-starter-data-jpa-2.7.2.jar;C:\Users\LPT128\.m2\repository\org\springframework\boot\spring-boot-starter-aop\2.7.2\spring-boot-starter-aop-2.7.2.jar;C:\Users\LPT128\.m2\repository\org\springframework\spring-aop\5.3.22\spring-aop-5.3.22.jar;C:\Users\LPT128\.m2\repository\org\aspectj\aspectjweaver\1.9.7\aspectjweaver-1.9.7.jar;C:\Users\LPT128\.m2\repository\org\springframework\boot\spring-boot-starter-jdbc\2.7.2\spring-boot-starter-jdbc-2.7.2.jar;C:\Users\LPT128\.m2\repository\com\zaxxer\HikariCP\4.0.3\HikariCP-4.0.3.jar;C:\Users\LPT128\.m2\repository\org\springframework\spring-jdbc\5.3.22\spring-jdbc-5.3.22.jar;C:\Users\LPT128\.m2\repository\jakarta\transaction\jakarta.transaction-api\1.3.3\jakarta.transaction-api-1.3.3.jar;C:\Users\LPT128\.m2\repository\jakarta\persistence\jakarta.persistence-api\2.2.3\jakarta.persistence-api-2.2.3.jar;C:\Users\LPT128\.m2\repository\org\hibernate\hibernate-core\5.6.10.Final\hibernate-core-5.6.10.Final.jar;C:\Users\LPT128\.m2\repository\org\jboss\logging\jboss-logging\3.4.3.Final\jboss-logging-3.4.3.Final.jar;C:\Users\LPT128\.m2\repository\net\bytebuddy\byte-buddy\1.12.12\byte-buddy-1.12.12.jar;C:\Users\LPT128\.m2\repository\antlr\antlr\2.7.7\antlr-2.7.7.jar;C:\Users\LPT128\.m2\repository\org\jboss\jandex\2.4.2.Final\jandex-2.4.2.Final.jar;C:\Users\LPT128\.m2\repository\com\fasterxml\classmate\1.5.1\classmate-1.5.1.jar;C:\Users\LPT128\.m2\repository\org\hibernate\common\hibernate-commons-annotations\5.1.2.Final\hibernate-commons-annotations-5.1.2.Final.jar;C:\Users\LPT128\.m2\repository\org\springframework\data\spring-data-jpa\2.7.2\spring-data-jpa-2.7.2.jar;C:\Users\LPT128\.m2\repository\org\springframework\data\spring-data-commons\2.7.2\spring-data-commons-2.7.2.jar;C:\Users\LPT128\.m2\repository\org\springframework\spring-orm\5.3.22\spri
Launcher Type: SUN_STANDARD

[Global flags]
     intx CICompilerCount                          = 4                                         {product} {ergonomic}
     uint ConcGCThreads                            = 3                                         {product} {ergonomic}
     uint G1ConcRefinementThreads                  = 10                                        {product} {ergonomic}
   size_t G1HeapRegionSize                         = 2097152                                   {product} {ergonomic}
    uintx GCDrainStackTargetSize                   = 64                                        {product} {ergonomic}
   size_t InitialHeapSize                          = 257949696                                 {product} {ergonomic}
     bool ManagementServer                         = true                                      {product} {command line}
   size_t MarkStackSize                            = 4194304                                   {product} {ergonomic}
   size_t MaxHeapSize                              = 4110417920                                {product} {ergonomic}
   size_t MaxNewSize                               = 2466250752                                {product} {ergonomic}
   size_t MinHeapDeltaBytes                        = 2097152                                   {product} {ergonomic}
   size_t MinHeapSize                              = 8388608                                   {product} {ergonomic}
    uintx NonProfiledCodeHeapSize                  = 0                                      {pd product} {ergonomic}
     bool ProfileInterpreter                       = false                                  {pd product} {command line}
    uintx ProfiledCodeHeapSize                     = 0                                      {pd product} {ergonomic}
     bool ShowCodeDetailsInExceptionMessages       = true                                   {manageable} {command line}
   size_t SoftMaxHeapSize                          = 4110417920                             {manageable} {ergonomic}
     intx TieredStopAtLevel                        = 1                                         {product} {command line}
     bool UseCompressedClassPointers               = true                           {product lp64_product} {ergonomic}
     bool UseCompressedOops                        = true                           {product lp64_product} {ergonomic}
     bool UseG1GC                                  = true                                      {product} {ergonomic}
     bool UseLargePagesIndividualAllocation        = false                                  {pd product} {ergonomic}

Logging:
Log output configuration:
 #0: stdout all=warning uptime,level,tags
 #1: stderr all=off uptime,level,tags

Environment Variables:
PATH=C:\Users\LPT128\Downloads\sts-4.14.1.RELEASE\plugins\org.eclipse.justj.openjdk.hotspot.jre.full.win32.x86_64_17.0.2.v20220201-1208\jre\bin;C:/Users/LPT128/Downloads/sts-4.14.1.RELEASE//plugins/org.eclipse.justj.openjdk.hotspot.jre.full.win32.x86_64_17.0.2.v20220201-1208/jre/bin/server;C:/Users/LPT128/Downloads/sts-4.14.1.RELEASE//plugins/org.eclipse.justj.openjdk.hotspot.jre.full.win32.x86_64_17.0.2.v20220201-1208/jre/bin;C:\Program Files\Microsoft MPI\Bin\;C:\Program Files (x86)\Common Files\Oracle\Java\javapath;C:\windows\system32;C:\windows;C:\windows\System32\Wbem;C:\windows\System32\WindowsPowerShell\v1.0\;C:\windows\System32\OpenSSH\;C:\Program Files\TortoiseSVN\bin;C:\Program Files\WireGuard\;C:\Program Files\dotnet\;C:\Program Files (x86)\dotnet\;C:\Program Files\Git\cmd;C:\Program Files (x86)\Microsoft SQL Server\150\Tools\Binn\;C:\Program Files\Microsoft SQL Server\150\Tools\Binn\;C:\Program Files (x86)\Microsoft SQL Server\150\DTS\Binn\;C:\Program Files\Microsoft SQL Server\150\DTS\Binn\;C:\Program Files\Microsoft SQL Server\Client SDK\ODBC\170\Tools\Binn\;C:\Program Files\Azure Data Studio\bin;C:\Program Files\Microsoft SQL Server\130\Tools\Binn\;C:\Program Files\Microsoft SQL Server\120\Tools\Binn\;C:\Program Files\Microsoft SQL Server\Client SDK\ODBC\110\Tools\Binn\;C:\Program Files (x86)\Microsoft SQL Server\120\Tools\Binn\;C:\Program Files\Microsoft SQL Server\120\DTS\Binn\;C:\Program Files (x86)\Microsoft SQL Server\120\Tools\Binn\ManagementStudio\;C:\Program Files (x86)\Microsoft SQL Server\120\DTS\Binn\;C:\Program Files\nodejs\;C:\Users\LPT128\AppData\Local\Programs\Python\Python310\Scripts\;C:\Users\LPT128\AppData\Local\Programs\Python\Python310\;C:\Users\LPT128\AppData\Local\Microsoft\WindowsApps;;C:\Users\LPT128\AppData\Local\Programs\Microsoft VS Code\bin;C:\Users\LPT128\AppData\Roaming\npm;C:\Users\LPT128\Downloads\sts-4.14.1.RELEASE;
USERNAME=LPT128
OS=Windows_NT
PROCESSOR_IDENTIFIER=AMD64 Family 23 Model 104 Stepping 1, AuthenticAMD



---------------  S Y S T E M  ---------------

OS:
 Windows 11 , 64 bit Build 22000 (10.0.22000.282)
OS uptime: 0 days 10:11 hours

CPU: total 12 (initial active 12) (12 cores per cpu, 2 threads per core) family 23 model 104 stepping 1 microcode 0x0, cx8, cmov, fxsr, ht, mmx, 3dnowpref, sse, sse2, sse3, ssse3, sse4a, sse4.1, sse4.2, popcnt, lzcnt, tsc, tscinvbit, avx, avx2, aes, clmul, bmi1, bmi2, adx, sha, fma, vzeroupper, clflush, clflushopt

Memory: 4k page, system-wide physical 15679M (5665M free)
TotalPageFile size 24383M (AvailPageFile size 9387M)
current process WorkingSet (physical memory assigned to process): 230M, peak: 230M
current process commit charge ("private bytes"): 268M, peak: 362M

vm_info: OpenJDK 64-Bit Server VM (17.0.2+8) for windows-amd64 JRE (17.0.2+8), built on Jan 20 2022 04:52:34 by "" with MS VC++ 16.7 (VS2019)

END.
