#
# A fatal error has been detected by the Java Runtime Environment:
#
#  EXCEPTION_ACCESS_VIOLATION (0xc0000005) at pc=0x00007ffc9af95018, pid=12880, tid=19432
#
# JRE version: OpenJDK Runtime Environment Temurin-17.0.2+8 (17.0.2+8) (build 17.0.2+8)
# Java VM: OpenJDK 64-Bit Server VM Temurin-17.0.2+8 (17.0.2+8, mixed mode, emulated-client, tiered, compressed oops, compressed class ptrs, g1 gc, windows-amd64)
# Problematic frame:
# C  0x00007ffc9af95018
#
# No core dump will be written. Minidumps are not enabled by default on client versions of Windows
#
# If you would like to submit a bug report, please visit:
#   https://github.com/adoptium/adoptium-support/issues
# The crash happened outside the Java Virtual Machine in native code.
# See problematic frame for where to report the bug.
#

---------------  S U M M A R Y ------------

Command Line: -XX:+ShowCodeDetailsInExceptionMessages -agentlib:jdwp=transport=dt_socket,suspend=y,address=localhost:55520 -Dcom.sun.management.jmxremote -Dcom.sun.management.jmxremote.port=55518 -Dcom.sun.management.jmxremote.authenticate=false -Dcom.sun.management.jmxremote.ssl=false -Djava.rmi.server.hostname=localhost -Dspring.jmx.enabled=true -Dspring.application.admin.enabled=true -XX:TieredStopAtLevel=1 -Dspring.boot.project.name=PrimeProduct -javaagent:C:\Users\LPT128\Downloads\sts-4.14.1.RELEASE\configuration\org.eclipse.osgi\265\0\.cp\lib\javaagent-shaded.jar -Dfile.encoding=UTF-8 com.mdsl.PrimeProductApplication --spring.output.ansi.enabled=always

Host: AMD Ryzen 5 5500U with Radeon Graphics         , 12 cores, 15G,  Windows 11 , 64 bit Build 22000 (10.0.22000.282)
Time: Mon Aug  8 23:41:40 2022 India Standard Time elapsed time: 25061.971723 seconds (0d 6h 57m 41s)

---------------  T H R E A D  ---------------

Current thread (0x0000020ca13a23a0):  JavaThread "Thread-27" [_thread_in_native, id=19432, stack(0x000000a6b1200000,0x000000a6b1300000)]

Stack: [0x000000a6b1200000,0x000000a6b1300000],  sp=0x000000a6b12fe260,  free space=1016k
Native frames: (J=compiled Java code, j=interpreted, Vv=VM code, C=native code)
C  0x00007ffc9af95018

Java frames: (J=compiled Java code, j=interpreted, Vv=VM code)
J 6275  sun.nio.ch.Net.shutdown(Ljava/io/FileDescriptor;I)V java.base@17.0.2 (0 bytes) @ 0x0000020c8d9346fd [0x0000020c8d9346a0+0x000000000000005d]
J 6271 c1 sun.nio.ch.NioSocketImpl.close()V java.base@17.0.2 (133 bytes) @ 0x0000020c8d933e2c [0x0000020c8d933d00+0x000000000000012c]
j  java.net.SocksSocketImpl.close()V+23 java.base@17.0.2
J 6020 c1 java.net.Socket.close()V java.base@17.0.2 (47 bytes) @ 0x0000020c8d7a541c [0x0000020c8d7a52e0+0x000000000000013c]
j  org.apache.tomcat.util.net.AbstractEndpoint.unlockAccept()V+307
j  org.apache.tomcat.util.net.NioEndpoint.unlockAccept()V+8
j  org.apache.tomcat.util.net.AbstractEndpoint.closeServerSocketGraceful()V+23
j  org.apache.coyote.AbstractProtocol.closeServerSocketGraceful()V+4
j  org.apache.catalina.core.StandardService.stopInternal()V+35
j  org.apache.catalina.util.LifecycleBase.stop()V+214
j  org.apache.catalina.core.StandardServer.stopInternal()V+82
j  org.apache.catalina.util.LifecycleBase.stop()V+214
j  org.apache.catalina.startup.Tomcat.stop()V+9
j  org.springframework.boot.web.embedded.tomcat.TomcatWebServer.stopTomcat()V+29
j  org.springframework.boot.web.embedded.tomcat.TomcatWebServer.stop()V+32
j  org.springframework.boot.web.servlet.context.WebServerStartStopLifecycle.stop()V+4
j  org.springframework.context.SmartLifecycle.stop(Ljava/lang/Runnable;)V+1
j  org.springframework.context.support.DefaultLifecycleProcessor.doStop(Ljava/util/Map;Ljava/lang/String;Ljava/util/concurrent/CountDownLatch;Ljava/util/Set;)V+174
j  org.springframework.context.support.DefaultLifecycleProcessor.access$300(Lorg/springframework/context/support/DefaultLifecycleProcessor;Ljava/util/Map;Ljava/lang/String;Ljava/util/concurrent/CountDownLatch;Ljava/util/Set;)V+6
j  org.springframework.context.support.DefaultLifecycleProcessor$LifecycleGroup.stop()V+176
j  org.springframework.context.support.DefaultLifecycleProcessor.stopBeans()V+100
j  org.springframework.context.support.DefaultLifecycleProcessor.onClose()V+1
j  org.springframework.context.support.AbstractApplicationContext.doClose()V+111
j  org.springframework.boot.web.servlet.context.ServletWebServerApplicationContext.doClose()V+15
j  org.springframework.context.support.AbstractApplicationContext.close()V+8
j  org.springframework.boot.devtools.restart.Restarter.stop()V+50
j  org.springframework.boot.devtools.restart.Restarter.lambda$restart$1(Lorg/springframework/boot/devtools/restart/FailureHandler;)Ljava/lang/Object;+1
j  org.springframework.boot.devtools.restart.Restarter$$Lambda$1132+0x000000080083f7b8.call()Ljava/lang/Object;+8
j  org.springframework.boot.devtools.restart.Restarter$LeakSafeThread.run()V+28
v  ~StubRoutines::call_stub

siginfo: EXCEPTION_ACCESS_VIOLATION (0xc0000005), data execution prevention violation at address 0x00007ffc9af95018


Register to memory mapping:

RIP=0x00007ffc9af95018 is an unknown value
RAX=0x0000020c9eae0260 points into unknown readable memory: 0x0000020c9e4b7510 | 10 75 4b 9e 0c 02 00 00
RBX=0x0000020c9e4b7510 points into unknown readable memory: 0x0000000000000003 | 03 00 00 00 00 00 00 00
RCX=0x0000020c9e4b7510 points into unknown readable memory: 0x0000000000000003 | 03 00 00 00 00 00 00 00
RDX=0x0000000000000018 is an unknown value
RSP=0x000000a6b12fe260 is pointing into the stack for thread: 0x0000020ca13a23a0
RBP=0x000000a6b12fe340 is pointing into the stack for thread: 0x0000020ca13a23a0
RSI=0x0000000000000001 is an unknown value
RDI=0x0000020c9ed20bd0 points into unknown readable memory: 0x0000020c9ee1d440 | 40 d4 e1 9e 0c 02 00 00
R8 =0x0000000000000001 is an unknown value
R9 =0x0000000000000bb8 is an unknown value
R10=0x000000000000001f is an unknown value
R11=0x0000020c9ca7bb60 points into unknown readable memory: 0x00000000000007d0 | d0 07 00 00 00 00 00 00
R12=0x0000020c9e4b75f0 points into unknown readable memory: 0x0000020ca12da910 | 10 a9 2d a1 0c 02 00 00
R13=0x000000a6b12fe3d0 is pointing into the stack for thread: 0x0000020ca13a23a0
R14=0x0000000000000bb8 is an unknown value
R15=0x0000020ca13a23a0 is a thread


Registers:
RAX=0x0000020c9eae0260, RBX=0x0000020c9e4b7510, RCX=0x0000020c9e4b7510, RDX=0x0000000000000018
RSP=0x000000a6b12fe260, RBP=0x000000a6b12fe340, RSI=0x0000000000000001, RDI=0x0000020c9ed20bd0
R8 =0x0000000000000001, R9 =0x0000000000000bb8, R10=0x000000000000001f, R11=0x0000020c9ca7bb60
R12=0x0000020c9e4b75f0, R13=0x000000a6b12fe3d0, R14=0x0000000000000bb8, R15=0x0000020ca13a23a0
RIP=0x00007ffc9af95018, EFLAGS=0x0000000000010206

Top of Stack: (sp=0x000000a6b12fe260)
0x000000a6b12fe260:   000000a6b12fe2e0 00007ffc7f49c7cd
0x000000a6b12fe270:   000000a6b12fe2f8 0000020c8d7c6a34
0x000000a6b12fe280:   0000020c9e78f1a0 00007ffc98f87f6a
0x000000a6b12fe290:   000000a6b12fe318 0000000000000000
0x000000a6b12fe2a0:   0000020c9ed20bd0 0000000000000001
0x000000a6b12fe2b0:   0000020c9e4b7510 00007ffc98f843f4
0x000000a6b12fe2c0:   0000000000000000 0000000000000001
0x000000a6b12fe2d0:   000000a6b12fe318 0000020c8d3676fc
0x000000a6b12fe2e0:   0000000000000000 00000000000f4240
0x000000a6b12fe2f0:   000000a6b12fe360 0000020c8d934ba7
0x000000a6b12fe300:   000000a6b12fe370 000000070bb0eba0
0x000000a6b12fe310:   0000020c9ed20bd0 0000002000000004
0x000000a6b12fe320:   000000000000ffff 0000000000000080
0x000000a6b12fe330:   000000070eef5f30 0000ce669972a590
0x000000a6b12fe340:   0000020ca13a23a0 000000a6b12fe440
0x000000a6b12fe350:   000000a6b12fe518 0000000000000000 

Instructions: (pc=0x00007ffc9af95018)
0x00007ffc9af94f18:   ?? ?? ?? ?? ?? ?? ?? ?? ?? ?? ?? ?? ?? ?? ?? ??
0x00007ffc9af94f28:   ?? ?? ?? ?? ?? ?? ?? ?? ?? ?? ?? ?? ?? ?? ?? ??
0x00007ffc9af94f38:   ?? ?? ?? ?? ?? ?? ?? ?? ?? ?? ?? ?? ?? ?? ?? ??
0x00007ffc9af94f48:   ?? ?? ?? ?? ?? ?? ?? ?? ?? ?? ?? ?? ?? ?? ?? ??
0x00007ffc9af94f58:   ?? ?? ?? ?? ?? ?? ?? ?? ?? ?? ?? ?? ?? ?? ?? ??
0x00007ffc9af94f68:   ?? ?? ?? ?? ?? ?? ?? ?? ?? ?? ?? ?? ?? ?? ?? ??
0x00007ffc9af94f78:   ?? ?? ?? ?? ?? ?? ?? ?? ?? ?? ?? ?? ?? ?? ?? ??
0x00007ffc9af94f88:   ?? ?? ?? ?? ?? ?? ?? ?? ?? ?? ?? ?? ?? ?? ?? ??
0x00007ffc9af94f98:   ?? ?? ?? ?? ?? ?? ?? ?? ?? ?? ?? ?? ?? ?? ?? ??
0x00007ffc9af94fa8:   ?? ?? ?? ?? ?? ?? ?? ?? ?? ?? ?? ?? ?? ?? ?? ??
0x00007ffc9af94fb8:   ?? ?? ?? ?? ?? ?? ?? ?? ?? ?? ?? ?? ?? ?? ?? ??
0x00007ffc9af94fc8:   ?? ?? ?? ?? ?? ?? ?? ?? ?? ?? ?? ?? ?? ?? ?? ??
0x00007ffc9af94fd8:   ?? ?? ?? ?? ?? ?? ?? ?? ?? ?? ?? ?? ?? ?? ?? ??
0x00007ffc9af94fe8:   ?? ?? ?? ?? ?? ?? ?? ?? ?? ?? ?? ?? ?? ?? ?? ??
0x00007ffc9af94ff8:   ?? ?? ?? ?? ?? ?? ?? ?? ?? ?? ?? ?? ?? ?? ?? ??
0x00007ffc9af95008:   ?? ?? ?? ?? ?? ?? ?? ?? ?? ?? ?? ?? ?? ?? ?? ??
0x00007ffc9af95018:   ?? ?? ?? ?? ?? ?? ?? ?? ?? ?? ?? ?? ?? ?? ?? ??
0x00007ffc9af95028:   ?? ?? ?? ?? ?? ?? ?? ?? ?? ?? ?? ?? ?? ?? ?? ??
0x00007ffc9af95038:   ?? ?? ?? ?? ?? ?? ?? ?? ?? ?? ?? ?? ?? ?? ?? ??
0x00007ffc9af95048:   ?? ?? ?? ?? ?? ?? ?? ?? ?? ?? ?? ?? ?? ?? ?? ??
0x00007ffc9af95058:   ?? ?? ?? ?? ?? ?? ?? ?? ?? ?? ?? ?? ?? ?? ?? ??
0x00007ffc9af95068:   ?? ?? ?? ?? ?? ?? ?? ?? ?? ?? ?? ?? ?? ?? ?? ??
0x00007ffc9af95078:   ?? ?? ?? ?? ?? ?? ?? ?? ?? ?? ?? ?? ?? ?? ?? ??
0x00007ffc9af95088:   ?? ?? ?? ?? ?? ?? ?? ?? ?? ?? ?? ?? ?? ?? ?? ??
0x00007ffc9af95098:   ?? ?? ?? ?? ?? ?? ?? ?? ?? ?? ?? ?? ?? ?? ?? ??
0x00007ffc9af950a8:   ?? ?? ?? ?? ?? ?? ?? ?? ?? ?? ?? ?? ?? ?? ?? ??
0x00007ffc9af950b8:   ?? ?? ?? ?? ?? ?? ?? ?? ?? ?? ?? ?? ?? ?? ?? ??
0x00007ffc9af950c8:   ?? ?? ?? ?? ?? ?? ?? ?? ?? ?? ?? ?? ?? ?? ?? ??
0x00007ffc9af950d8:   ?? ?? ?? ?? ?? ?? ?? ?? ?? ?? ?? ?? ?? ?? ?? ??
0x00007ffc9af950e8:   ?? ?? ?? ?? ?? ?? ?? ?? ?? ?? ?? ?? ?? ?? ?? ??
0x00007ffc9af950f8:   ?? ?? ?? ?? ?? ?? ?? ?? ?? ?? ?? ?? ?? ?? ?? ??
0x00007ffc9af95108:   ?? ?? ?? ?? ?? ?? ?? ?? ?? ?? ?? ?? ?? ?? ?? ?? 


Stack slot to memory mapping:
stack at sp + 0 slots: 0x000000a6b12fe2e0 is pointing into the stack for thread: 0x0000020ca13a23a0
stack at sp + 1 slots: 0x00007ffc7f49c7cd net.dll
stack at sp + 2 slots: 0x000000a6b12fe2f8 is pointing into the stack for thread: 0x0000020ca13a23a0
stack at sp + 3 slots: 0x0000020c8d7c6a34 is at entry_point+116 in (nmethod*)0x0000020c8d7c6810
stack at sp + 4 slots: 0x0000020c9e78f1a0 points into unknown readable memory: 0x0020004e00000002 | 02 00 00 00 4e 00 20 00
stack at sp + 5 slots: 0x00007ffc98f87f6a mswsock.dll
stack at sp + 6 slots: 0x000000a6b12fe318 is pointing into the stack for thread: 0x0000020ca13a23a0
stack at sp + 7 slots: 0x0 is NULL


---------------  P R O C E S S  ---------------

Threads class SMR info:
_java_thread_list=0x0000020ca101abb0, length=41, elements={
0x0000020c9c816a00, 0x0000020c9c82b4d0, 0x0000020c9c86bc50, 0x0000020c9c86c7d0,
0x0000020c9c86d350, 0x0000020c9c872120, 0x0000020c9c8749f0, 0x0000020c9c8752f0,
0x0000020c9c8dda60, 0x0000020c9ca99510, 0x0000020c9ca9d7b0, 0x0000020c9caa0eb0,
0x0000020c9d3dcc10, 0x0000020c9d574ae0, 0x0000020c9d585b10, 0x0000020c9d5a8ce0,
0x0000020c9e2ef220, 0x0000020ca104cee0, 0x0000020ca1051240, 0x0000020ca1051710,
0x0000020ca13a88b0, 0x0000020ca13a53c0, 0x0000020ca13a1530, 0x0000020ca13a1060,
0x0000020ca13a7f10, 0x0000020ca13a7570, 0x0000020ca13a4ef0, 0x0000020ca13a36e0,
0x0000020ca13a1a00, 0x0000020ca13a2870, 0x0000020ca13a4080, 0x0000020ca13a2d40,
0x0000020ca13a4550, 0x0000020ca13a6230, 0x0000020ca13a83e0, 0x0000020ca13a3bb0,
0x0000020ca13a5890, 0x0000020ca13a4a20, 0x0000020ca13a1ed0, 0x0000020ca13a5d60,
0x0000020ca13a23a0
}

Java Threads: ( => current thread )
  0x0000020c9c816a00 JavaThread "Reference Handler" daemon [_thread_blocked, id=18452, stack(0x000000a6af200000,0x000000a6af300000)]
  0x0000020c9c82b4d0 JavaThread "Finalizer" daemon [_thread_blocked, id=20400, stack(0x000000a6af300000,0x000000a6af400000)]
  0x0000020c9c86bc50 JavaThread "Signal Dispatcher" daemon [_thread_blocked, id=19884, stack(0x000000a6af400000,0x000000a6af500000)]
  0x0000020c9c86c7d0 JavaThread "Attach Listener" daemon [_thread_blocked, id=20056, stack(0x000000a6af500000,0x000000a6af600000)]
  0x0000020c9c86d350 JavaThread "Service Thread" daemon [_thread_blocked, id=8656, stack(0x000000a6af600000,0x000000a6af700000)]
  0x0000020c9c872120 JavaThread "Monitor Deflation Thread" daemon [_thread_blocked, id=12736, stack(0x000000a6af700000,0x000000a6af800000)]
  0x0000020c9c8749f0 JavaThread "C1 CompilerThread0" daemon [_thread_blocked, id=3612, stack(0x000000a6af800000,0x000000a6af900000)]
  0x0000020c9c8752f0 JavaThread "Sweeper thread" daemon [_thread_blocked, id=14672, stack(0x000000a6af900000,0x000000a6afa00000)]
  0x0000020c9c8dda60 JavaThread "Common-Cleaner" daemon [_thread_blocked, id=20188, stack(0x000000a6afa00000,0x000000a6afb00000)]
  0x0000020c9ca99510 JavaThread "JDWP Transport Listener: dt_socket" daemon [_thread_blocked, id=11276, stack(0x000000a6afc00000,0x000000a6afd00000)]
  0x0000020c9ca9d7b0 JavaThread "JDWP Event Helper Thread" daemon [_thread_blocked, id=7864, stack(0x000000a6afd00000,0x000000a6afe00000)]
  0x0000020c9caa0eb0 JavaThread "JDWP Command Reader" daemon [_thread_in_native, id=3272, stack(0x000000a6afe00000,0x000000a6aff00000)]
  0x0000020c9d3dcc10 JavaThread "Notification Thread" daemon [_thread_blocked, id=11956, stack(0x000000a6aff00000,0x000000a6b0000000)]
  0x0000020c9d574ae0 JavaThread "RMI TCP Accept-0" daemon [_thread_in_native, id=15284, stack(0x000000a6b0000000,0x000000a6b0100000)]
  0x0000020c9d585b10 JavaThread "RMI TCP Accept-55518" daemon [_thread_in_native, id=12932, stack(0x000000a6b0100000,0x000000a6b0200000)]
  0x0000020c9d5a8ce0 JavaThread "RMI TCP Accept-0" daemon [_thread_in_native, id=10992, stack(0x000000a6b0200000,0x000000a6b0300000)]
  0x0000020c9e2ef220 JavaThread "RMI Scheduler(0)" daemon [_thread_blocked, id=17524, stack(0x000000a6b1100000,0x000000a6b1200000)]
  0x0000020ca104cee0 JavaThread "DestroyJavaVM" [_thread_blocked, id=17644, stack(0x000000a6aeb00000,0x000000a6aec00000)]
  0x0000020ca1051240 JavaThread "JMX server connection timeout 164" daemon [_thread_blocked, id=17340, stack(0x000000a6ae900000,0x000000a6aea00000)]
  0x0000020ca1051710 JavaThread "Live Reload Server" daemon [_thread_in_native, id=21932, stack(0x000000a6b1a00000,0x000000a6b1b00000)]
  0x0000020ca13a88b0 JavaThread "RMI TCP Connection(idle)" daemon [_thread_blocked, id=20708, stack(0x000000a6b2700000,0x000000a6b2800000)]
  0x0000020ca13a53c0 JavaThread "File Watcher" daemon [_thread_blocked, id=20024, stack(0x000000a6afb00000,0x000000a6afc00000)]
  0x0000020ca13a1530 JavaThread "Catalina-utility-1" [_thread_blocked, id=22284, stack(0x000000a6b1500000,0x000000a6b1600000)]
  0x0000020ca13a1060 JavaThread "Catalina-utility-2" [_thread_blocked, id=20280, stack(0x000000a6b1800000,0x000000a6b1900000)]
  0x0000020ca13a7f10 JavaThread "container-1" [_thread_blocked, id=4208, stack(0x000000a6b1900000,0x000000a6b1a00000)]
  0x0000020ca13a7570 JavaThread "HikariPool-8 housekeeper" daemon [_thread_blocked, id=7948, stack(0x000000a6b1b00000,0x000000a6b1c00000)]
  0x0000020ca13a4ef0 JavaThread "http-nio-9002-exec-1" daemon [_thread_blocked, id=18768, stack(0x000000a6b1e00000,0x000000a6b1f00000)]
  0x0000020ca13a36e0 JavaThread "http-nio-9002-exec-2" daemon [_thread_blocked, id=19800, stack(0x000000a6b1f00000,0x000000a6b2000000)]
  0x0000020ca13a1a00 JavaThread "http-nio-9002-exec-3" daemon [_thread_blocked, id=18488, stack(0x000000a6b2000000,0x000000a6b2100000)]
  0x0000020ca13a2870 JavaThread "http-nio-9002-exec-4" daemon [_thread_blocked, id=20296, stack(0x000000a6b2100000,0x000000a6b2200000)]
  0x0000020ca13a4080 JavaThread "http-nio-9002-exec-5" daemon [_thread_blocked, id=11852, stack(0x000000a6b2200000,0x000000a6b2300000)]
  0x0000020ca13a2d40 JavaThread "http-nio-9002-exec-6" daemon [_thread_blocked, id=21552, stack(0x000000a6b2300000,0x000000a6b2400000)]
  0x0000020ca13a4550 JavaThread "http-nio-9002-exec-7" daemon [_thread_blocked, id=18856, stack(0x000000a6b2400000,0x000000a6b2500000)]
  0x0000020ca13a6230 JavaThread "http-nio-9002-exec-8" daemon [_thread_blocked, id=21316, stack(0x000000a6b2500000,0x000000a6b2600000)]
  0x0000020ca13a83e0 JavaThread "http-nio-9002-exec-9" daemon [_thread_blocked, id=2788, stack(0x000000a6b2600000,0x000000a6b2700000)]
  0x0000020ca13a3bb0 JavaThread "http-nio-9002-exec-10" daemon [_thread_blocked, id=1936, stack(0x000000a6b2800000,0x000000a6b2900000)]
  0x0000020ca13a5890 JavaThread "http-nio-9002-Poller" daemon [_thread_in_native, id=22160, stack(0x000000a6b2900000,0x000000a6b2a00000)]
  0x0000020ca13a4a20 JavaThread "RMI TCP Connection(343)-127.0.0.1" daemon [_thread_in_native, id=10304, stack(0x000000a6b2b00000,0x000000a6b2c00000)]
  0x0000020ca13a1ed0 JavaThread "RMI TCP Connection(344)-127.0.0.1" daemon [_thread_in_native, id=16740, stack(0x000000a6ae800000,0x000000a6ae900000)]
  0x0000020ca13a5d60 JavaThread "RMI TCP Connection(345)-127.0.0.1" daemon [_thread_in_native, id=21884, stack(0x000000a6b1000000,0x000000a6b1100000)]
=>0x0000020ca13a23a0 JavaThread "Thread-27" [_thread_in_native, id=19432, stack(0x000000a6b1200000,0x000000a6b1300000)]

Other Threads:
  0x0000020c9bde12c0 VMThread "VM Thread" [stack: 0x000000a6af100000,0x000000a6af200000] [id=19780]
  0x0000020c8967dce0 WatcherThread [stack: 0x000000a6b0d00000,0x000000a6b0e00000] [id=15488]
  0x0000020c89655950 GCTaskThread "GC Thread#0" [stack: 0x000000a6aec00000,0x000000a6aed00000] [id=6904]
  0x0000020c9d5a9560 GCTaskThread "GC Thread#1" [stack: 0x000000a6b0300000,0x000000a6b0400000] [id=16044]
  0x0000020c9d5a9810 GCTaskThread "GC Thread#2" [stack: 0x000000a6b0400000,0x000000a6b0500000] [id=20300]
  0x0000020c9d5a9ac0 GCTaskThread "GC Thread#3" [stack: 0x000000a6b0500000,0x000000a6b0600000] [id=9764]
  0x0000020c9d5aade0 GCTaskThread "GC Thread#4" [stack: 0x000000a6b0600000,0x000000a6b0700000] [id=13376]
  0x0000020c9d62e9b0 GCTaskThread "GC Thread#5" [stack: 0x000000a6b0700000,0x000000a6b0800000] [id=5308]
  0x0000020c9d631080 GCTaskThread "GC Thread#6" [stack: 0x000000a6b0800000,0x000000a6b0900000] [id=19840]
  0x0000020c9d631740 GCTaskThread "GC Thread#7" [stack: 0x000000a6b0900000,0x000000a6b0a00000] [id=19396]
  0x0000020c9d633a00 GCTaskThread "GC Thread#8" [stack: 0x000000a6b0a00000,0x000000a6b0b00000] [id=19156]
  0x0000020c9d633cb0 GCTaskThread "GC Thread#9" [stack: 0x000000a6b0b00000,0x000000a6b0c00000] [id=13872]
  0x0000020c89665ca0 ConcurrentGCThread "G1 Main Marker" [stack: 0x000000a6aed00000,0x000000a6aee00000] [id=16468]
  0x0000020c89666d60 ConcurrentGCThread "G1 Conc#0" [stack: 0x000000a6aee00000,0x000000a6aef00000] [id=13276]
  0x0000020c9e667a90 ConcurrentGCThread "G1 Conc#1" [stack: 0x000000a6b1600000,0x000000a6b1700000] [id=19852]
  0x0000020c9e6d9fc0 ConcurrentGCThread "G1 Conc#2" [stack: 0x000000a6b1700000,0x000000a6b1800000] [id=10940]
  0x0000020c896c64e0 ConcurrentGCThread "G1 Refine#0" [stack: 0x000000a6aef00000,0x000000a6af000000] [id=3412]
  0x0000020c9d5a20b0 ConcurrentGCThread "G1 Refine#1" [stack: 0x000000a6b0c00000,0x000000a6b0d00000] [id=19476]
  0x0000020c896c6d10 ConcurrentGCThread "G1 Service" [stack: 0x000000a6af000000,0x000000a6af100000] [id=3108]

Threads with active compile tasks:

VM state: not at safepoint (normal execution)

VM Mutex/Monitor currently owned by a thread: None

Heap address: 0x000000070b000000, size: 3920 MB, Compressed Oops mode: Zero based, Oop shift amount: 3

CDS archive(s) not mapped
Compressed class space mapped at: 0x0000000800000000-0x0000000840000000, reserved size: 1073741824
Narrow klass base: 0x0000000800000000, Narrow klass shift: 0, Narrow klass range: 0x40000000

GC Precious Log:
 CPUs: 12 total, 12 available
 Memory: 15679M
 Large Page Support: Disabled
 NUMA Support: Disabled
 Compressed Oops: Enabled (Zero based)
 Heap Region Size: 2M
 Heap Min Capacity: 8M
 Heap Initial Capacity: 246M
 Heap Max Capacity: 3920M
 Pre-touch: Disabled
 Parallel Workers: 10
 Concurrent Workers: 3
 Concurrent Refinement Workers: 10
 Periodic GC: Disabled

Heap:
 garbage-first heap   total 81920K, used 44116K [0x000000070b000000, 0x0000000800000000)
  region size 2048K, 12 young (24576K), 3 survivors (6144K)
 Metaspace       used 62975K, committed 63552K, reserved 1105920K
  class space    used 8475K, committed 8768K, reserved 1048576K

Heap Regions: E=young(eden), S=young(survivor), O=old, HS=humongous(starts), HC=humongous(continues), CS=collection set, F=free, OA=open archive, CA=closed archive, TAMS=top-at-mark-start (previous, next)
|   0|0x000000070b000000, 0x000000070b200000, 0x000000070b200000|100%| O|  |TAMS 0x000000070b200000, 0x000000070b000000| Untracked 
|   1|0x000000070b200000, 0x000000070b3fffe8, 0x000000070b400000| 99%| O|  |TAMS 0x000000070b3fffe8, 0x000000070b200000| Untracked 
|   2|0x000000070b400000, 0x000000070b5ffff8, 0x000000070b600000| 99%| O|  |TAMS 0x000000070b5ffff8, 0x000000070b400000| Untracked 
|   3|0x000000070b600000, 0x000000070b800000, 0x000000070b800000|100%| O|  |TAMS 0x000000070b800000, 0x000000070b600000| Untracked 
|   4|0x000000070b800000, 0x000000070b9ffff8, 0x000000070ba00000| 99%| O|  |TAMS 0x000000070b9ffff8, 0x000000070b800000| Untracked 
|   5|0x000000070ba00000, 0x000000070bbffff8, 0x000000070bc00000| 99%| O|  |TAMS 0x000000070bbffff8, 0x000000070ba00000| Untracked 
|   6|0x000000070bc00000, 0x000000070be00000, 0x000000070be00000|100%| O|  |TAMS 0x000000070bc00000, 0x000000070bc00000| Untracked 
|   7|0x000000070be00000, 0x000000070bfd4af8, 0x000000070c000000| 91%| O|  |TAMS 0x000000070be00000, 0x000000070be00000| Untracked 
|   8|0x000000070c000000, 0x000000070c176d20, 0x000000070c200000| 73%| O|  |TAMS 0x000000070c000000, 0x000000070c000000| Untracked 
|   9|0x000000070c200000, 0x000000070c3ffff8, 0x000000070c400000| 99%| O|  |TAMS 0x000000070c200000, 0x000000070c200000| Untracked 
|  10|0x000000070c400000, 0x000000070c4c3c38, 0x000000070c600000| 38%| O|  |TAMS 0x000000070c400000, 0x000000070c400000| Untracked 
|  11|0x000000070c600000, 0x000000070c75ea00, 0x000000070c800000| 68%| O|  |TAMS 0x000000070c600000, 0x000000070c600000| Untracked 
|  12|0x000000070c800000, 0x000000070c800000, 0x000000070ca00000|  0%| F|  |TAMS 0x000000070c800000, 0x000000070c800000| Untracked 
|  13|0x000000070ca00000, 0x000000070ca00000, 0x000000070cc00000|  0%| F|  |TAMS 0x000000070ca00000, 0x000000070ca00000| Untracked 
|  14|0x000000070cc00000, 0x000000070cc00000, 0x000000070ce00000|  0%| F|  |TAMS 0x000000070cc00000, 0x000000070cc00000| Untracked 
|  15|0x000000070ce00000, 0x000000070ce00000, 0x000000070d000000|  0%| F|  |TAMS 0x000000070ce00000, 0x000000070ce00000| Untracked 
|  16|0x000000070d000000, 0x000000070d000000, 0x000000070d200000|  0%| F|  |TAMS 0x000000070d000000, 0x000000070d000000| Untracked 
|  17|0x000000070d200000, 0x000000070d32b3d0, 0x000000070d400000| 58%| S|CS|TAMS 0x000000070d200000, 0x000000070d200000| Complete 
|  18|0x000000070d400000, 0x000000070d600000, 0x000000070d600000|100%| S|CS|TAMS 0x000000070d400000, 0x000000070d400000| Complete 
|  19|0x000000070d600000, 0x000000070d600000, 0x000000070d800000|  0%| F|  |TAMS 0x000000070d600000, 0x000000070d600000| Untracked 
|  20|0x000000070d800000, 0x000000070d800000, 0x000000070da00000|  0%| F|  |TAMS 0x000000070d800000, 0x000000070d800000| Untracked 
|  21|0x000000070da00000, 0x000000070da7c210, 0x000000070dc00000| 24%| O|  |TAMS 0x000000070da00000, 0x000000070da00000| Untracked 
|  22|0x000000070dc00000, 0x000000070de00000, 0x000000070de00000|100%| S|CS|TAMS 0x000000070dc00000, 0x000000070dc00000| Complete 
|  23|0x000000070de00000, 0x000000070de00000, 0x000000070e000000|  0%| F|  |TAMS 0x000000070de00000, 0x000000070de00000| Untracked 
|  24|0x000000070e000000, 0x000000070e000000, 0x000000070e200000|  0%| F|  |TAMS 0x000000070e000000, 0x000000070e000000| Untracked 
|  25|0x000000070e200000, 0x000000070e200000, 0x000000070e400000|  0%| F|  |TAMS 0x000000070e200000, 0x000000070e200000| Untracked 
|  26|0x000000070e400000, 0x000000070e400000, 0x000000070e600000|  0%| F|  |TAMS 0x000000070e400000, 0x000000070e400000| Untracked 
|  27|0x000000070e600000, 0x000000070e600000, 0x000000070e800000|  0%| F|  |TAMS 0x000000070e600000, 0x000000070e600000| Untracked 
|  28|0x000000070e800000, 0x000000070e800000, 0x000000070ea00000|  0%| F|  |TAMS 0x000000070e800000, 0x000000070e800000| Untracked 
|  29|0x000000070ea00000, 0x000000070ea00000, 0x000000070ec00000|  0%| F|  |TAMS 0x000000070ea00000, 0x000000070ea00000| Untracked 
|  30|0x000000070ec00000, 0x000000070ec00000, 0x000000070ee00000|  0%| F|  |TAMS 0x000000070ec00000, 0x000000070ec00000| Untracked 
|  31|0x000000070ee00000, 0x000000070ef00ec8, 0x000000070f000000| 50%| E|  |TAMS 0x000000070ee00000, 0x000000070ee00000| Complete 
|  32|0x000000070f000000, 0x000000070f200000, 0x000000070f200000|100%| E|CS|TAMS 0x000000070f000000, 0x000000070f000000| Complete 
|  33|0x000000070f200000, 0x000000070f400000, 0x000000070f400000|100%| E|CS|TAMS 0x000000070f200000, 0x000000070f200000| Complete 
|  34|0x000000070f400000, 0x000000070f600000, 0x000000070f600000|100%| E|CS|TAMS 0x000000070f400000, 0x000000070f400000| Complete 
|  35|0x000000070f600000, 0x000000070f800000, 0x000000070f800000|100%| E|CS|TAMS 0x000000070f600000, 0x000000070f600000| Complete 
|  36|0x000000070f800000, 0x000000070fa00000, 0x000000070fa00000|100%| E|CS|TAMS 0x000000070f800000, 0x000000070f800000| Complete 
|  37|0x000000070fa00000, 0x000000070fc00000, 0x000000070fc00000|100%| E|CS|TAMS 0x000000070fa00000, 0x000000070fa00000| Complete 
|  38|0x000000070fc00000, 0x000000070fe00000, 0x000000070fe00000|100%| E|CS|TAMS 0x000000070fc00000, 0x000000070fc00000| Complete 
|  39|0x000000070fe00000, 0x0000000710000000, 0x0000000710000000|100%| E|CS|TAMS 0x000000070fe00000, 0x000000070fe00000| Complete 

Card table byte_map: [0x0000020c90790000,0x0000020c90f40000] _byte_map_base: 0x0000020c8cf38000

Marking Bits (Prev, Next): (CMBitMap*) 0x0000020c89655eb0, (CMBitMap*) 0x0000020c89655e70
 Prev Bits: [0x0000020c95430000, 0x0000020c99170000)
 Next Bits: [0x0000020c916f0000, 0x0000020c95430000)

Polling page: 0x0000020c87530000

Metaspace:

Usage:
  Non-class:     53.22 MB used.
      Class:      8.28 MB used.
       Both:     61.50 MB used.

Virtual space:
  Non-class space:       56.00 MB reserved,      53.50 MB ( 96%) committed,  7 nodes.
      Class space:        1.00 GB reserved,       8.56 MB ( <1%) committed,  1 nodes.
             Both:        1.05 GB reserved,      62.06 MB (  6%) committed. 

Chunk freelists:
   Non-Class:  2.35 MB
       Class:  3.37 MB
        Both:  5.73 MB

MaxMetaspaceSize: unlimited
CompressedClassSpaceSize: 1.00 GB
Initial GC threshold: 21.00 MB
Current GC threshold: 102.75 MB
CDS: off
MetaspaceReclaimPolicy: balanced
 - commit_granule_bytes: 65536.
 - commit_granule_words: 8192.
 - virtual_space_node_default_size: 1048576.
 - enlarge_chunks_in_place: 1.
 - new_chunks_are_fully_committed: 0.
 - uncommit_free_chunks: 1.
 - use_allocation_guard: 0.
 - handle_deallocations: 1.


Internal statistics:

num_allocs_failed_limit: 9.
num_arena_births: 908.
num_arena_deaths: 230.
num_vsnodes_births: 8.
num_vsnodes_deaths: 0.
num_space_committed: 996.
num_space_uncommitted: 3.
num_chunks_returned_to_freelist: 381.
num_chunks_taken_from_freelist: 3075.
num_chunk_merges: 83.
num_chunk_splits: 1923.
num_chunks_enlarged: 1355.
num_purges: 12.
num_inconsistent_stats: 0.

CodeCache: size=49152Kb used=16297Kb max_used=17977Kb free=32855Kb
 bounds [0x0000020c8ccb0000, 0x0000020c8de60000, 0x0000020c8fcb0000]
 total_blobs=8961 nmethods=8389 adapters=499
 compilation: enabled
              stopped_count=0, restarted_count=0
 full_count=0

Compilation events (20 events):
Event: 25045.111 Thread 0x0000020c9c8749f0 8380       1       jdk.internal.misc.Unsafe::allocateMemory (65 bytes)
Event: 25045.111 Thread 0x0000020c9d66e7d0 8381       1       jdk.internal.misc.Unsafe::alignToHeapWordSize (29 bytes)
Event: 25045.111 Thread 0x0000020c9d430330 8382       1       jdk.internal.misc.Unsafe::allocateMemoryChecks (6 bytes)
Event: 25045.112 Thread 0x0000020c9d430330 nmethod 8382 0x0000020c8dc39310 code [0x0000020c8dc394c0, 0x0000020c8dc39648]
Event: 25045.112 Thread 0x0000020c9d66e7d0 nmethod 8381 0x0000020c8dc38f10 code [0x0000020c8dc390c0, 0x0000020c8dc39268]
Event: 25045.112 Thread 0x0000020c9c8749f0 nmethod 8380 0x0000020c8dc38410 code [0x0000020c8dc38640, 0x0000020c8dc38bf8]
Event: 25045.115 Thread 0x0000020ca3442830 8384       1       sun.reflect.generics.reflectiveObjects.TypeVariableImpl::getBounds (34 bytes)
Event: 25045.116 Thread 0x0000020ca3442830 nmethod 8384 0x0000020c8dc37e90 code [0x0000020c8dc38040, 0x0000020c8dc382f8]
Event: 25045.121 Thread 0x0000020ca3442830 8385       1       java.util.ArrayList::remove (76 bytes)
Event: 25045.121 Thread 0x0000020ca3442830 nmethod 8385 0x0000020c8dc37910 code [0x0000020c8dc37ac0, 0x0000020c8dc37cf8]
Event: 25045.385 Thread 0x0000020c9d430330 8387       1       sun.util.calendar.CalendarDate::setMonth (20 bytes)
Event: 25045.385 Thread 0x0000020c9d66e7d0 8386       1       sun.util.calendar.CalendarDate::setYear (20 bytes)
Event: 25045.385 Thread 0x0000020ca3442830 8388       1       sun.util.calendar.CalendarDate::setDayOfMonth (20 bytes)
Event: 25045.385 Thread 0x0000020ca3442830 nmethod 8388 0x0000020c8dc37610 code [0x0000020c8dc377a0, 0x0000020c8dc37878]
Event: 25045.385 Thread 0x0000020c9d430330 nmethod 8387 0x0000020c8dc37310 code [0x0000020c8dc374a0, 0x0000020c8dc37578]
Event: 25045.385 Thread 0x0000020c9d66e7d0 nmethod 8386 0x0000020c8dc37010 code [0x0000020c8dc371a0, 0x0000020c8dc37278]
Event: 25061.933 Thread 0x0000020c9c8749f0 8389       1       java.util.regex.Pattern::compile (500 bytes)
Event: 25061.936 Thread 0x0000020c9c8749f0 nmethod 8389 0x0000020c8dc34e90 code [0x0000020c8dc351c0, 0x0000020c8dc368c8]
Event: 25061.936 Thread 0x0000020c9c8749f0 8390       1       java.util.regex.Pattern$Node::study (21 bytes)
Event: 25061.936 Thread 0x0000020c9c8749f0 nmethod 8390 0x0000020c8dc34a90 code [0x0000020c8dc34c40, 0x0000020c8dc34d88]

GC Heap History (20 events):
Event: 24466.810 GC heap before
{Heap before GC invocations=47 (full 3):
 garbage-first heap   total 81920K, used 60849K [0x000000070b000000, 0x0000000800000000)
  region size 2048K, 19 young (38912K), 2 survivors (4096K)
 Metaspace       used 62377K, committed 62848K, reserved 1105920K
  class space    used 8355K, committed 8576K, reserved 1048576K
}
Event: 24466.815 GC heap after
{Heap after GC invocations=48 (full 3):
 garbage-first heap   total 81920K, used 27824K [0x000000070b000000, 0x0000000800000000)
  region size 2048K, 3 young (6144K), 3 survivors (6144K)
 Metaspace       used 62377K, committed 62848K, reserved 1105920K
  class space    used 8355K, committed 8576K, reserved 1048576K
}
Event: 24613.924 GC heap before
{Heap before GC invocations=48 (full 3):
 garbage-first heap   total 81920K, used 38064K [0x000000070b000000, 0x0000000800000000)
  region size 2048K, 9 young (18432K), 3 survivors (6144K)
 Metaspace       used 62379K, committed 62848K, reserved 1105920K
  class space    used 8355K, committed 8576K, reserved 1048576K
}
Event: 24613.986 GC heap after
{Heap after GC invocations=49 (full 4):
 garbage-first heap   total 81920K, used 23605K [0x000000070b000000, 0x0000000800000000)
  region size 2048K, 0 young (0K), 0 survivors (0K)
 Metaspace       used 62377K, committed 62848K, reserved 1105920K
  class space    used 8355K, committed 8576K, reserved 1048576K
}
Event: 24614.603 GC heap before
{Heap before GC invocations=49 (full 4):
 garbage-first heap   total 81920K, used 62517K [0x000000070b000000, 0x0000000800000000)
  region size 2048K, 19 young (38912K), 0 survivors (0K)
 Metaspace       used 62466K, committed 62912K, reserved 1105920K
  class space    used 8376K, committed 8576K, reserved 1048576K
}
Event: 24614.606 GC heap after
{Heap after GC invocations=50 (full 4):
 garbage-first heap   total 81920K, used 26239K [0x000000070b000000, 0x0000000800000000)
  region size 2048K, 2 young (4096K), 2 survivors (4096K)
 Metaspace       used 62466K, committed 62912K, reserved 1105920K
  class space    used 8376K, committed 8576K, reserved 1048576K
}
Event: 24621.697 GC heap before
{Heap before GC invocations=50 (full 4):
 garbage-first heap   total 81920K, used 56959K [0x000000070b000000, 0x0000000800000000)
  region size 2048K, 18 young (36864K), 2 survivors (4096K)
 Metaspace       used 62679K, committed 63168K, reserved 1105920K
  class space    used 8401K, committed 8640K, reserved 1048576K
}
Event: 24621.753 GC heap after
{Heap after GC invocations=51 (full 5):
 garbage-first heap   total 81920K, used 23677K [0x000000070b000000, 0x0000000800000000)
  region size 2048K, 0 young (0K), 0 survivors (0K)
 Metaspace       used 62243K, committed 63104K, reserved 1105920K
  class space    used 8351K, committed 8640K, reserved 1048576K
}
Event: 24622.359 GC heap before
{Heap before GC invocations=51 (full 5):
 garbage-first heap   total 81920K, used 60541K [0x000000070b000000, 0x0000000800000000)
  region size 2048K, 19 young (38912K), 0 survivors (0K)
 Metaspace       used 62343K, committed 63104K, reserved 1105920K
  class space    used 8373K, committed 8640K, reserved 1048576K
}
Event: 24622.362 GC heap after
{Heap after GC invocations=52 (full 5):
 garbage-first heap   total 81920K, used 26382K [0x000000070b000000, 0x0000000800000000)
  region size 2048K, 2 young (4096K), 2 survivors (4096K)
 Metaspace       used 62343K, committed 63104K, reserved 1105920K
  class space    used 8373K, committed 8640K, reserved 1048576K
}
Event: 24690.355 GC heap before
{Heap before GC invocations=52 (full 5):
 garbage-first heap   total 81920K, used 61198K [0x000000070b000000, 0x0000000800000000)
  region size 2048K, 19 young (38912K), 2 survivors (4096K)
 Metaspace       used 62538K, committed 63104K, reserved 1105920K
  class space    used 8394K, committed 8640K, reserved 1048576K
}
Event: 24690.360 GC heap after
{Heap after GC invocations=53 (full 5):
 garbage-first heap   total 81920K, used 27770K [0x000000070b000000, 0x0000000800000000)
  region size 2048K, 2 young (4096K), 2 survivors (4096K)
 Metaspace       used 62538K, committed 63104K, reserved 1105920K
  class space    used 8394K, committed 8640K, reserved 1048576K
}
Event: 24991.059 GC heap before
{Heap before GC invocations=53 (full 5):
 garbage-first heap   total 81920K, used 48250K [0x000000070b000000, 0x0000000800000000)
  region size 2048K, 13 young (26624K), 2 survivors (4096K)
 Metaspace       used 62540K, committed 63104K, reserved 1105920K
  class space    used 8395K, committed 8640K, reserved 1048576K
}
Event: 24991.112 GC heap after
{Heap after GC invocations=54 (full 6):
 garbage-first heap   total 81920K, used 21037K [0x000000070b000000, 0x0000000800000000)
  region size 2048K, 0 young (0K), 0 survivors (0K)
 Metaspace       used 62217K, committed 62976K, reserved 1105920K
  class space    used 8351K, committed 8640K, reserved 1048576K
}
Event: 24991.804 GC heap before
{Heap before GC invocations=54 (full 6):
 garbage-first heap   total 81920K, used 61997K [0x000000070b000000, 0x0000000800000000)
  region size 2048K, 20 young (40960K), 0 survivors (0K)
 Metaspace       used 62362K, committed 62976K, reserved 1105920K
  class space    used 8382K, committed 8640K, reserved 1048576K
}
Event: 24991.810 GC heap after
{Heap after GC invocations=55 (full 6):
 garbage-first heap   total 81920K, used 24523K [0x000000070b000000, 0x0000000800000000)
  region size 2048K, 2 young (4096K), 2 survivors (4096K)
 Metaspace       used 62362K, committed 62976K, reserved 1105920K
  class space    used 8382K, committed 8640K, reserved 1048576K
}
Event: 25044.397 GC heap before
{Heap before GC invocations=55 (full 6):
 garbage-first heap   total 81920K, used 61387K [0x000000070b000000, 0x0000000800000000)
  region size 2048K, 20 young (40960K), 2 survivors (4096K)
 Metaspace       used 62632K, committed 63168K, reserved 1105920K
  class space    used 8434K, committed 8704K, reserved 1048576K
}
Event: 25044.403 GC heap after
{Heap after GC invocations=56 (full 6):
 garbage-first heap   total 81920K, used 24910K [0x000000070b000000, 0x0000000800000000)
  region size 2048K, 2 young (4096K), 2 survivors (4096K)
 Metaspace       used 62632K, committed 63168K, reserved 1105920K
  class space    used 8434K, committed 8704K, reserved 1048576K
}
Event: 25044.985 GC heap before
{Heap before GC invocations=56 (full 6):
 garbage-first heap   total 81920K, used 59726K [0x000000070b000000, 0x0000000800000000)
  region size 2048K, 19 young (38912K), 2 survivors (4096K)
 Metaspace       used 62838K, committed 63360K, reserved 1105920K
  class space    used 8464K, committed 8704K, reserved 1048576K
}
Event: 25044.990 GC heap after
{Heap after GC invocations=57 (full 6):
 garbage-first heap   total 81920K, used 27732K [0x000000070b000000, 0x0000000800000000)
  region size 2048K, 3 young (6144K), 3 survivors (6144K)
 Metaspace       used 62838K, committed 63360K, reserved 1105920K
  class space    used 8464K, committed 8704K, reserved 1048576K
}

Deoptimization events (20 events):
Event: 25061.933 Thread 0x0000020ca13a7a40 DEOPT PACKING pc=0x0000020c8d01fadc sp=0x000000a6b1dfeca0
Event: 25061.933 Thread 0x0000020ca13a7a40 DEOPT UNPACKING pc=0x0000020c8cd02b43 sp=0x000000a6b1dfe190 mode 1
Event: 25061.933 Thread 0x0000020ca13a7a40 DEOPT PACKING pc=0x0000020c8da160f4 sp=0x000000a6b1dfee00
Event: 25061.933 Thread 0x0000020ca13a7a40 DEOPT UNPACKING pc=0x0000020c8cd02b43 sp=0x000000a6b1dfe360 mode 1
Event: 25061.933 Thread 0x0000020ca13a7a40 DEOPT PACKING pc=0x0000020c8d1ac864 sp=0x000000a6b1dfe140
Event: 25061.933 Thread 0x0000020ca13a7a40 DEOPT UNPACKING pc=0x0000020c8cd02b43 sp=0x000000a6b1dfd5d8 mode 1
Event: 25061.933 Thread 0x0000020ca13a7a40 DEOPT PACKING pc=0x0000020c8d198ffc sp=0x000000a6b1dfe210
Event: 25061.933 Thread 0x0000020ca13a7a40 DEOPT UNPACKING pc=0x0000020c8cd02b43 sp=0x000000a6b1dfd6c8 mode 1
Event: 25061.933 Thread 0x0000020ca13a7a40 DEOPT PACKING pc=0x0000020c8d01fadc sp=0x000000a6b1dfec00
Event: 25061.933 Thread 0x0000020ca13a7a40 DEOPT UNPACKING pc=0x0000020c8cd02b43 sp=0x000000a6b1dfe0d8 mode 1
Event: 25061.933 Thread 0x0000020ca13a7a40 DEOPT PACKING pc=0x0000020c8d421bbc sp=0x000000a6b1dfeca0
Event: 25061.933 Thread 0x0000020ca13a7a40 DEOPT UNPACKING pc=0x0000020c8cd02b43 sp=0x000000a6b1dfe228 mode 1
Event: 25061.933 Thread 0x0000020ca13a7a40 DEOPT PACKING pc=0x0000020c8d1ac864 sp=0x000000a6b1dfe1e0
Event: 25061.933 Thread 0x0000020ca13a7a40 DEOPT UNPACKING pc=0x0000020c8cd02b43 sp=0x000000a6b1dfd678 mode 1
Event: 25061.933 Thread 0x0000020ca13a7a40 DEOPT PACKING pc=0x0000020c8d198ffc sp=0x000000a6b1dfe2b0
Event: 25061.933 Thread 0x0000020ca13a7a40 DEOPT UNPACKING pc=0x0000020c8cd02b43 sp=0x000000a6b1dfd768 mode 1
Event: 25061.933 Thread 0x0000020ca13a7a40 DEOPT PACKING pc=0x0000020c8d01fadc sp=0x000000a6b1dfeca0
Event: 25061.933 Thread 0x0000020ca13a7a40 DEOPT UNPACKING pc=0x0000020c8cd02b43 sp=0x000000a6b1dfe190 mode 1
Event: 25061.933 Thread 0x0000020ca13a7a40 DEOPT PACKING pc=0x0000020c8da160f4 sp=0x000000a6b1dfee00
Event: 25061.933 Thread 0x0000020ca13a7a40 DEOPT UNPACKING pc=0x0000020c8cd02b43 sp=0x000000a6b1dfe360 mode 1

Classes unloaded (20 events):
Event: 24991.076 Thread 0x0000020c9bde12c0 Unloading class 0x0000000800875800 'jdk/internal/reflect/GeneratedMethodAccessor101'
Event: 24991.076 Thread 0x0000020c9bde12c0 Unloading class 0x0000000800875400 'jdk/internal/reflect/GeneratedMethodAccessor100'
Event: 24991.076 Thread 0x0000020c9bde12c0 Unloading class 0x0000000800875000 'jdk/internal/reflect/GeneratedMethodAccessor99'
Event: 24991.076 Thread 0x0000020c9bde12c0 Unloading class 0x0000000800874000 'jdk/internal/reflect/GeneratedConstructorAccessor56'
Event: 24991.076 Thread 0x0000020c9bde12c0 Unloading class 0x0000000800845c00 'jdk/internal/reflect/GeneratedMethodAccessor95'
Event: 24991.076 Thread 0x0000020c9bde12c0 Unloading class 0x0000000800845800 'jdk/internal/reflect/GeneratedMethodAccessor94'
Event: 24991.076 Thread 0x0000020c9bde12c0 Unloading class 0x0000000800868c00 'jdk/internal/reflect/GeneratedSerializationConstructorAccessor29'
Event: 24991.076 Thread 0x0000020c9bde12c0 Unloading class 0x0000000800868800 'jdk/internal/reflect/GeneratedSerializationConstructorAccessor28'
Event: 24991.076 Thread 0x0000020c9bde12c0 Unloading class 0x0000000800868400 'jdk/internal/reflect/GeneratedSerializationConstructorAccessor27'
Event: 24991.076 Thread 0x0000020c9bde12c0 Unloading class 0x0000000800862c00 'jdk/internal/reflect/GeneratedSerializationConstructorAccessor25'
Event: 24991.076 Thread 0x0000020c9bde12c0 Unloading class 0x0000000800862800 'jdk/internal/reflect/GeneratedSerializationConstructorAccessor24'
Event: 24991.076 Thread 0x0000020c9bde12c0 Unloading class 0x0000000800862400 'jdk/internal/reflect/GeneratedSerializationConstructorAccessor23'
Event: 24991.076 Thread 0x0000020c9bde12c0 Unloading class 0x00000008001ca800 'jdk/internal/reflect/GeneratedMethodAccessor85'
Event: 24991.076 Thread 0x0000020c9bde12c0 Unloading class 0x00000008003fc800 'jdk/internal/reflect/GeneratedConstructorAccessor45'
Event: 24991.076 Thread 0x0000020c9bde12c0 Unloading class 0x0000000800418000 'jdk/internal/reflect/GeneratedConstructorAccessor44'
Event: 24991.076 Thread 0x0000020c9bde12c0 Unloading class 0x00000008004c9c00 'jdk/internal/reflect/GeneratedConstructorAccessor43'
Event: 24991.076 Thread 0x0000020c9bde12c0 Unloading class 0x00000008004ca800 'jdk/internal/reflect/GeneratedConstructorAccessor42'
Event: 24991.076 Thread 0x0000020c9bde12c0 Unloading class 0x000000080084c400 'jdk/internal/reflect/GeneratedConstructorAccessor41'
Event: 24991.076 Thread 0x0000020c9bde12c0 Unloading class 0x0000000800860400 'jdk/internal/reflect/GeneratedMethodAccessor56'
Event: 24991.076 Thread 0x0000020c9bde12c0 Unloading class 0x000000080085e400 'jdk/internal/reflect/GeneratedConstructorAccessor38'

Classes redefined (1 events):
Event: 24620.319 Thread 0x0000020c9bde12c0 redefined class name=com.mdsl.model.entity.TerminalTypes, count=1

Internal exceptions (20 events):
Event: 24991.754 Thread 0x0000020ca13a23a0 Exception <a 'sun/nio/fs/WindowsException'{0x000000070d8a29e8}> (0x000000070d8a29e8) 
thrown [e:\jenkins\tmp\workspace\build\src\src\hotspot\share\prims\jni.cpp, line 516]
Event: 24991.768 Thread 0x0000020ca13a23a0 Exception <a 'java/io/FileNotFoundException'{0x000000070d8ebbf8}> (0x000000070d8ebbf8) 
thrown [e:\jenkins\tmp\workspace\build\src\src\hotspot\share\prims\jni.cpp, line 516]
Event: 24991.800 Thread 0x0000020ca13a23a0 Exception <a 'java/io/FileNotFoundException'{0x000000070d7bc2c8}> (0x000000070d7bc2c8) 
thrown [e:\jenkins\tmp\workspace\build\src\src\hotspot\share\prims\jni.cpp, line 516]
Event: 24991.977 Thread 0x0000020ca13a1a00 Exception <a 'java/lang/InterruptedException'{0x000000070f862cb0}: sleep interrupted> (0x000000070f862cb0) 
thrown [e:\jenkins\tmp\workspace\build\src\src\hotspot\share\prims\jvm.cpp, line 3067]
Event: 24992.013 Thread 0x0000020ca13a23a0 Exception <a 'java/lang/NoClassDefFoundError'{0x000000070f623bf0}: liquibase/exception/ChangeLogParseException> (0x000000070f623bf0) 
thrown [e:\jenkins\tmp\workspace\build\src\src\hotspot\share\classfile\systemDictionary.cpp, line 245]
Event: 24992.042 Thread 0x0000020ca13a23a0 Exception <a 'java/lang/reflect/InvocationTargetException'{0x000000070f77b428}> (0x000000070f77b428) 
thrown [e:\jenkins\tmp\workspace\build\src\src\hotspot\share\runtime\reflection.cpp, line 1121]
Event: 25044.026 Thread 0x0000020ca13a5d60 Exception <a 'sun/nio/fs/WindowsException'{0x000000070f3d2e28}> (0x000000070f3d2e28) 
thrown [e:\jenkins\tmp\workspace\build\src\src\hotspot\share\prims\jni.cpp, line 516]
Event: 25044.439 Thread 0x0000020ca13a5d60 Exception <a 'java/lang/NoClassDefFoundError'{0x000000070fc31728}: org/flywaydb/core/Flyway> (0x000000070fc31728) 
thrown [e:\jenkins\tmp\workspace\build\src\src\hotspot\share\oops\constantPool.cpp, line 835]
Event: 25044.439 Thread 0x0000020ca13a5d60 Exception <a 'java/lang/NoClassDefFoundError'{0x000000070fc31d78}: liquibase/integration/spring/SpringLiquibase> (0x000000070fc31d78) 
thrown [e:\jenkins\tmp\workspace\build\src\src\hotspot\share\oops\constantPool.cpp, line 835]
Event: 25044.447 Thread 0x0000020ca13a5d60 Exception <a 'java/lang/NoClassDefFoundError'{0x000000070fc97638}: org/jooq/DSLContext> (0x000000070fc97638) 
thrown [e:\jenkins\tmp\workspace\build\src\src\hotspot\share\oops\constantPool.cpp, line 835]
Event: 25044.448 Thread 0x0000020ca13a5d60 Exception <a 'java/lang/NoClassDefFoundError'{0x000000070fca1ab0}: org/springframework/batch/core/repository/JobRepository> (0x000000070fca1ab0) 
thrown [e:\jenkins\tmp\workspace\build\src\src\hotspot\share\oops\constantPool.cpp, line 835]
Event: 25044.449 Thread 0x0000020ca13a5d60 Exception <a 'java/lang/NoClassDefFoundError'{0x000000070fca20f8}: org/quartz/Scheduler> (0x000000070fca20f8) 
thrown [e:\jenkins\tmp\workspace\build\src\src\hotspot\share\oops\constantPool.cpp, line 835]
Event: 25044.449 Thread 0x0000020ca13a5d60 Exception <a 'java/lang/NoClassDefFoundError'{0x000000070fca2768}: org/springframework/session/jdbc/JdbcIndexedSessionRepository> (0x000000070fca2768) 
thrown [e:\jenkins\tmp\workspace\build\src\src\hotspot\share\oops\constantPool.cpp, line 835]
Event: 25044.522 Thread 0x0000020ca13a5d60 Exception <a 'sun/nio/fs/WindowsException'{0x000000070f5fa958}> (0x000000070f5fa958) 
thrown [e:\jenkins\tmp\workspace\build\src\src\hotspot\share\prims\jni.cpp, line 516]
Event: 25044.522 Thread 0x0000020ca13a5d60 Exception <a 'sun/nio/fs/WindowsException'{0x000000070f5fb058}> (0x000000070f5fb058) 
thrown [e:\jenkins\tmp\workspace\build\src\src\hotspot\share\prims\jni.cpp, line 516]
Event: 25044.522 Thread 0x0000020ca13a5d60 Exception <a 'sun/nio/fs/WindowsException'{0x000000070f5fb738}> (0x000000070f5fb738) 
thrown [e:\jenkins\tmp\workspace\build\src\src\hotspot\share\prims\jni.cpp, line 516]
Event: 25044.535 Thread 0x0000020ca13a5d60 Exception <a 'java/io/FileNotFoundException'{0x000000070f243e30}> (0x000000070f243e30) 
thrown [e:\jenkins\tmp\workspace\build\src\src\hotspot\share\prims\jni.cpp, line 516]
Event: 25044.562 Thread 0x0000020ca13a5d60 Exception <a 'java/io/FileNotFoundException'{0x000000070f10c358}> (0x000000070f10c358) 
thrown [e:\jenkins\tmp\workspace\build\src\src\hotspot\share\prims\jni.cpp, line 516]
Event: 25045.034 Thread 0x0000020ca13a5d60 Exception <a 'java/lang/ClassNotFoundException'{0x000000070fd0d180}: java/lang/ObjectCustomizer> (0x000000070fd0d180) 
thrown [e:\jenkins\tmp\workspace\build\src\src\hotspot\share\classfile\systemDictionary.cpp, line 256]
Event: 25045.036 Thread 0x0000020ca13a5d60 Exception <a 'java/lang/ClassNotFoundException'{0x000000070fd17d20}: com/mdsl/model/entity/AccountCustomizer> (0x000000070fd17d20) 
thrown [e:\jenkins\tmp\workspace\build\src\src\hotspot\share\classfile\systemDictionary.cpp, line 256]

VM Operations (20 events):
Event: 24991.164 Executing VM operation: ICBufferFull
Event: 24991.173 Executing VM operation: ICBufferFull done
Event: 24991.804 Executing VM operation: G1CollectForAllocation
Event: 24991.810 Executing VM operation: G1CollectForAllocation done
Event: 24991.810 Executing VM operation: Cleanup
Event: 24991.811 Executing VM operation: Cleanup done
Event: 24992.820 Executing VM operation: Cleanup
Event: 24992.820 Executing VM operation: Cleanup done
Event: 25044.043 Executing VM operation: ICBufferFull
Event: 25044.043 Executing VM operation: ICBufferFull done
Event: 25044.397 Executing VM operation: G1CollectForAllocation
Event: 25044.403 Executing VM operation: G1CollectForAllocation done
Event: 25044.403 Executing VM operation: Cleanup
Event: 25044.404 Executing VM operation: Cleanup done
Event: 25044.985 Executing VM operation: G1CollectForAllocation
Event: 25044.990 Executing VM operation: G1CollectForAllocation done
Event: 25044.990 Executing VM operation: Cleanup
Event: 25044.991 Executing VM operation: Cleanup done
Event: 25045.993 Executing VM operation: Cleanup
Event: 25045.993 Executing VM operation: Cleanup done

Events (20 events):
Event: 25045.111 Thread 0x0000020ca13a83e0 Thread added: 0x0000020ca13a83e0
Event: 25045.111 Thread 0x0000020ca13a3bb0 Thread added: 0x0000020ca13a3bb0
Event: 25045.114 Thread 0x0000020ca13a5890 Thread added: 0x0000020ca13a5890
Event: 25045.114 Thread 0x0000020ca13a6700 Thread added: 0x0000020ca13a6700
Event: 25045.121 Thread 0x0000020ca13a4a20 Thread added: 0x0000020ca13a4a20
Event: 25045.123 Thread 0x0000020ca13a5d60 Thread exited: 0x0000020ca13a5d60
Event: 25045.123 Thread 0x0000020ca13a1ed0 Thread exited: 0x0000020ca13a1ed0
Event: 25045.126 Thread 0x0000020ca13a1ed0 Thread added: 0x0000020ca13a1ed0
Event: 25045.127 Thread 0x0000020ca13a5d60 Thread added: 0x0000020ca13a5d60
Event: 25045.128 Thread 0x0000020ca13a6bd0 Thread added: 0x0000020ca13a6bd0
Event: 25045.128 Thread 0x0000020ca13a70a0 Thread added: 0x0000020ca13a70a0
Event: 25045.134 Thread 0x0000020ca13a70a0 Thread exited: 0x0000020ca13a70a0
Event: 25046.158 Thread 0x0000020ca13a6bd0 Thread exited: 0x0000020ca13a6bd0
Event: 25050.395 Thread 0x0000020ca3442830 Thread exited: 0x0000020ca3442830
Event: 25050.567 Thread 0x0000020ca13a23a0 Thread exited: 0x0000020ca13a23a0
Event: 25055.404 Thread 0x0000020c9d430330 Thread exited: 0x0000020c9d430330
Event: 25055.404 Thread 0x0000020c9d66e7d0 Thread exited: 0x0000020c9d66e7d0
Event: 25061.934 Thread 0x0000020ca13a23a0 Thread added: 0x0000020ca13a23a0
Event: 25061.934 Thread 0x0000020ca13a7a40 Thread exited: 0x0000020ca13a7a40
Event: 25061.955 Thread 0x0000020ca13a6700 Thread exited: 0x0000020ca13a6700


Dynamic libraries:
0x00007ff622470000 - 0x00007ff62247e000 	C:\Users\LPT128\Downloads\sts-4.14.1.RELEASE\plugins\org.eclipse.justj.openjdk.hotspot.jre.full.win32.x86_64_17.0.2.v20220201-1208\jre\bin\javaw.exe
0x00007ffc9c500000 - 0x00007ffc9c707000 	C:\windows\SYSTEM32\ntdll.dll
0x00007ffc9afa0000 - 0x00007ffc9b05d000 	C:\windows\System32\KERNEL32.DLL
0x00007ffc99bb0000 - 0x00007ffc99f24000 	C:\windows\System32\KERNELBASE.dll
0x00007ffc9a1b0000 - 0x00007ffc9a2c1000 	C:\windows\System32\ucrtbase.dll
0x00007ffc85a00000 - 0x00007ffc85a19000 	C:\Users\LPT128\Downloads\sts-4.14.1.RELEASE\plugins\org.eclipse.justj.openjdk.hotspot.jre.full.win32.x86_64_17.0.2.v20220201-1208\jre\bin\VCRUNTIME140.dll
0x00007ffc859e0000 - 0x00007ffc859f8000 	C:\Users\LPT128\Downloads\sts-4.14.1.RELEASE\plugins\org.eclipse.justj.openjdk.hotspot.jre.full.win32.x86_64_17.0.2.v20220201-1208\jre\bin\jli.dll
0x00007ffc7e9c0000 - 0x00007ffc7ec65000 	C:\windows\WinSxS\amd64_microsoft.windows.common-controls_6595b64144ccf1df_6.0.22000.120_none_9d947278b86cc467\COMCTL32.dll
0x00007ffc9bf20000 - 0x00007ffc9c0cc000 	C:\windows\System32\USER32.dll
0x00007ffc9b060000 - 0x00007ffc9b103000 	C:\windows\System32\msvcrt.dll
0x00007ffc9a6e0000 - 0x00007ffc9a709000 	C:\windows\System32\GDI32.dll
0x00007ffc99b80000 - 0x00007ffc99ba6000 	C:\windows\System32\win32u.dll
0x00007ffc99a60000 - 0x00007ffc99b72000 	C:\windows\System32\gdi32full.dll
0x00007ffc99f30000 - 0x00007ffc99fcd000 	C:\windows\System32\msvcp_win.dll
0x00007ffc9c470000 - 0x00007ffc9c4a1000 	C:\windows\System32\IMM32.DLL
0x00007ffc96d30000 - 0x00007ffc96d3c000 	C:\Users\LPT128\Downloads\sts-4.14.1.RELEASE\plugins\org.eclipse.justj.openjdk.hotspot.jre.full.win32.x86_64_17.0.2.v20220201-1208\jre\bin\vcruntime140_1.dll
0x00007ffc2ec60000 - 0x00007ffc2ecf1000 	C:\Users\LPT128\Downloads\sts-4.14.1.RELEASE\plugins\org.eclipse.justj.openjdk.hotspot.jre.full.win32.x86_64_17.0.2.v20220201-1208\jre\bin\msvcp140.dll
0x00007ffc1ea50000 - 0x00007ffc1f697000 	C:\Users\LPT128\Downloads\sts-4.14.1.RELEASE\plugins\org.eclipse.justj.openjdk.hotspot.jre.full.win32.x86_64_17.0.2.v20220201-1208\jre\bin\server\jvm.dll
0x00007ffc9b110000 - 0x00007ffc9b1bc000 	C:\windows\System32\ADVAPI32.dll
0x00007ffc9b2c0000 - 0x00007ffc9b35d000 	C:\windows\System32\sechost.dll
0x00007ffc9bdf0000 - 0x00007ffc9bf11000 	C:\windows\System32\RPCRT4.dll
0x00007ffc9c4b0000 - 0x00007ffc9c4b8000 	C:\windows\System32\PSAPI.DLL
0x00007ffc93ee0000 - 0x00007ffc93f13000 	C:\windows\SYSTEM32\WINMM.dll
0x00007ffc919f0000 - 0x00007ffc919fa000 	C:\windows\SYSTEM32\VERSION.dll
0x00007ffc74ec0000 - 0x00007ffc74ec9000 	C:\windows\SYSTEM32\WSOCK32.dll
0x00007ffc9a710000 - 0x00007ffc9a77f000 	C:\windows\System32\WS2_32.dll
0x00007ffc98b00000 - 0x00007ffc98b18000 	C:\windows\SYSTEM32\kernel.appcore.dll
0x00007ffc96100000 - 0x00007ffc9610a000 	C:\Users\LPT128\Downloads\sts-4.14.1.RELEASE\plugins\org.eclipse.justj.openjdk.hotspot.jre.full.win32.x86_64_17.0.2.v20220201-1208\jre\bin\jimage.dll
0x00007ffc87730000 - 0x00007ffc87951000 	C:\windows\SYSTEM32\DBGHELP.DLL
0x00007ffc7e260000 - 0x00007ffc7e291000 	C:\windows\SYSTEM32\dbgcore.DLL
0x00007ffc999e0000 - 0x00007ffc99a60000 	C:\windows\System32\bcryptPrimitives.dll
0x00007ffc404c0000 - 0x00007ffc404fb000 	C:\Users\LPT128\Downloads\sts-4.14.1.RELEASE\plugins\org.eclipse.justj.openjdk.hotspot.jre.full.win32.x86_64_17.0.2.v20220201-1208\jre\bin\jdwp.dll
0x00007ffc96120000 - 0x00007ffc9612e000 	C:\Users\LPT128\Downloads\sts-4.14.1.RELEASE\plugins\org.eclipse.justj.openjdk.hotspot.jre.full.win32.x86_64_17.0.2.v20220201-1208\jre\bin\instrument.dll
0x00007ffc7f3a0000 - 0x00007ffc7f3c5000 	C:\Users\LPT128\Downloads\sts-4.14.1.RELEASE\plugins\org.eclipse.justj.openjdk.hotspot.jre.full.win32.x86_64_17.0.2.v20220201-1208\jre\bin\java.dll
0x00007ffc96090000 - 0x00007ffc960a8000 	C:\Users\LPT128\Downloads\sts-4.14.1.RELEASE\plugins\org.eclipse.justj.openjdk.hotspot.jre.full.win32.x86_64_17.0.2.v20220201-1208\jre\bin\zip.dll
0x00007ffc9b3e0000 - 0x00007ffc9bb8a000 	C:\windows\System32\SHELL32.dll
0x00007ffc97b80000 - 0x00007ffc983e2000 	C:\windows\SYSTEM32\windows.storage.dll
0x00007ffc9c0f0000 - 0x00007ffc9c468000 	C:\windows\System32\combase.dll
0x00007ffc97a10000 - 0x00007ffc97b76000 	C:\windows\SYSTEM32\wintypes.dll
0x00007ffc9bc00000 - 0x00007ffc9bcea000 	C:\windows\System32\SHCORE.dll
0x00007ffc9aad0000 - 0x00007ffc9ab2d000 	C:\windows\System32\shlwapi.dll
0x00007ffc99910000 - 0x00007ffc99931000 	C:\windows\SYSTEM32\profapi.dll
0x00007ffc85a50000 - 0x00007ffc85a5c000 	C:\Users\LPT128\Downloads\sts-4.14.1.RELEASE\plugins\org.eclipse.justj.openjdk.hotspot.jre.full.win32.x86_64_17.0.2.v20220201-1208\jre\bin\dt_socket.dll
0x00007ffc98640000 - 0x00007ffc9866d000 	C:\windows\SYSTEM32\IPHLPAPI.DLL
0x00007ffc98f80000 - 0x00007ffc98fe7000 	C:\windows\system32\mswsock.dll
0x00007ffc98670000 - 0x00007ffc98757000 	C:\windows\SYSTEM32\DNSAPI.dll
0x00007ffc9b1c0000 - 0x00007ffc9b1c9000 	C:\windows\System32\NSI.dll
0x00007ffc83510000 - 0x00007ffc8351a000 	C:\Windows\System32\rasadhlp.dll
0x00007ffc91920000 - 0x00007ffc919a1000 	C:\windows\System32\fwpuclnt.dll
0x00007ffc7f490000 - 0x00007ffc7f4a9000 	C:\Users\LPT128\Downloads\sts-4.14.1.RELEASE\plugins\org.eclipse.justj.openjdk.hotspot.jre.full.win32.x86_64_17.0.2.v20220201-1208\jre\bin\net.dll
0x00007ffc943a0000 - 0x00007ffc944ac000 	C:\windows\SYSTEM32\WINHTTP.dll
0x00007ffc7f380000 - 0x00007ffc7f395000 	C:\Users\LPT128\Downloads\sts-4.14.1.RELEASE\plugins\org.eclipse.justj.openjdk.hotspot.jre.full.win32.x86_64_17.0.2.v20220201-1208\jre\bin\nio.dll
0x00007ffc96110000 - 0x00007ffc96119000 	C:\Users\LPT128\Downloads\sts-4.14.1.RELEASE\plugins\org.eclipse.justj.openjdk.hotspot.jre.full.win32.x86_64_17.0.2.v20220201-1208\jre\bin\management.dll
0x00007ffc859d0000 - 0x00007ffc859db000 	C:\Users\LPT128\Downloads\sts-4.14.1.RELEASE\plugins\org.eclipse.justj.openjdk.hotspot.jre.full.win32.x86_64_17.0.2.v20220201-1208\jre\bin\management_ext.dll
0x00007ffc74620000 - 0x00007ffc74637000 	C:\windows\system32\napinsp.dll
0x00007ffc74e20000 - 0x00007ffc74e3b000 	C:\windows\system32\pnrpnsp.dll
0x00007ffc75000000 - 0x00007ffc75012000 	C:\windows\System32\winrnr.dll
0x00007ffc74fe0000 - 0x00007ffc74ff5000 	C:\windows\system32\wshbth.dll
0x00007ffc74fc0000 - 0x00007ffc74fdf000 	C:\windows\system32\nlansp_c.dll
0x00007ffc991d0000 - 0x00007ffc991e8000 	C:\windows\SYSTEM32\CRYPTSP.dll
0x00007ffc98a60000 - 0x00007ffc98a95000 	C:\windows\system32\rsaenh.dll
0x00007ffc99070000 - 0x00007ffc99099000 	C:\windows\SYSTEM32\USERENV.dll
0x00007ffc99340000 - 0x00007ffc99367000 	C:\windows\SYSTEM32\bcrypt.dll
0x00007ffc991c0000 - 0x00007ffc991cc000 	C:\windows\SYSTEM32\CRYPTBASE.dll
0x00007ffc94550000 - 0x00007ffc94569000 	C:\windows\SYSTEM32\dhcpcsvc6.DLL
0x00007ffc94ac0000 - 0x00007ffc94ade000 	C:\windows\SYSTEM32\dhcpcsvc.DLL
0x00007ffc953d0000 - 0x00007ffc953e0000 	C:\Users\LPT128\Downloads\sts-4.14.1.RELEASE\plugins\org.eclipse.justj.openjdk.hotspot.jre.full.win32.x86_64_17.0.2.v20220201-1208\jre\bin\verify.dll
0x00007ffc92e10000 - 0x00007ffc92e1e000 	C:\Users\LPT128\Downloads\sts-4.14.1.RELEASE\plugins\org.eclipse.justj.openjdk.hotspot.jre.full.win32.x86_64_17.0.2.v20220201-1208\jre\bin\sunmscapi.dll
0x00007ffc99fd0000 - 0x00007ffc9a132000 	C:\windows\System32\CRYPT32.dll
0x00007ffc99310000 - 0x00007ffc99338000 	C:\windows\SYSTEM32\ncrypt.dll
0x00007ffc992d0000 - 0x00007ffc99307000 	C:\windows\SYSTEM32\NTASN1.dll
0x00007ffc85a40000 - 0x00007ffc85a48000 	C:\windows\system32\wshunix.dll

dbghelp: loaded successfully - version: 4.0.5 - missing functions: none
symbol engine: initialized successfully - sym options: 0x614 - pdb path: .;C:\Users\LPT128\Downloads\sts-4.14.1.RELEASE\plugins\org.eclipse.justj.openjdk.hotspot.jre.full.win32.x86_64_17.0.2.v20220201-1208\jre\bin;C:\windows\SYSTEM32;C:\windows\WinSxS\amd64_microsoft.windows.common-controls_6595b64144ccf1df_6.0.22000.120_none_9d947278b86cc467;C:\Users\LPT128\Downloads\sts-4.14.1.RELEASE\plugins\org.eclipse.justj.openjdk.hotspot.jre.full.win32.x86_64_17.0.2.v20220201-1208\jre\bin\server

VM Arguments:
jvm_args: -XX:+ShowCodeDetailsInExceptionMessages -agentlib:jdwp=transport=dt_socket,suspend=y,address=localhost:55520 -Dcom.sun.management.jmxremote -Dcom.sun.management.jmxremote.port=55518 -Dcom.sun.management.jmxremote.authenticate=false -Dcom.sun.management.jmxremote.ssl=false -Djava.rmi.server.hostname=localhost -Dspring.jmx.enabled=true -Dspring.application.admin.enabled=true -XX:TieredStopAtLevel=1 -Dspring.boot.project.name=PrimeProduct -javaagent:C:\Users\LPT128\Downloads\sts-4.14.1.RELEASE\configuration\org.eclipse.osgi\265\0\.cp\lib\javaagent-shaded.jar -Dfile.encoding=UTF-8 
java_command: com.mdsl.PrimeProductApplication --spring.output.ansi.enabled=always
java_class_path (initial): C:\Users\LPT128\Downloads\PrimeProduct\PrimeProduct\target\classes;C:\Users\LPT128\.m2\repository\org\springframework\boot\spring-boot-starter-data-jpa\2.7.2\spring-boot-starter-data-jpa-2.7.2.jar;C:\Users\LPT128\.m2\repository\org\springframework\boot\spring-boot-starter-aop\2.7.2\spring-boot-starter-aop-2.7.2.jar;C:\Users\LPT128\.m2\repository\org\springframework\spring-aop\5.3.22\spring-aop-5.3.22.jar;C:\Users\LPT128\.m2\repository\org\aspectj\aspectjweaver\1.9.7\aspectjweaver-1.9.7.jar;C:\Users\LPT128\.m2\repository\org\springframework\boot\spring-boot-starter-jdbc\2.7.2\spring-boot-starter-jdbc-2.7.2.jar;C:\Users\LPT128\.m2\repository\com\zaxxer\HikariCP\4.0.3\HikariCP-4.0.3.jar;C:\Users\LPT128\.m2\repository\org\springframework\spring-jdbc\5.3.22\spring-jdbc-5.3.22.jar;C:\Users\LPT128\.m2\repository\jakarta\transaction\jakarta.transaction-api\1.3.3\jakarta.transaction-api-1.3.3.jar;C:\Users\LPT128\.m2\repository\jakarta\persistence\jakarta.persistence-api\2.2.3\jakarta.persistence-api-2.2.3.jar;C:\Users\LPT128\.m2\repository\org\hibernate\hibernate-core\5.6.10.Final\hibernate-core-5.6.10.Final.jar;C:\Users\LPT128\.m2\repository\org\jboss\logging\jboss-logging\3.4.3.Final\jboss-logging-3.4.3.Final.jar;C:\Users\LPT128\.m2\repository\net\bytebuddy\byte-buddy\1.12.12\byte-buddy-1.12.12.jar;C:\Users\LPT128\.m2\repository\antlr\antlr\2.7.7\antlr-2.7.7.jar;C:\Users\LPT128\.m2\repository\org\jboss\jandex\2.4.2.Final\jandex-2.4.2.Final.jar;C:\Users\LPT128\.m2\repository\com\fasterxml\classmate\1.5.1\classmate-1.5.1.jar;C:\Users\LPT128\.m2\repository\org\hibernate\common\hibernate-commons-annotations\5.1.2.Final\hibernate-commons-annotations-5.1.2.Final.jar;C:\Users\LPT128\.m2\repository\org\springframework\data\spring-data-jpa\2.7.2\spring-data-jpa-2.7.2.jar;C:\Users\LPT128\.m2\repository\org\springframework\data\spring-data-commons\2.7.2\spring-data-commons-2.7.2.jar;C:\Users\LPT128\.m2\repository\org\springframework\spring-orm\5.3.22\spri
Launcher Type: SUN_STANDARD

[Global flags]
     intx CICompilerCount                          = 4                                         {product} {ergonomic}
     uint ConcGCThreads                            = 3                                         {product} {ergonomic}
     uint G1ConcRefinementThreads                  = 10                                        {product} {ergonomic}
   size_t G1HeapRegionSize                         = 2097152                                   {product} {ergonomic}
    uintx GCDrainStackTargetSize                   = 64                                        {product} {ergonomic}
   size_t InitialHeapSize                          = 257949696                                 {product} {ergonomic}
     bool ManagementServer                         = true                                      {product} {command line}
   size_t MarkStackSize                            = 4194304                                   {product} {ergonomic}
   size_t MaxHeapSize                              = 4110417920                                {product} {ergonomic}
   size_t MaxNewSize                               = 2466250752                                {product} {ergonomic}
   size_t MinHeapDeltaBytes                        = 2097152                                   {product} {ergonomic}
   size_t MinHeapSize                              = 8388608                                   {product} {ergonomic}
    uintx NonProfiledCodeHeapSize                  = 0                                      {pd product} {ergonomic}
     bool ProfileInterpreter                       = false                                  {pd product} {command line}
    uintx ProfiledCodeHeapSize                     = 0                                      {pd product} {ergonomic}
     bool ShowCodeDetailsInExceptionMessages       = true                                   {manageable} {command line}
   size_t SoftMaxHeapSize                          = 4110417920                             {manageable} {ergonomic}
     intx TieredStopAtLevel                        = 1                                         {product} {command line}
     bool UseCompressedClassPointers               = true                           {product lp64_product} {ergonomic}
     bool UseCompressedOops                        = true                           {product lp64_product} {ergonomic}
     bool UseG1GC                                  = true                                      {product} {ergonomic}
     bool UseLargePagesIndividualAllocation        = false                                  {pd product} {ergonomic}

Logging:
Log output configuration:
 #0: stdout all=warning uptime,level,tags
 #1: stderr all=off uptime,level,tags

Environment Variables:
PATH=C:\Users\LPT128\Downloads\sts-4.14.1.RELEASE\plugins\org.eclipse.justj.openjdk.hotspot.jre.full.win32.x86_64_17.0.2.v20220201-1208\jre\bin;C:/Users/LPT128/Downloads/sts-4.14.1.RELEASE//plugins/org.eclipse.justj.openjdk.hotspot.jre.full.win32.x86_64_17.0.2.v20220201-1208/jre/bin/server;C:/Users/LPT128/Downloads/sts-4.14.1.RELEASE//plugins/org.eclipse.justj.openjdk.hotspot.jre.full.win32.x86_64_17.0.2.v20220201-1208/jre/bin;C:\Program Files\Microsoft MPI\Bin\;C:\Program Files (x86)\Common Files\Oracle\Java\javapath;C:\windows\system32;C:\windows;C:\windows\System32\Wbem;C:\windows\System32\WindowsPowerShell\v1.0\;C:\windows\System32\OpenSSH\;C:\Program Files\TortoiseSVN\bin;C:\Program Files\WireGuard\;C:\Program Files\dotnet\;C:\Program Files (x86)\dotnet\;C:\Program Files\Git\cmd;C:\Program Files (x86)\Microsoft SQL Server\150\Tools\Binn\;C:\Program Files\Microsoft SQL Server\150\Tools\Binn\;C:\Program Files (x86)\Microsoft SQL Server\150\DTS\Binn\;C:\Program Files\Microsoft SQL Server\150\DTS\Binn\;C:\Program Files\Microsoft SQL Server\Client SDK\ODBC\170\Tools\Binn\;C:\Program Files\Azure Data Studio\bin;C:\Program Files\Microsoft SQL Server\130\Tools\Binn\;C:\Program Files\Microsoft SQL Server\120\Tools\Binn\;C:\Program Files\Microsoft SQL Server\Client SDK\ODBC\110\Tools\Binn\;C:\Program Files (x86)\Microsoft SQL Server\120\Tools\Binn\;C:\Program Files\Microsoft SQL Server\120\DTS\Binn\;C:\Program Files (x86)\Microsoft SQL Server\120\Tools\Binn\ManagementStudio\;C:\Program Files (x86)\Microsoft SQL Server\120\DTS\Binn\;C:\Program Files\nodejs\;C:\Users\LPT128\AppData\Local\Programs\Python\Python310\Scripts\;C:\Users\LPT128\AppData\Local\Programs\Python\Python310\;C:\Users\LPT128\AppData\Local\Microsoft\WindowsApps;;C:\Users\LPT128\AppData\Local\Programs\Microsoft VS Code\bin;C:\Users\LPT128\AppData\Roaming\npm;C:\Users\LPT128\Downloads\sts-4.14.1.RELEASE;
USERNAME=LPT128
OS=Windows_NT
PROCESSOR_IDENTIFIER=AMD64 Family 23 Model 104 Stepping 1, AuthenticAMD



---------------  S Y S T E M  ---------------

OS:
 Windows 11 , 64 bit Build 22000 (10.0.22000.282)
OS uptime: 0 days 9:43 hours

CPU: total 12 (initial active 12) (12 cores per cpu, 2 threads per core) family 23 model 104 stepping 1 microcode 0x0, cx8, cmov, fxsr, ht, mmx, 3dnowpref, sse, sse2, sse3, ssse3, sse4a, sse4.1, sse4.2, popcnt, lzcnt, tsc, tscinvbit, avx, avx2, aes, clmul, bmi1, bmi2, adx, sha, fma, vzeroupper, clflush, clflushopt

Memory: 4k page, system-wide physical 15679M (6383M free)
TotalPageFile size 24383M (AvailPageFile size 10049M)
current process WorkingSet (physical memory assigned to process): 219M, peak: 242M
current process commit charge ("private bytes"): 270M, peak: 363M

vm_info: OpenJDK 64-Bit Server VM (17.0.2+8) for windows-amd64 JRE (17.0.2+8), built on Jan 20 2022 04:52:34 by "" with MS VC++ 16.7 (VS2019)

END.
