#
# There is insufficient memory for the Java Runtime Environment to continue.
# Native memory allocation (malloc) failed to allocate 1205968 bytes for Chunk::new
# Possible reasons:
#   The system is out of physical RAM or swap space
#   The process is running with CompressedOops enabled, and the Java Heap may be blocking the growth of the native heap
# Possible solutions:
#   Reduce memory load on the system
#   Increase physical memory or swap space
#   Check if swap backing store is full
#   Decrease Java heap size (-Xmx/-Xms)
#   Decrease number of Java threads
#   Decrease Java thread stack sizes (-Xss)
#   Set larger code cache with -XX:ReservedCodeCacheSize=
#   JVM is running with Zero Based Compressed Oops mode in which the Java heap is
#     placed in the first 32GB address space. The Java Heap base address is the
#     maximum limit for the native heap growth. Please use -XX:HeapBaseMinAddress
#     to set the Java Heap base and to place the Java Heap above 32GB virtual address.
# This output file may be truncated or incomplete.
#
#  Out of Memory Error (arena.cpp:189), pid=26428, tid=21896
#
# JRE version: OpenJDK Runtime Environment Temurin-17.0.2+8 (17.0.2+8) (build 17.0.2+8)
# Java VM: OpenJDK 64-Bit Server VM Temurin-17.0.2+8 (17.0.2+8, mixed mode, tiered, compressed oops, compressed class ptrs, g1 gc, windows-amd64)
# No core dump will be written. Minidumps are not enabled by default on client versions of Windows
#

---------------  S U M M A R Y ------------

Command Line: C:\Users\LPT128\AppData\Local\Temp\surefire11928765834496362511\surefirebooter17757479472946789062.jar C:\Users\LPT128\AppData\Local\Temp\surefire11928765834496362511 2023-03-29T18-51-21_758-jvmRun1 surefire2418906354115935996tmp surefire_016535805624396916896tmp

Host: AMD Ryzen 5 5500U with Radeon Graphics         , 12 cores, 15G,  Windows 11 , 64 bit Build 22621 (10.0.22621.1344)
Time: Wed Mar 29 18:51:23 2023 India Standard Time elapsed time: 1.187170 seconds (0d 0h 0m 1s)

---------------  T H R E A D  ---------------

Current thread (0x00000223f4cd4990):  JavaThread "C2 CompilerThread1" daemon [_thread_in_native, id=21896, stack(0x0000009eb9f00000,0x0000009eba000000)]


Current CompileTask:
C2:   1187 1388       4       jdk.internal.loader.URLClassPath::getResource (74 bytes)

Stack: [0x0000009eb9f00000,0x0000009eba000000]
Native frames: (J=compiled Java code, j=interpreted, Vv=VM code, C=native code)
V  [jvm.dll+0x67564a]
V  [jvm.dll+0x82fc04]
V  [jvm.dll+0x8313ae]
V  [jvm.dll+0x831a13]
V  [jvm.dll+0x245235]
V  [jvm.dll+0xabd7b]
V  [jvm.dll+0xac30c]
V  [jvm.dll+0x3631f7]
V  [jvm.dll+0x1bb8e8]
V  [jvm.dll+0x218229]
V  [jvm.dll+0x2174f1]
V  [jvm.dll+0x1a3a8d]
V  [jvm.dll+0x226ef8]
V  [jvm.dll+0x22503c]
V  [jvm.dll+0x7e596b]
V  [jvm.dll+0x7dff2a]
V  [jvm.dll+0x6744d5]
C  [ucrtbase.dll+0x29363]
C  [KERNEL32.DLL+0x126bd]
C  [ntdll.dll+0x5a9f8]


---------------  P R O C E S S  ---------------

Threads class SMR info:
_java_thread_list=0x00000223f5cb8fc0, length=16, elements={
0x00000223d5351720, 0x00000223f3d8e620, 0x00000223f4859020, 0x00000223f482ba00,
0x00000223f482c2c0, 0x00000223f482cb80, 0x00000223f482d440, 0x00000223f482e030,
0x00000223f482e930, 0x00000223f4877400, 0x00000223f4a02240, 0x00000223f4a049b0,
0x00000223f4a247b0, 0x00000223f4c1de90, 0x00000223f4cd4990, 0x00000223f62e3dd0
}

Java Threads: ( => current thread )
  0x00000223d5351720 JavaThread "main" [_thread_in_native, id=27460, stack(0x0000009eb8a00000,0x0000009eb8b00000)]
  0x00000223f3d8e620 JavaThread "Reference Handler" daemon [_thread_blocked, id=27808, stack(0x0000009eb9100000,0x0000009eb9200000)]
  0x00000223f4859020 JavaThread "Finalizer" daemon [_thread_blocked, id=26512, stack(0x0000009eb9200000,0x0000009eb9300000)]
  0x00000223f482ba00 JavaThread "Signal Dispatcher" daemon [_thread_blocked, id=27876, stack(0x0000009eb9300000,0x0000009eb9400000)]
  0x00000223f482c2c0 JavaThread "Attach Listener" daemon [_thread_blocked, id=25456, stack(0x0000009eb9400000,0x0000009eb9500000)]
  0x00000223f482cb80 JavaThread "Service Thread" daemon [_thread_blocked, id=20988, stack(0x0000009eb9500000,0x0000009eb9600000)]
  0x00000223f482d440 JavaThread "Monitor Deflation Thread" daemon [_thread_blocked, id=24612, stack(0x0000009eb9600000,0x0000009eb9700000)]
  0x00000223f482e030 JavaThread "C2 CompilerThread0" daemon [_thread_blocked, id=11064, stack(0x0000009eb9700000,0x0000009eb9800000)]
  0x00000223f482e930 JavaThread "C1 CompilerThread0" daemon [_thread_blocked, id=2728, stack(0x0000009eb9800000,0x0000009eb9900000)]
  0x00000223f4877400 JavaThread "Sweeper thread" daemon [_thread_blocked, id=27944, stack(0x0000009eb9900000,0x0000009eb9a00000)]
  0x00000223f4a02240 JavaThread "Notification Thread" daemon [_thread_blocked, id=14360, stack(0x0000009eb9a00000,0x0000009eb9b00000)]
  0x00000223f4a049b0 JavaThread "Common-Cleaner" daemon [_thread_blocked, id=11816, stack(0x0000009eb9c00000,0x0000009eb9d00000)]
  0x00000223f4a247b0 JavaThread "surefire-forkedjvm-command-thread" daemon [_thread_in_native, id=10724, stack(0x0000009eb9d00000,0x0000009eb9e00000)]
  0x00000223f4c1de90 JavaThread "surefire-forkedjvm-ping-30s" daemon [_thread_blocked, id=11624, stack(0x0000009eb9e00000,0x0000009eb9f00000)]
=>0x00000223f4cd4990 JavaThread "C2 CompilerThread1" daemon [_thread_in_native, id=21896, stack(0x0000009eb9f00000,0x0000009eba000000)]
  0x00000223f62e3dd0 JavaThread "C2 CompilerThread2" daemon [_thread_blocked, id=19444, stack(0x0000009eba000000,0x0000009eba100000)]

Other Threads:
  0x00000223f3d8e100 VMThread "VM Thread" [stack: 0x0000009eb9000000,0x0000009eb9100000] [id=5936]
  0x00000223f4a02710 WatcherThread [stack: 0x0000009eb9b00000,0x0000009eb9c00000] [id=2204]
  0x00000223d53a1300 GCTaskThread "GC Thread#0" [stack: 0x0000009eb8b00000,0x0000009eb8c00000] [id=22516]
  0x00000223f6191b40 GCTaskThread "GC Thread#1" [stack: 0x0000009eba100000,0x0000009eba200000] [id=29736]
  0x00000223f6191890 GCTaskThread "GC Thread#2" [stack: 0x0000009eba200000,0x0000009eba300000] [id=24788]
  0x00000223f6192b60 GCTaskThread "GC Thread#3" [stack: 0x0000009eba300000,0x0000009eba400000] [id=26956]
  0x00000223f6191df0 GCTaskThread "GC Thread#4" [stack: 0x0000009eba400000,0x0000009eba500000] [id=15384]
  0x00000223f61920a0 GCTaskThread "GC Thread#5" [stack: 0x0000009eba500000,0x0000009eba600000] [id=15924]
  0x00000223f6191330 GCTaskThread "GC Thread#6" [stack: 0x0000009eba600000,0x0000009eba700000] [id=29936]
  0x00000223f61915e0 GCTaskThread "GC Thread#7" [stack: 0x0000009eba700000,0x0000009eba800000] [id=24020]
  0x00000223d53b16b0 ConcurrentGCThread "G1 Main Marker" [stack: 0x0000009eb8c00000,0x0000009eb8d00000] [id=22512]
  0x00000223d53b4690 ConcurrentGCThread "G1 Conc#0" [stack: 0x0000009eb8d00000,0x0000009eb8e00000] [id=26332]
  0x00000223f3c134e0 ConcurrentGCThread "G1 Refine#0" [stack: 0x0000009eb8e00000,0x0000009eb8f00000] [id=5532]
  0x00000223f3c14bc0 ConcurrentGCThread "G1 Service" [stack: 0x0000009eb8f00000,0x0000009eb9000000] [id=1780]

Threads with active compile tasks:
C2 CompilerThread1     1204 1388       4       jdk.internal.loader.URLClassPath::getResource (74 bytes)

VM state: not at safepoint (normal execution)

VM Mutex/Monitor currently owned by a thread: None

Heap address: 0x000000070b000000, size: 3920 MB, Compressed Oops mode: Zero based, Oop shift amount: 3

CDS archive(s) not mapped
Compressed class space mapped at: 0x0000000800000000-0x0000000840000000, reserved size: 1073741824
Narrow klass base: 0x0000000800000000, Narrow klass shift: 0, Narrow klass range: 0x40000000

GC Precious Log:
 CPUs: 12 total, 12 available
 Memory: 15679M
 Large Page Support: Disabled
 NUMA Support: Disabled
 Compressed Oops: Enabled (Zero based)
 Heap Region Size: 2M
 Heap Min Capacity: 8M
 Heap Initial Capacity: 246M
 Heap Max Capacity: 3920M
 Pre-touch: Disabled
 Parallel Workers: 10
 Concurrent Workers: 3
 Concurrent Refinement Workers: 10
 Periodic GC: Disabled

Heap:
 garbage-first heap   total 251904K, used 11270K [0x000000070b000000, 0x0000000800000000)
  region size 2048K, 2 young (4096K), 1 survivors (2048K)
 Metaspace       used 17268K, committed 17408K, reserved 1064960K
  class space    used 1837K, committed 1920K, reserved 1048576K

Heap Regions: E=young(eden), S=young(survivor), O=old, HS=humongous(starts), HC=humongous(continues), CS=collection set, F=free, OA=open archive, CA=closed archive, TAMS=top-at-mark-start (previous, next)
|   0|0x000000070b000000, 0x000000070b200000, 0x000000070b200000|100%| O|  |TAMS 0x000000070b000000, 0x000000070b000000| Untracked 
|   1|0x000000070b200000, 0x000000070b400000, 0x000000070b400000|100%| O|  |TAMS 0x000000070b200000, 0x000000070b200000| Untracked 
|   2|0x000000070b400000, 0x000000070b600000, 0x000000070b600000|100%| O|  |TAMS 0x000000070b400000, 0x000000070b400000| Untracked 
|   3|0x000000070b600000, 0x000000070b800000, 0x000000070b800000|100%| O|  |TAMS 0x000000070b600000, 0x000000070b600000| Untracked 
|   4|0x000000070b800000, 0x000000070b9cd200, 0x000000070ba00000| 90%| O|  |TAMS 0x000000070b800000, 0x000000070b800000| Untracked 
|   5|0x000000070ba00000, 0x000000070ba00000, 0x000000070bc00000|  0%| F|  |TAMS 0x000000070ba00000, 0x000000070ba00000| Untracked 
|   6|0x000000070bc00000, 0x000000070bc00000, 0x000000070be00000|  0%| F|  |TAMS 0x000000070bc00000, 0x000000070bc00000| Untracked 
|   7|0x000000070be00000, 0x000000070be00000, 0x000000070c000000|  0%| F|  |TAMS 0x000000070be00000, 0x000000070be00000| Untracked 
|   8|0x000000070c000000, 0x000000070c000000, 0x000000070c200000|  0%| F|  |TAMS 0x000000070c000000, 0x000000070c000000| Untracked 
|   9|0x000000070c200000, 0x000000070c200000, 0x000000070c400000|  0%| F|  |TAMS 0x000000070c200000, 0x000000070c200000| Untracked 
|  10|0x000000070c400000, 0x000000070c400000, 0x000000070c600000|  0%| F|  |TAMS 0x000000070c400000, 0x000000070c400000| Untracked 
|  11|0x000000070c600000, 0x000000070c600000, 0x000000070c800000|  0%| F|  |TAMS 0x000000070c600000, 0x000000070c600000| Untracked 
|  12|0x000000070c800000, 0x000000070c800000, 0x000000070ca00000|  0%| F|  |TAMS 0x000000070c800000, 0x000000070c800000| Untracked 
|  13|0x000000070ca00000, 0x000000070ca00000, 0x000000070cc00000|  0%| F|  |TAMS 0x000000070ca00000, 0x000000070ca00000| Untracked 
|  14|0x000000070cc00000, 0x000000070cc00000, 0x000000070ce00000|  0%| F|  |TAMS 0x000000070cc00000, 0x000000070cc00000| Untracked 
|  15|0x000000070ce00000, 0x000000070ce00000, 0x000000070d000000|  0%| F|  |TAMS 0x000000070ce00000, 0x000000070ce00000| Untracked 
|  16|0x000000070d000000, 0x000000070d000000, 0x000000070d200000|  0%| F|  |TAMS 0x000000070d000000, 0x000000070d000000| Untracked 
|  17|0x000000070d200000, 0x000000070d200000, 0x000000070d400000|  0%| F|  |TAMS 0x000000070d200000, 0x000000070d200000| Untracked 
|  18|0x000000070d400000, 0x000000070d400000, 0x000000070d600000|  0%| F|  |TAMS 0x000000070d400000, 0x000000070d400000| Untracked 
|  19|0x000000070d600000, 0x000000070d600000, 0x000000070d800000|  0%| F|  |TAMS 0x000000070d600000, 0x000000070d600000| Untracked 
|  20|0x000000070d800000, 0x000000070d800000, 0x000000070da00000|  0%| F|  |TAMS 0x000000070d800000, 0x000000070d800000| Untracked 
|  21|0x000000070da00000, 0x000000070da00000, 0x000000070dc00000|  0%| F|  |TAMS 0x000000070da00000, 0x000000070da00000| Untracked 
|  22|0x000000070dc00000, 0x000000070dc00000, 0x000000070de00000|  0%| F|  |TAMS 0x000000070dc00000, 0x000000070dc00000| Untracked 
|  23|0x000000070de00000, 0x000000070de00000, 0x000000070e000000|  0%| F|  |TAMS 0x000000070de00000, 0x000000070de00000| Untracked 
|  24|0x000000070e000000, 0x000000070e000000, 0x000000070e200000|  0%| F|  |TAMS 0x000000070e000000, 0x000000070e000000| Untracked 
|  25|0x000000070e200000, 0x000000070e200000, 0x000000070e400000|  0%| F|  |TAMS 0x000000070e200000, 0x000000070e200000| Untracked 
|  26|0x000000070e400000, 0x000000070e400000, 0x000000070e600000|  0%| F|  |TAMS 0x000000070e400000, 0x000000070e400000| Untracked 
|  27|0x000000070e600000, 0x000000070e600000, 0x000000070e800000|  0%| F|  |TAMS 0x000000070e600000, 0x000000070e600000| Untracked 
|  28|0x000000070e800000, 0x000000070e800000, 0x000000070ea00000|  0%| F|  |TAMS 0x000000070e800000, 0x000000070e800000| Untracked 
|  29|0x000000070ea00000, 0x000000070ea00000, 0x000000070ec00000|  0%| F|  |TAMS 0x000000070ea00000, 0x000000070ea00000| Untracked 
|  30|0x000000070ec00000, 0x000000070ec00000, 0x000000070ee00000|  0%| F|  |TAMS 0x000000070ec00000, 0x000000070ec00000| Untracked 
|  31|0x000000070ee00000, 0x000000070ee00000, 0x000000070f000000|  0%| F|  |TAMS 0x000000070ee00000, 0x000000070ee00000| Untracked 
|  32|0x000000070f000000, 0x000000070f000000, 0x000000070f200000|  0%| F|  |TAMS 0x000000070f000000, 0x000000070f000000| Untracked 
|  33|0x000000070f200000, 0x000000070f200000, 0x000000070f400000|  0%| F|  |TAMS 0x000000070f200000, 0x000000070f200000| Untracked 
|  34|0x000000070f400000, 0x000000070f400000, 0x000000070f600000|  0%| F|  |TAMS 0x000000070f400000, 0x000000070f400000| Untracked 
|  35|0x000000070f600000, 0x000000070f600000, 0x000000070f800000|  0%| F|  |TAMS 0x000000070f600000, 0x000000070f600000| Untracked 
|  36|0x000000070f800000, 0x000000070f800000, 0x000000070fa00000|  0%| F|  |TAMS 0x000000070f800000, 0x000000070f800000| Untracked 
|  37|0x000000070fa00000, 0x000000070fa00000, 0x000000070fc00000|  0%| F|  |TAMS 0x000000070fa00000, 0x000000070fa00000| Untracked 
|  38|0x000000070fc00000, 0x000000070fc00000, 0x000000070fe00000|  0%| F|  |TAMS 0x000000070fc00000, 0x000000070fc00000| Untracked 
|  39|0x000000070fe00000, 0x000000070fe00000, 0x0000000710000000|  0%| F|  |TAMS 0x000000070fe00000, 0x000000070fe00000| Untracked 
|  40|0x0000000710000000, 0x0000000710000000, 0x0000000710200000|  0%| F|  |TAMS 0x0000000710000000, 0x0000000710000000| Untracked 
|  41|0x0000000710200000, 0x0000000710200000, 0x0000000710400000|  0%| F|  |TAMS 0x0000000710200000, 0x0000000710200000| Untracked 
|  42|0x0000000710400000, 0x0000000710400000, 0x0000000710600000|  0%| F|  |TAMS 0x0000000710400000, 0x0000000710400000| Untracked 
|  43|0x0000000710600000, 0x0000000710600000, 0x0000000710800000|  0%| F|  |TAMS 0x0000000710600000, 0x0000000710600000| Untracked 
|  44|0x0000000710800000, 0x0000000710800000, 0x0000000710a00000|  0%| F|  |TAMS 0x0000000710800000, 0x0000000710800000| Untracked 
|  45|0x0000000710a00000, 0x0000000710a00000, 0x0000000710c00000|  0%| F|  |TAMS 0x0000000710a00000, 0x0000000710a00000| Untracked 
|  46|0x0000000710c00000, 0x0000000710c00000, 0x0000000710e00000|  0%| F|  |TAMS 0x0000000710c00000, 0x0000000710c00000| Untracked 
|  47|0x0000000710e00000, 0x0000000710e00000, 0x0000000711000000|  0%| F|  |TAMS 0x0000000710e00000, 0x0000000710e00000| Untracked 
|  48|0x0000000711000000, 0x0000000711000000, 0x0000000711200000|  0%| F|  |TAMS 0x0000000711000000, 0x0000000711000000| Untracked 
|  49|0x0000000711200000, 0x0000000711200000, 0x0000000711400000|  0%| F|  |TAMS 0x0000000711200000, 0x0000000711200000| Untracked 
|  50|0x0000000711400000, 0x0000000711400000, 0x0000000711600000|  0%| F|  |TAMS 0x0000000711400000, 0x0000000711400000| Untracked 
|  51|0x0000000711600000, 0x0000000711600000, 0x0000000711800000|  0%| F|  |TAMS 0x0000000711600000, 0x0000000711600000| Untracked 
|  52|0x0000000711800000, 0x0000000711800000, 0x0000000711a00000|  0%| F|  |TAMS 0x0000000711800000, 0x0000000711800000| Untracked 
|  53|0x0000000711a00000, 0x0000000711a00000, 0x0000000711c00000|  0%| F|  |TAMS 0x0000000711a00000, 0x0000000711a00000| Untracked 
|  54|0x0000000711c00000, 0x0000000711c00000, 0x0000000711e00000|  0%| F|  |TAMS 0x0000000711c00000, 0x0000000711c00000| Untracked 
|  55|0x0000000711e00000, 0x0000000711e00000, 0x0000000712000000|  0%| F|  |TAMS 0x0000000711e00000, 0x0000000711e00000| Untracked 
|  56|0x0000000712000000, 0x0000000712000000, 0x0000000712200000|  0%| F|  |TAMS 0x0000000712000000, 0x0000000712000000| Untracked 
|  57|0x0000000712200000, 0x0000000712200000, 0x0000000712400000|  0%| F|  |TAMS 0x0000000712200000, 0x0000000712200000| Untracked 
|  58|0x0000000712400000, 0x0000000712400000, 0x0000000712600000|  0%| F|  |TAMS 0x0000000712400000, 0x0000000712400000| Untracked 
|  59|0x0000000712600000, 0x0000000712600000, 0x0000000712800000|  0%| F|  |TAMS 0x0000000712600000, 0x0000000712600000| Untracked 
|  60|0x0000000712800000, 0x0000000712800000, 0x0000000712a00000|  0%| F|  |TAMS 0x0000000712800000, 0x0000000712800000| Untracked 
|  61|0x0000000712a00000, 0x0000000712a00000, 0x0000000712c00000|  0%| F|  |TAMS 0x0000000712a00000, 0x0000000712a00000| Untracked 
|  62|0x0000000712c00000, 0x0000000712c00000, 0x0000000712e00000|  0%| F|  |TAMS 0x0000000712c00000, 0x0000000712c00000| Untracked 
|  63|0x0000000712e00000, 0x0000000712e00000, 0x0000000713000000|  0%| F|  |TAMS 0x0000000712e00000, 0x0000000712e00000| Untracked 
|  64|0x0000000713000000, 0x0000000713000000, 0x0000000713200000|  0%| F|  |TAMS 0x0000000713000000, 0x0000000713000000| Untracked 
|  65|0x0000000713200000, 0x0000000713200000, 0x0000000713400000|  0%| F|  |TAMS 0x0000000713200000, 0x0000000713200000| Untracked 
|  66|0x0000000713400000, 0x0000000713400000, 0x0000000713600000|  0%| F|  |TAMS 0x0000000713400000, 0x0000000713400000| Untracked 
|  67|0x0000000713600000, 0x0000000713600000, 0x0000000713800000|  0%| F|  |TAMS 0x0000000713600000, 0x0000000713600000| Untracked 
|  68|0x0000000713800000, 0x0000000713800000, 0x0000000713a00000|  0%| F|  |TAMS 0x0000000713800000, 0x0000000713800000| Untracked 
|  69|0x0000000713a00000, 0x0000000713a00000, 0x0000000713c00000|  0%| F|  |TAMS 0x0000000713a00000, 0x0000000713a00000| Untracked 
|  70|0x0000000713c00000, 0x0000000713c00000, 0x0000000713e00000|  0%| F|  |TAMS 0x0000000713c00000, 0x0000000713c00000| Untracked 
|  71|0x0000000713e00000, 0x0000000713e00000, 0x0000000714000000|  0%| F|  |TAMS 0x0000000713e00000, 0x0000000713e00000| Untracked 
|  72|0x0000000714000000, 0x0000000714000000, 0x0000000714200000|  0%| F|  |TAMS 0x0000000714000000, 0x0000000714000000| Untracked 
|  73|0x0000000714200000, 0x0000000714200000, 0x0000000714400000|  0%| F|  |TAMS 0x0000000714200000, 0x0000000714200000| Untracked 
|  74|0x0000000714400000, 0x0000000714400000, 0x0000000714600000|  0%| F|  |TAMS 0x0000000714400000, 0x0000000714400000| Untracked 
|  75|0x0000000714600000, 0x0000000714600000, 0x0000000714800000|  0%| F|  |TAMS 0x0000000714600000, 0x0000000714600000| Untracked 
|  76|0x0000000714800000, 0x0000000714800000, 0x0000000714a00000|  0%| F|  |TAMS 0x0000000714800000, 0x0000000714800000| Untracked 
|  77|0x0000000714a00000, 0x0000000714a00000, 0x0000000714c00000|  0%| F|  |TAMS 0x0000000714a00000, 0x0000000714a00000| Untracked 
|  78|0x0000000714c00000, 0x0000000714c00000, 0x0000000714e00000|  0%| F|  |TAMS 0x0000000714c00000, 0x0000000714c00000| Untracked 
|  79|0x0000000714e00000, 0x0000000714e00000, 0x0000000715000000|  0%| F|  |TAMS 0x0000000714e00000, 0x0000000714e00000| Untracked 
|  80|0x0000000715000000, 0x0000000715000000, 0x0000000715200000|  0%| F|  |TAMS 0x0000000715000000, 0x0000000715000000| Untracked 
|  81|0x0000000715200000, 0x0000000715200000, 0x0000000715400000|  0%| F|  |TAMS 0x0000000715200000, 0x0000000715200000| Untracked 
|  82|0x0000000715400000, 0x0000000715400000, 0x0000000715600000|  0%| F|  |TAMS 0x0000000715400000, 0x0000000715400000| Untracked 
|  83|0x0000000715600000, 0x0000000715600000, 0x0000000715800000|  0%| F|  |TAMS 0x0000000715600000, 0x0000000715600000| Untracked 
|  84|0x0000000715800000, 0x0000000715800000, 0x0000000715a00000|  0%| F|  |TAMS 0x0000000715800000, 0x0000000715800000| Untracked 
|  85|0x0000000715a00000, 0x0000000715a00000, 0x0000000715c00000|  0%| F|  |TAMS 0x0000000715a00000, 0x0000000715a00000| Untracked 
|  86|0x0000000715c00000, 0x0000000715c00000, 0x0000000715e00000|  0%| F|  |TAMS 0x0000000715c00000, 0x0000000715c00000| Untracked 
|  87|0x0000000715e00000, 0x0000000715e00000, 0x0000000716000000|  0%| F|  |TAMS 0x0000000715e00000, 0x0000000715e00000| Untracked 
|  88|0x0000000716000000, 0x0000000716000000, 0x0000000716200000|  0%| F|  |TAMS 0x0000000716000000, 0x0000000716000000| Untracked 
|  89|0x0000000716200000, 0x0000000716200000, 0x0000000716400000|  0%| F|  |TAMS 0x0000000716200000, 0x0000000716200000| Untracked 
|  90|0x0000000716400000, 0x0000000716400000, 0x0000000716600000|  0%| F|  |TAMS 0x0000000716400000, 0x0000000716400000| Untracked 
|  91|0x0000000716600000, 0x0000000716600000, 0x0000000716800000|  0%| F|  |TAMS 0x0000000716600000, 0x0000000716600000| Untracked 
|  92|0x0000000716800000, 0x0000000716800000, 0x0000000716a00000|  0%| F|  |TAMS 0x0000000716800000, 0x0000000716800000| Untracked 
|  93|0x0000000716a00000, 0x0000000716a00000, 0x0000000716c00000|  0%| F|  |TAMS 0x0000000716a00000, 0x0000000716a00000| Untracked 
|  94|0x0000000716c00000, 0x0000000716c00000, 0x0000000716e00000|  0%| F|  |TAMS 0x0000000716c00000, 0x0000000716c00000| Untracked 
|  95|0x0000000716e00000, 0x0000000716e00000, 0x0000000717000000|  0%| F|  |TAMS 0x0000000716e00000, 0x0000000716e00000| Untracked 
|  96|0x0000000717000000, 0x0000000717000000, 0x0000000717200000|  0%| F|  |TAMS 0x0000000717000000, 0x0000000717000000| Untracked 
|  97|0x0000000717200000, 0x0000000717200000, 0x0000000717400000|  0%| F|  |TAMS 0x0000000717200000, 0x0000000717200000| Untracked 
|  98|0x0000000717400000, 0x0000000717400000, 0x0000000717600000|  0%| F|  |TAMS 0x0000000717400000, 0x0000000717400000| Untracked 
|  99|0x0000000717600000, 0x0000000717600000, 0x0000000717800000|  0%| F|  |TAMS 0x0000000717600000, 0x0000000717600000| Untracked 
| 100|0x0000000717800000, 0x0000000717800000, 0x0000000717a00000|  0%| F|  |TAMS 0x0000000717800000, 0x0000000717800000| Untracked 
| 101|0x0000000717a00000, 0x0000000717a00000, 0x0000000717c00000|  0%| F|  |TAMS 0x0000000717a00000, 0x0000000717a00000| Untracked 
| 102|0x0000000717c00000, 0x0000000717c00000, 0x0000000717e00000|  0%| F|  |TAMS 0x0000000717c00000, 0x0000000717c00000| Untracked 
| 103|0x0000000717e00000, 0x0000000717e00000, 0x0000000718000000|  0%| F|  |TAMS 0x0000000717e00000, 0x0000000717e00000| Untracked 
| 104|0x0000000718000000, 0x0000000718000000, 0x0000000718200000|  0%| F|  |TAMS 0x0000000718000000, 0x0000000718000000| Untracked 
| 105|0x0000000718200000, 0x0000000718200000, 0x0000000718400000|  0%| F|  |TAMS 0x0000000718200000, 0x0000000718200000| Untracked 
| 106|0x0000000718400000, 0x0000000718400000, 0x0000000718600000|  0%| F|  |TAMS 0x0000000718400000, 0x0000000718400000| Untracked 
| 107|0x0000000718600000, 0x0000000718600000, 0x0000000718800000|  0%| F|  |TAMS 0x0000000718600000, 0x0000000718600000| Untracked 
| 108|0x0000000718800000, 0x0000000718800000, 0x0000000718a00000|  0%| F|  |TAMS 0x0000000718800000, 0x0000000718800000| Untracked 
| 109|0x0000000718a00000, 0x0000000718a00000, 0x0000000718c00000|  0%| F|  |TAMS 0x0000000718a00000, 0x0000000718a00000| Untracked 
| 110|0x0000000718c00000, 0x0000000718c00000, 0x0000000718e00000|  0%| F|  |TAMS 0x0000000718c00000, 0x0000000718c00000| Untracked 
| 111|0x0000000718e00000, 0x0000000718e00000, 0x0000000719000000|  0%| F|  |TAMS 0x0000000718e00000, 0x0000000718e00000| Untracked 
| 112|0x0000000719000000, 0x0000000719000000, 0x0000000719200000|  0%| F|  |TAMS 0x0000000719000000, 0x0000000719000000| Untracked 
| 113|0x0000000719200000, 0x00000007193347d8, 0x0000000719400000| 60%| S|CS|TAMS 0x0000000719200000, 0x0000000719200000| Complete 
| 114|0x0000000719400000, 0x0000000719400000, 0x0000000719600000|  0%| F|  |TAMS 0x0000000719400000, 0x0000000719400000| Untracked 
| 115|0x0000000719600000, 0x0000000719600000, 0x0000000719800000|  0%| F|  |TAMS 0x0000000719600000, 0x0000000719600000| Untracked 
| 116|0x0000000719800000, 0x0000000719800000, 0x0000000719a00000|  0%| F|  |TAMS 0x0000000719800000, 0x0000000719800000| Untracked 
| 117|0x0000000719a00000, 0x0000000719a00000, 0x0000000719c00000|  0%| F|  |TAMS 0x0000000719a00000, 0x0000000719a00000| Untracked 
| 118|0x0000000719c00000, 0x0000000719c00000, 0x0000000719e00000|  0%| F|  |TAMS 0x0000000719c00000, 0x0000000719c00000| Untracked 
| 119|0x0000000719e00000, 0x0000000719e00000, 0x000000071a000000|  0%| F|  |TAMS 0x0000000719e00000, 0x0000000719e00000| Untracked 
| 120|0x000000071a000000, 0x000000071a000000, 0x000000071a200000|  0%| F|  |TAMS 0x000000071a000000, 0x000000071a000000| Untracked 
| 121|0x000000071a200000, 0x000000071a200000, 0x000000071a400000|  0%| F|  |TAMS 0x000000071a200000, 0x000000071a200000| Untracked 
| 122|0x000000071a400000, 0x000000071a5d94d0, 0x000000071a600000| 92%| E|  |TAMS 0x000000071a400000, 0x000000071a400000| Complete 

Card table byte_map: [0x00000223e8700000,0x00000223e8eb0000] _byte_map_base: 0x00000223e4ea8000

Marking Bits (Prev, Next): (CMBitMap*) 0x00000223d53a1720, (CMBitMap*) 0x00000223d53a1760
 Prev Bits: [0x00000223e9660000, 0x00000223ed3a0000)
 Next Bits: [0x00000223ed3a0000, 0x00000223f10e0000)

Polling page: 0x00000223d32e0000

Metaspace:

Usage:
  Non-class:     15.18 MB used.
      Class:      1.80 MB used.
       Both:     16.97 MB used.

Virtual space:
  Non-class space:       16.00 MB reserved,      15.25 MB ( 95%) committed,  2 nodes.
      Class space:        1.00 GB reserved,       1.88 MB ( <1%) committed,  1 nodes.
             Both:        1.02 GB reserved,      17.12 MB (  2%) committed. 

Chunk freelists:
   Non-Class:  704.00 KB
       Class:  2.11 MB
        Both:  2.80 MB

MaxMetaspaceSize: unlimited
CompressedClassSpaceSize: 1.00 GB
Initial GC threshold: 21.00 MB
Current GC threshold: 21.00 MB
CDS: off
MetaspaceReclaimPolicy: balanced
 - commit_granule_bytes: 65536.
 - commit_granule_words: 8192.
 - virtual_space_node_default_size: 1048576.
 - enlarge_chunks_in_place: 1.
 - new_chunks_are_fully_committed: 0.
 - uncommit_free_chunks: 1.
 - use_allocation_guard: 0.
 - handle_deallocations: 1.


Internal statistics:

num_allocs_failed_limit: 0.
num_arena_births: 110.
num_arena_deaths: 0.
num_vsnodes_births: 3.
num_vsnodes_deaths: 0.
num_space_committed: 274.
num_space_uncommitted: 0.
num_chunks_returned_to_freelist: 0.
num_chunks_taken_from_freelist: 430.
num_chunk_merges: 0.
num_chunk_splits: 239.
num_chunks_enlarged: 172.
num_purges: 0.
num_inconsistent_stats: 0.

CodeHeap 'non-profiled nmethods': size=120000Kb used=556Kb max_used=556Kb free=119443Kb
 bounds [0x00000223e04d0000, 0x00000223e0740000, 0x00000223e7a00000]
CodeHeap 'profiled nmethods': size=120000Kb used=2870Kb max_used=2870Kb free=117129Kb
 bounds [0x00000223d8fa0000, 0x00000223d9270000, 0x00000223e04d0000]
CodeHeap 'non-nmethods': size=5760Kb used=1157Kb max_used=1181Kb free=4602Kb
 bounds [0x00000223d8a00000, 0x00000223d8c70000, 0x00000223d8fa0000]
 total_blobs=1909 nmethods=1460 adapters=362
 compilation: enabled
              stopped_count=0, restarted_count=0
 full_count=0

Compilation events (20 events):
Event: 1.143 Thread 0x00000223f62e3dd0 1439   !   4       java.util.zip.ZipFile$Source::getEntryPos (173 bytes)
Event: 1.146 Thread 0x00000223f482e030 1440   !   4       java.util.zip.ZipFile::getEntry (59 bytes)
Event: 1.154 Thread 0x00000223f62e3dd0 nmethod 1439 0x00000223e0554d90 code [0x00000223e0554f60, 0x00000223e0555978]
Event: 1.154 Thread 0x00000223f62e3dd0 1441       4       java.util.zip.ZipCoder::hash (36 bytes)
Event: 1.157 Thread 0x00000223f62e3dd0 nmethod 1441 0x00000223e0556210 code [0x00000223e05563a0, 0x00000223e0556668]
Event: 1.166 Thread 0x00000223f482e930 1442       3       sun.reflect.generics.parser.SignatureParser::current (59 bytes)
Event: 1.166 Thread 0x00000223f482e930 nmethod 1442 0x00000223d9264c10 code [0x00000223d9264e20, 0x00000223d9265578]
Event: 1.177 Thread 0x00000223f482e930 1445       3       java.lang.ref.Reference::enqueueFromPending (19 bytes)
Event: 1.177 Thread 0x00000223f482e930 nmethod 1445 0x00000223d9265810 code [0x00000223d92659c0, 0x00000223d9265be8]
Event: 1.177 Thread 0x00000223f482e930 1446   !   3       java.lang.ref.ReferenceQueue::enqueue (119 bytes)
Event: 1.177 Thread 0x00000223f482e930 nmethod 1446 0x00000223d9265c90 code [0x00000223d9265e80, 0x00000223d9266588]
Event: 1.177 Thread 0x00000223f482e930 1447       3       java.lang.ref.ReferenceQueue::reallyPoll (65 bytes)
Event: 1.178 Thread 0x00000223f482e930 nmethod 1447 0x00000223d9266790 code [0x00000223d9266960, 0x00000223d9266eb8]
Event: 1.178 Thread 0x00000223f482e930 1448       3       org.springframework.util.ConcurrentReferenceHashMap$Task::hasOption (9 bytes)
Event: 1.178 Thread 0x00000223f482e930 nmethod 1448 0x00000223d9266f90 code [0x00000223d9267140, 0x00000223d92672a8]
Event: 1.181 Thread 0x00000223f482e030 nmethod 1440 0x00000223e0557110 code [0x00000223e0557360, 0x00000223e0558c20]
Event: 1.184 Thread 0x00000223f482e930 1449   !   3       org.springframework.util.ConcurrentReferenceHashMap$Segment::clear (69 bytes)
Event: 1.184 Thread 0x00000223f482e930 nmethod 1449 0x00000223d9267390 code [0x00000223d92675e0, 0x00000223d9268178]
Event: 1.185 Thread 0x00000223f482e930 1450       3       sun.reflect.generics.tree.SimpleClassTypeSignature::make (11 bytes)
Event: 1.185 Thread 0x00000223f482e930 nmethod 1450 0x00000223d9268590 code [0x00000223d9268740, 0x00000223d9268a18]

GC Heap History (4 events):
Event: 0.697 GC heap before
{Heap before GC invocations=0 (full 0):
 garbage-first heap   total 251904K, used 20480K [0x000000070b000000, 0x0000000800000000)
  region size 2048K, 11 young (22528K), 0 survivors (0K)
 Metaspace       used 11871K, committed 11968K, reserved 1064960K
  class space    used 1113K, committed 1152K, reserved 1048576K
}
Event: 0.702 GC heap after
{Heap after GC invocations=1 (full 0):
 garbage-first heap   total 251904K, used 9809K [0x000000070b000000, 0x0000000800000000)
  region size 2048K, 2 young (4096K), 2 survivors (4096K)
 Metaspace       used 11871K, committed 11968K, reserved 1064960K
  class space    used 1113K, committed 1152K, reserved 1048576K
}
Event: 1.169 GC heap before
{Heap before GC invocations=1 (full 0):
 garbage-first heap   total 251904K, used 28241K [0x000000070b000000, 0x0000000800000000)
  region size 2048K, 11 young (22528K), 2 survivors (4096K)
 Metaspace       used 16947K, committed 17152K, reserved 1064960K
  class space    used 1795K, committed 1856K, reserved 1048576K
}
Event: 1.176 GC heap after
{Heap after GC invocations=2 (full 0):
 garbage-first heap   total 251904K, used 11270K [0x000000070b000000, 0x0000000800000000)
  region size 2048K, 1 young (2048K), 1 survivors (2048K)
 Metaspace       used 16947K, committed 17152K, reserved 1064960K
  class space    used 1795K, committed 1856K, reserved 1048576K
}

Deoptimization events (20 events):
Event: 1.071 Thread 0x00000223d5351720 DEOPT PACKING pc=0x00000223e0508d3c sp=0x0000009eb8afce60
Event: 1.071 Thread 0x00000223d5351720 DEOPT UNPACKING pc=0x00000223d8a523a3 sp=0x0000009eb8afcd90 mode 2
Event: 1.071 Thread 0x00000223d5351720 Uncommon trap: trap_request=0xffffff45 fr.pc=0x00000223e05077bc relative=0x000000000000021c
Event: 1.071 Thread 0x00000223d5351720 Uncommon trap: reason=unstable_if action=reinterpret pc=0x00000223e05077bc method=java.util.zip.ZipCoder.hash(Ljava/lang/String;)I @ 23 c2
Event: 1.071 Thread 0x00000223d5351720 DEOPT PACKING pc=0x00000223e05077bc sp=0x0000009eb8afcdf0
Event: 1.071 Thread 0x00000223d5351720 DEOPT UNPACKING pc=0x00000223d8a523a3 sp=0x0000009eb8afcd88 mode 2
Event: 1.071 Thread 0x00000223d5351720 Uncommon trap: trap_request=0xffffff45 fr.pc=0x00000223e052eb0c relative=0x00000000000016ac
Event: 1.071 Thread 0x00000223d5351720 Uncommon trap: reason=unstable_if action=reinterpret pc=0x00000223e052eb0c method=java.io.WinNTFileSystem.normalize(Ljava/lang/String;)Ljava/lang/String; @ 128 c2
Event: 1.071 Thread 0x00000223d5351720 DEOPT PACKING pc=0x00000223e052eb0c sp=0x0000009eb8afcdc0
Event: 1.071 Thread 0x00000223d5351720 DEOPT UNPACKING pc=0x00000223d8a523a3 sp=0x0000009eb8afcd98 mode 2
Event: 1.082 Thread 0x00000223d5351720 DEOPT PACKING pc=0x00000223d90e477d sp=0x0000009eb8af8bf0
Event: 1.082 Thread 0x00000223d5351720 DEOPT UNPACKING pc=0x00000223d8a52b43 sp=0x0000009eb8af8078 mode 0
Event: 1.107 Thread 0x00000223d5351720 Uncommon trap: trap_request=0xffffff45 fr.pc=0x00000223e05307fc relative=0x00000000000002dc
Event: 1.107 Thread 0x00000223d5351720 Uncommon trap: reason=unstable_if action=reinterpret pc=0x00000223e05307fc method=jdk.internal.org.objectweb.asm.SymbolTable.put(Ljdk/internal/org/objectweb/asm/SymbolTable$Entry;)Ljdk/internal/org/objectweb/asm/SymbolTable$Entry; @ 13 c2
Event: 1.107 Thread 0x00000223d5351720 DEOPT PACKING pc=0x00000223e05307fc sp=0x0000009eb8afbca0
Event: 1.107 Thread 0x00000223d5351720 DEOPT UNPACKING pc=0x00000223d8a523a3 sp=0x0000009eb8afbc20 mode 2
Event: 1.165 Thread 0x00000223d5351720 Uncommon trap: trap_request=0xffffff45 fr.pc=0x00000223e0529cb8 relative=0x0000000000000098
Event: 1.165 Thread 0x00000223d5351720 Uncommon trap: reason=unstable_if action=reinterpret pc=0x00000223e0529cb8 method=sun.reflect.generics.parser.SignatureParser.current()C @ 39 c2
Event: 1.165 Thread 0x00000223d5351720 DEOPT PACKING pc=0x00000223e0529cb8 sp=0x0000009eb8afbf00
Event: 1.165 Thread 0x00000223d5351720 DEOPT UNPACKING pc=0x00000223d8a523a3 sp=0x0000009eb8afbe98 mode 2

Classes unloaded (0 events):
No events

Classes redefined (0 events):
No events

Internal exceptions (20 events):
Event: 0.750 Thread 0x00000223d5351720 Exception <a 'java/lang/IncompatibleClassChangeError'{0x000000071a5c6a20}: Found class java.lang.Object, but interface was expected> (0x000000071a5c6a20) 
thrown [e:\jenkins\tmp\workspace\build\src\src\hotspot\share\interpreter\linkResolver.cpp, line 833]
Event: 0.754 Thread 0x00000223d5351720 Exception <a 'java/lang/NoSuchMethodError'{0x000000071a5e29b0}: 'java.lang.Object java.lang.invoke.DirectMethodHandle$Holder.invokeStatic(java.lang.Object, java.lang.Object, int)'> (0x000000071a5e29b0) 
thrown [e:\jenkins\tmp\workspace\build\src\src\hotspot\share\interpreter\linkResolver.cpp, line 766]
Event: 0.764 Thread 0x00000223d5351720 Exception <a 'java/lang/NoSuchMethodError'{0x000000071a2352d0}: 'void java.lang.invoke.DirectMethodHandle$Holder.invokeSpecial(java.lang.Object, java.lang.Object, java.lang.Object, java.lang.Object, java.lang.Object)'> (0x000000071a2352d0) 
thrown [e:\jenkins\tmp\workspace\build\src\src\hotspot\share\interpreter\linkResolver.cpp, line 766]
Event: 0.766 Thread 0x00000223d5351720 Exception <a 'java/lang/NoSuchMethodError'{0x000000071a248cf8}: 'void java.lang.invoke.DirectMethodHandle$Holder.invokeStatic(java.lang.Object, java.lang.Object, java.lang.Object, java.lang.Object)'> (0x000000071a248cf8) 
thrown [e:\jenkins\tmp\workspace\build\src\src\hotspot\share\interpreter\linkResolver.cpp, line 766]
Event: 0.783 Thread 0x00000223d5351720 Exception <a 'java/lang/NoSuchMethodError'{0x000000071a2cfb80}: 'void java.lang.invoke.DirectMethodHandle$Holder.invokeInterface(java.lang.Object, java.lang.Object, java.lang.Object, java.lang.Object)'> (0x000000071a2cfb80) 
thrown [e:\jenkins\tmp\workspace\build\src\src\hotspot\share\interpreter\linkResolver.cpp, line 766]
Event: 0.783 Thread 0x00000223d5351720 Exception <a 'java/lang/IncompatibleClassChangeError'{0x000000071a2d3008}: Found class java.lang.Object, but interface was expected> (0x000000071a2d3008) 
thrown [e:\jenkins\tmp\workspace\build\src\src\hotspot\share\interpreter\linkResolver.cpp, line 833]
Event: 0.793 Thread 0x00000223d5351720 Exception <a 'java/lang/NoSuchMethodError'{0x000000071a339858}: 'int java.lang.invoke.DirectMethodHandle$Holder.invokeStatic(java.lang.Object, java.lang.Object, java.lang.Object, java.lang.Object)'> (0x000000071a339858) 
thrown [e:\jenkins\tmp\workspace\build\src\src\hotspot\share\interpreter\linkResolver.cpp, line 766]
Event: 0.793 Thread 0x00000223d5351720 Exception <a 'java/lang/NoSuchMethodError'{0x000000071a33d1d8}: 'java.lang.Object java.lang.invoke.Invokers$Holder.invokeExact_MT(java.lang.Object, java.lang.Object, java.lang.Object, java.lang.Object, java.lang.Object, java.lang.Object)'> (0x000000071a33d1d8) 
thrown [e:\jenkins\tmp\workspace\build\src\src\hotspot\share\interpreter\linkResolver.cpp, line 766]
Event: 0.794 Thread 0x00000223d5351720 Exception <a 'java/lang/NoSuchMethodError'{0x000000071a34cd98}: 'int java.lang.invoke.DirectMethodHandle$Holder.invokeStatic(java.lang.Object, java.lang.Object, java.lang.Object, java.lang.Object, java.lang.Object)'> (0x000000071a34cd98) 
thrown [e:\jenkins\tmp\workspace\build\src\src\hotspot\share\interpreter\linkResolver.cpp, line 766]
Event: 0.802 Thread 0x00000223d5351720 Exception <a 'java/lang/NoSuchMethodError'{0x000000071a3971a0}: 'void java.lang.invoke.DirectMethodHandle$Holder.invokeStaticInit(java.lang.Object)'> (0x000000071a3971a0) 
thrown [e:\jenkins\tmp\workspace\build\src\src\hotspot\share\interpreter\linkResolver.cpp, line 766]
Event: 0.825 Thread 0x00000223d5351720 Exception <a 'java/lang/NoSuchMethodError'{0x000000071a087380}: 'int java.lang.invoke.DirectMethodHandle$Holder.invokeStaticInit(java.lang.Object, java.lang.Object)'> (0x000000071a087380) 
thrown [e:\jenkins\tmp\workspace\build\src\src\hotspot\share\interpreter\linkResolver.cpp, line 766]
Event: 0.901 Thread 0x00000223d5351720 Exception <a 'java/lang/ClassNotFoundException'{0x0000000719f17bf0}: javax/smartcardio/CardPermission> (0x0000000719f17bf0) 
thrown [e:\jenkins\tmp\workspace\build\src\src\hotspot\share\classfile\systemDictionary.cpp, line 256]
Event: 0.904 Thread 0x00000223d5351720 Exception <a 'java/io/FileNotFoundException'{0x0000000719f26870}> (0x0000000719f26870) 
thrown [e:\jenkins\tmp\workspace\build\src\src\hotspot\share\prims\jni.cpp, line 516]
Event: 0.926 Thread 0x00000223d5351720 Exception <a 'java/lang/NoSuchMethodError'{0x0000000719c1aa18}: 'org.slf4j.impl.StaticMDCBinder org.slf4j.impl.StaticMDCBinder.getSingleton()'> (0x0000000719c1aa18) 
thrown [e:\jenkins\tmp\workspace\build\src\src\hotspot\share\interpreter\linkResolver.cpp, line 766]
Event: 0.935 Thread 0x00000223d5351720 Exception <a 'java/lang/IncompatibleClassChangeError'{0x0000000719c87130}: Found class java.lang.Object, but interface was expected> (0x0000000719c87130) 
thrown [e:\jenkins\tmp\workspace\build\src\src\hotspot\share\interpreter\linkResolver.cpp, line 833]
Event: 0.944 Thread 0x00000223d5351720 Exception <a 'java/lang/NoSuchMethodError'{0x0000000719d1db38}: 'int java.lang.invoke.DirectMethodHandle$Holder.invokeStaticInit(java.lang.Object, java.lang.Object, java.lang.Object)'> (0x0000000719d1db38) 
thrown [e:\jenkins\tmp\workspace\build\src\src\hotspot\share\interpreter\linkResolver.cpp, line 766]
Event: 0.958 Thread 0x00000223d5351720 Implicit null exception at 0x00000223e0531b5e to 0x00000223e0532410
Event: 0.963 Thread 0x00000223d5351720 Exception <a 'java/lang/NoSuchMethodError'{0x0000000719a1d858}: 'int java.lang.invoke.DirectMethodHandle$Holder.invokeInterface(java.lang.Object, java.lang.Object)'> (0x0000000719a1d858) 
thrown [e:\jenkins\tmp\workspace\build\src\src\hotspot\share\interpreter\linkResolver.cpp, line 766]
Event: 1.070 Thread 0x00000223d5351720 Exception <a 'java/lang/NoSuchMethodError'{0x00000007196242c0}: 'java.lang.Object java.lang.invoke.DirectMethodHandle$Holder.invokeVirtual(java.lang.Object, java.lang.Object, java.lang.Object)'> (0x00000007196242c0) 
thrown [e:\jenkins\tmp\workspace\build\src\src\hotspot\share\interpreter\linkResolver.cpp, line 766]
Event: 1.137 Thread 0x00000223d5351720 Exception <a 'java/lang/NoSuchMethodError'{0x0000000719492980}: 'void java.lang.invoke.DirectMethodHandle$Holder.invokeVirtual(java.lang.Object, java.lang.Object, java.lang.Object, java.lang.Object)'> (0x0000000719492980) 
thrown [e:\jenkins\tmp\workspace\build\src\src\hotspot\share\interpreter\linkResolver.cpp, line 766]

VM Operations (18 events):
Event: 0.093 Executing VM operation: HandshakeAllThreads
Event: 0.093 Executing VM operation: HandshakeAllThreads done
Event: 0.252 Executing VM operation: HandshakeAllThreads
Event: 0.252 Executing VM operation: HandshakeAllThreads done
Event: 0.503 Executing VM operation: HandshakeAllThreads
Event: 0.503 Executing VM operation: HandshakeAllThreads done
Event: 0.536 Executing VM operation: HandshakeAllThreads
Event: 0.536 Executing VM operation: HandshakeAllThreads done
Event: 0.697 Executing VM operation: G1CollectForAllocation
Event: 0.702 Executing VM operation: G1CollectForAllocation done
Event: 0.836 Executing VM operation: HandshakeAllThreads
Event: 0.836 Executing VM operation: HandshakeAllThreads done
Event: 0.934 Executing VM operation: HandshakeAllThreads
Event: 0.934 Executing VM operation: HandshakeAllThreads done
Event: 0.966 Executing VM operation: HandshakeAllThreads
Event: 0.966 Executing VM operation: HandshakeAllThreads done
Event: 1.168 Executing VM operation: G1CollectForAllocation
Event: 1.177 Executing VM operation: G1CollectForAllocation done

Events (20 events):
Event: 1.166 loading class sun/reflect/generics/reflectiveObjects/ParameterizedTypeImpl
Event: 1.166 loading class java/lang/reflect/ParameterizedType
Event: 1.166 loading class java/lang/reflect/ParameterizedType done
Event: 1.166 loading class sun/reflect/generics/reflectiveObjects/ParameterizedTypeImpl done
Event: 1.166 loading class java/lang/reflect/TypeVariable
Event: 1.166 loading class java/lang/reflect/TypeVariable done
Event: 1.166 loading class sun/reflect/generics/reflectiveObjects/TypeVariableImpl
Event: 1.166 loading class sun/reflect/generics/reflectiveObjects/LazyReflectiveObjectGenerator
Event: 1.166 loading class sun/reflect/generics/reflectiveObjects/LazyReflectiveObjectGenerator done
Event: 1.166 loading class sun/reflect/generics/reflectiveObjects/TypeVariableImpl done
Event: 1.183 loading class sun/reflect/generics/tree/BottomSignature
Event: 1.183 loading class sun/reflect/generics/tree/BottomSignature done
Event: 1.183 loading class sun/reflect/generics/tree/Wildcard
Event: 1.183 loading class sun/reflect/generics/tree/Wildcard done
Event: 1.183 loading class sun/reflect/generics/reflectiveObjects/WildcardTypeImpl
Event: 1.183 loading class java/lang/reflect/WildcardType
Event: 1.183 loading class java/lang/reflect/WildcardType done
Event: 1.183 loading class sun/reflect/generics/reflectiveObjects/WildcardTypeImpl done
Event: 1.183 loading class sun/reflect/generics/tree/TypeVariableSignature
Event: 1.183 loading class sun/reflect/generics/tree/TypeVariableSignature done


Dynamic libraries:
0x00007ff6dba00000 - 0x00007ff6dba0e000 	C:\Users\LPT128\.p2\pool\plugins\org.eclipse.justj.openjdk.hotspot.jre.full.win32.x86_64_17.0.2.v20220201-1208\jre\bin\java.exe
0x00007ffe7dd30000 - 0x00007ffe7df44000 	C:\WINDOWS\SYSTEM32\ntdll.dll
0x00007ffe7d140000 - 0x00007ffe7d203000 	C:\WINDOWS\System32\KERNEL32.DLL
0x00007ffe7b7a0000 - 0x00007ffe7bb3c000 	C:\WINDOWS\System32\KERNELBASE.dll
0x00007ffe7b4a0000 - 0x00007ffe7b5b1000 	C:\WINDOWS\System32\ucrtbase.dll
0x00007ffe71b30000 - 0x00007ffe71b49000 	C:\Users\LPT128\.p2\pool\plugins\org.eclipse.justj.openjdk.hotspot.jre.full.win32.x86_64_17.0.2.v20220201-1208\jre\bin\VCRUNTIME140.dll
0x00007ffe74070000 - 0x00007ffe74088000 	C:\Users\LPT128\.p2\pool\plugins\org.eclipse.justj.openjdk.hotspot.jre.full.win32.x86_64_17.0.2.v20220201-1208\jre\bin\jli.dll
0x00007ffe7cd90000 - 0x00007ffe7cf3d000 	C:\WINDOWS\System32\USER32.dll
0x00007ffe7a350000 - 0x00007ffe7a5de000 	C:\WINDOWS\WinSxS\amd64_microsoft.windows.common-controls_6595b64144ccf1df_6.0.22621.608_none_a9444ca7c10bb01d\COMCTL32.dll
0x00007ffe7b770000 - 0x00007ffe7b796000 	C:\WINDOWS\System32\win32u.dll
0x00007ffe7da20000 - 0x00007ffe7da49000 	C:\WINDOWS\System32\GDI32.dll
0x00007ffe7c590000 - 0x00007ffe7c637000 	C:\WINDOWS\System32\msvcrt.dll
0x00007ffe7b170000 - 0x00007ffe7b283000 	C:\WINDOWS\System32\gdi32full.dll
0x00007ffe7b290000 - 0x00007ffe7b32a000 	C:\WINDOWS\System32\msvcp_win.dll
0x00007ffe7bd60000 - 0x00007ffe7bd91000 	C:\WINDOWS\System32\IMM32.DLL
0x00007ffe71d30000 - 0x00007ffe71d3c000 	C:\Users\LPT128\.p2\pool\plugins\org.eclipse.justj.openjdk.hotspot.jre.full.win32.x86_64_17.0.2.v20220201-1208\jre\bin\vcruntime140_1.dll
0x00007ffe37140000 - 0x00007ffe371d1000 	C:\Users\LPT128\.p2\pool\plugins\org.eclipse.justj.openjdk.hotspot.jre.full.win32.x86_64_17.0.2.v20220201-1208\jre\bin\msvcp140.dll
0x00007ffe30bc0000 - 0x00007ffe31807000 	C:\Users\LPT128\.p2\pool\plugins\org.eclipse.justj.openjdk.hotspot.jre.full.win32.x86_64_17.0.2.v20220201-1208\jre\bin\server\jvm.dll
0x00007ffe7cc90000 - 0x00007ffe7cd3e000 	C:\WINDOWS\System32\ADVAPI32.dll
0x00007ffe7dbc0000 - 0x00007ffe7dc64000 	C:\WINDOWS\System32\sechost.dll
0x00007ffe7c9c0000 - 0x00007ffe7cad5000 	C:\WINDOWS\System32\RPCRT4.dll
0x00007ffe7c9b0000 - 0x00007ffe7c9b8000 	C:\WINDOWS\System32\PSAPI.DLL
0x00007ffe54400000 - 0x00007ffe54409000 	C:\WINDOWS\SYSTEM32\WSOCK32.dll
0x00007ffe72b60000 - 0x00007ffe72b94000 	C:\WINDOWS\SYSTEM32\WINMM.dll
0x00007ffe7d0c0000 - 0x00007ffe7d131000 	C:\WINDOWS\System32\WS2_32.dll
0x00007ffe72770000 - 0x00007ffe7277a000 	C:\WINDOWS\SYSTEM32\VERSION.dll
0x00007ffe79ad0000 - 0x00007ffe79ae8000 	C:\WINDOWS\SYSTEM32\kernel.appcore.dll
0x00007ffe7a9d0000 - 0x00007ffe7a9da000 	C:\Users\LPT128\.p2\pool\plugins\org.eclipse.justj.openjdk.hotspot.jre.full.win32.x86_64_17.0.2.v20220201-1208\jre\bin\jimage.dll
0x00007ffe7aa70000 - 0x00007ffe7ac9e000 	C:\WINDOWS\SYSTEM32\DBGHELP.DLL
0x00007ffe7d690000 - 0x00007ffe7da19000 	C:\WINDOWS\System32\combase.dll
0x00007ffe7da80000 - 0x00007ffe7db57000 	C:\WINDOWS\System32\OLEAUT32.dll
0x00007ffe7a930000 - 0x00007ffe7a962000 	C:\WINDOWS\SYSTEM32\dbgcore.DLL
0x00007ffe7b5c0000 - 0x00007ffe7b63b000 	C:\WINDOWS\System32\bcryptPrimitives.dll
0x00007ffe73e30000 - 0x00007ffe73e55000 	C:\Users\LPT128\.p2\pool\plugins\org.eclipse.justj.openjdk.hotspot.jre.full.win32.x86_64_17.0.2.v20220201-1208\jre\bin\java.dll
0x00007ffe73e10000 - 0x00007ffe73e28000 	C:\Users\LPT128\.p2\pool\plugins\org.eclipse.justj.openjdk.hotspot.jre.full.win32.x86_64_17.0.2.v20220201-1208\jre\bin\zip.dll
0x00007ffe7bda0000 - 0x00007ffe7c590000 	C:\WINDOWS\System32\SHELL32.dll
0x00007ffe78730000 - 0x00007ffe78ffe000 	C:\WINDOWS\SYSTEM32\windows.storage.dll
0x00007ffe785d0000 - 0x00007ffe7870e000 	C:\WINDOWS\SYSTEM32\wintypes.dll
0x00007ffe7c8a0000 - 0x00007ffe7c991000 	C:\WINDOWS\System32\SHCORE.dll
0x00007ffe7db60000 - 0x00007ffe7dbbe000 	C:\WINDOWS\System32\shlwapi.dll
0x00007ffe7b0a0000 - 0x00007ffe7b0c1000 	C:\WINDOWS\SYSTEM32\profapi.dll
0x00007ffe72d00000 - 0x00007ffe72d19000 	C:\Users\LPT128\.p2\pool\plugins\org.eclipse.justj.openjdk.hotspot.jre.full.win32.x86_64_17.0.2.v20220201-1208\jre\bin\net.dll
0x00007ffe73600000 - 0x00007ffe7372f000 	C:\WINDOWS\SYSTEM32\WINHTTP.dll
0x00007ffe79f20000 - 0x00007ffe79f89000 	C:\WINDOWS\system32\mswsock.dll
0x00007ffe71da0000 - 0x00007ffe71db5000 	C:\Users\LPT128\.p2\pool\plugins\org.eclipse.justj.openjdk.hotspot.jre.full.win32.x86_64_17.0.2.v20220201-1208\jre\bin\nio.dll
0x00007ffe71b20000 - 0x00007ffe71b29000 	C:\Users\LPT128\.p2\pool\plugins\org.eclipse.justj.openjdk.hotspot.jre.full.win32.x86_64_17.0.2.v20220201-1208\jre\bin\management.dll
0x00007ffe6bef0000 - 0x00007ffe6befb000 	C:\Users\LPT128\.p2\pool\plugins\org.eclipse.justj.openjdk.hotspot.jre.full.win32.x86_64_17.0.2.v20220201-1208\jre\bin\management_ext.dll
0x00007ffe73f80000 - 0x00007ffe73f90000 	C:\Users\LPT128\.p2\pool\plugins\org.eclipse.justj.openjdk.hotspot.jre.full.win32.x86_64_17.0.2.v20220201-1208\jre\bin\verify.dll

dbghelp: loaded successfully - version: 4.0.5 - missing functions: none
symbol engine: initialized successfully - sym options: 0x614 - pdb path: .;C:\Users\LPT128\.p2\pool\plugins\org.eclipse.justj.openjdk.hotspot.jre.full.win32.x86_64_17.0.2.v20220201-1208\jre\bin;C:\WINDOWS\SYSTEM32;C:\WINDOWS\WinSxS\amd64_microsoft.windows.common-controls_6595b64144ccf1df_6.0.22621.608_none_a9444ca7c10bb01d;C:\Users\LPT128\.p2\pool\plugins\org.eclipse.justj.openjdk.hotspot.jre.full.win32.x86_64_17.0.2.v20220201-1208\jre\bin\server

VM Arguments:
java_command: C:\Users\LPT128\AppData\Local\Temp\surefire11928765834496362511\surefirebooter17757479472946789062.jar C:\Users\LPT128\AppData\Local\Temp\surefire11928765834496362511 2023-03-29T18-51-21_758-jvmRun1 surefire2418906354115935996tmp surefire_016535805624396916896tmp
java_class_path (initial): C:\Users\LPT128\AppData\Local\Temp\surefire11928765834496362511\surefirebooter17757479472946789062.jar
Launcher Type: SUN_STANDARD

[Global flags]
     intx CICompilerCount                          = 4                                         {product} {ergonomic}
     uint ConcGCThreads                            = 3                                         {product} {ergonomic}
     uint G1ConcRefinementThreads                  = 10                                        {product} {ergonomic}
   size_t G1HeapRegionSize                         = 2097152                                   {product} {ergonomic}
    uintx GCDrainStackTargetSize                   = 64                                        {product} {ergonomic}
   size_t InitialHeapSize                          = 257949696                                 {product} {ergonomic}
   size_t MarkStackSize                            = 4194304                                   {product} {ergonomic}
   size_t MaxHeapSize                              = 4110417920                                {product} {ergonomic}
   size_t MaxNewSize                               = 2466250752                                {product} {ergonomic}
   size_t MinHeapDeltaBytes                        = 2097152                                   {product} {ergonomic}
   size_t MinHeapSize                              = 8388608                                   {product} {ergonomic}
    uintx NonNMethodCodeHeapSize                   = 5839372                                {pd product} {ergonomic}
    uintx NonProfiledCodeHeapSize                  = 122909434                              {pd product} {ergonomic}
    uintx ProfiledCodeHeapSize                     = 122909434                              {pd product} {ergonomic}
    uintx ReservedCodeCacheSize                    = 251658240                              {pd product} {ergonomic}
     bool SegmentedCodeCache                       = true                                      {product} {ergonomic}
   size_t SoftMaxHeapSize                          = 4110417920                             {manageable} {ergonomic}
     bool UseCompressedClassPointers               = true                           {product lp64_product} {ergonomic}
     bool UseCompressedOops                        = true                           {product lp64_product} {ergonomic}
     bool UseG1GC                                  = true                                      {product} {ergonomic}
     bool UseLargePagesIndividualAllocation        = false                                  {pd product} {ergonomic}

Logging:
Log output configuration:
 #0: stdout all=warning uptime,level,tags
 #1: stderr all=off uptime,level,tags

Environment Variables:
JAVA_HOME=C:\Program Files\Java\jdk-11
PATH=C:\Users\LPT128\.p2\pool\plugins\org.eclipse.justj.openjdk.hotspot.jre.full.win32.x86_64_17.0.2.v20220201-1208\jre\bin;C:/Users/LPT128/.p2/pool/plugins/org.eclipse.justj.openjdk.hotspot.jre.full.win32.x86_64_17.0.2.v20220201-1208/jre/bin/server;C:/Users/LPT128/.p2/pool/plugins/org.eclipse.justj.openjdk.hotspot.jre.full.win32.x86_64_17.0.2.v20220201-1208/jre/bin;C:\Program Files\Common Files\Oracle\Java\javapath;C:\Users\LPT128\Downloads\WINDOWS.X64_193000_db_home\bin;C:\Program Files\Microsoft MPI\Bin\;C:\Program Files (x86)\Common Files\Oracle\Java\javapath;C:\WINDOWS\system32;C:\WINDOWS;C:\WINDOWS\System32\Wbem;C:\WINDOWS\System32\WindowsPowerShell\v1.0\;C:\WINDOWS\System32\OpenSSH\;C:\Program Files\TortoiseSVN\bin;C:\Program Files\WireGuard\;C:\Program Files\dotnet\;C:\Program Files (x86)\dotnet\;C:\Program Files\Git\cmd;C:\Program Files (x86)\Microsoft SQL Server\150\Tools\Binn\;C:\Program Files\Microsoft SQL Server\150\Tools\Binn\;C:\Program Files (x86)\Microsoft SQL Server\150\DTS\Binn\;C:\Program Files\Microsoft SQL Server\150\DTS\Binn\;C:\Program Files\Microsoft SQL Server\Client SDK\ODBC\170\Tools\Binn\;C:\Program Files\Azure Data Studio\bin;C:\Program Files\Microsoft SQL Server\130\Tools\Binn\;C:\Program Files\Microsoft SQL Server\120\Tools\Binn\;C:\Program Files\Microsoft SQL Server\Client SDK\ODBC\110\Tools\Binn\;C:\Program Files (x86)\Microsoft SQL Server\120\Tools\Binn\;C:\Program Files\Microsoft SQL Server\120\DTS\Binn\;C:\Program Files (x86)\Microsoft SQL Server\120\Tools\Binn\ManagementStudio\;C:\Program Files (x86)\Microsoft SQL Server\120\DTS\Binn\;C:\Program Files\nodejs\;D:\instantclient_21_6\instantclient_21_6;D:\instantclient_21_6\instantclient_21_6;D:\instantclient_21_6\instantclient_21_6;C:\Program Files\Meld\;C:\Users\LPT128\Downloads\apache-maven-3.6.0\apache-maven-3.6.0\bin;C:\Program Files\Docker\Docker\resources\bin;C:\Program Files\Java\jdk-11\bin;C:\Users\LPT128\AppData\Local\Programs\Python\Python310\Scripts\;C:\Users\LPT128\AppDat
USERNAME=LPT128
OS=Windows_NT
PROCESSOR_IDENTIFIER=AMD64 Family 23 Model 104 Stepping 1, AuthenticAMD



---------------  S Y S T E M  ---------------

OS:
 Windows 11 , 64 bit Build 22621 (10.0.22621.1344)
OS uptime: 0 days 8:02 hours
Hyper-V role detected

CPU: total 12 (initial active 12) (12 cores per cpu, 2 threads per core) family 23 model 104 stepping 1 microcode 0x0, cx8, cmov, fxsr, ht, mmx, 3dnowpref, sse, sse2, sse3, ssse3, sse4a, sse4.1, sse4.2, popcnt, lzcnt, tsc, tscinvbit, avx, avx2, aes, clmul, bmi1, bmi2, adx, sha, fma, vzeroupper, clflush, clflushopt, hv

Memory: 4k page, system-wide physical 15679M (2250M free)
TotalPageFile size 31434M (AvailPageFile size 5M)
current process WorkingSet (physical memory assigned to process): 110M, peak: 111M
current process commit charge ("private bytes"): 371M, peak: 372M

vm_info: OpenJDK 64-Bit Server VM (17.0.2+8) for windows-amd64 JRE (17.0.2+8), built on Jan 20 2022 04:52:34 by "" with MS VC++ 16.7 (VS2019)

END.
